CMake Deprecation Warning at CMakeLists.txt:1 (cmake_minimum_required):
  Compatibility with CMake < 2.8.12 will be removed from a future version of
  CMake.

  Update the VERSION argument <min> value or use a ...<max> suffix to tell
  CMake that the project does not need compatibility with older versions.


-- The C compiler identification is GNU 11.4.0
-- The CXX compiler identification is GNU 11.4.0
-- Detecting C compiler ABI info
-- Detecting C compiler ABI info - done
-- Check for working C compiler: /usr/bin/cc - skipped
-- Detecting C compile features
-- Detecting C compile features - done
-- Detecting CXX compiler ABI info
-- Detecting CXX compiler ABI info - done
-- Check for working CXX compiler: /usr/bin/c++ - skipped
-- Detecting CXX compile features
-- Detecting CXX compile features - done
-- Install path: /home/loong/AGV_sim/src/install/gazebo_models/models
-- Configuring done
-- Generating done
-- Build files have been written to: /home/loong/AGV_sim/src/build/gazebo_models
tar: 从成员名中删除开头的“../”
tar: ../apollo15_landing_site_1000x1000：无法 stat: 没有那个文件或目录
tar: 从成员名中删除开头的“../”
tar: ../asus_xtion_pro_camera：无法 stat: 没有那个文件或目录
tar: 从成员名中删除开头的“../”
tar: ../arm_part：无法 stat: 没有那个文件或目录
tar: 从成员名中删除开头的“../”
tar: ../arrow_red：无法 stat: 没有那个文件或目录
tar: 从成员名中删除开头的“../”
tar: ../asphalt_plane：无法 stattar: : 没有那个文件或目录从成员名中删除开头的“../”

tar: ../ball_bearing：无法 stat: 没有那个文件或目录
tar: 从成员名中删除开头的“../”
tar: ../beer：无法 stat: 没有那个文件或目录
tar: 从成员名中删除开头的“../”tar: 
从成员名中删除开头的“../”
tar: ../bowl：无法 stattar: ../box_target_green：无法 stat: 没有那个文件或目录
: 没有那个文件或目录
tar: 由于前次错误，将以上次的错误状态退出
tar: 由于前次错误，将以上次的错误状态退出
tar: 从成员名中删除开头的“../”
tar: ../bookshelf：无法 stat: 没有那个文件或目录
tar: 由于前次错误，将以上次的错误状态退出
gmake[2]: *** [CMakeFiles/asus_xtion_pro_camera.dir/build.make:71：CMakeFiles/asus_xtion_pro_camera] 错误 2
gmake[2]: *** [CMakeFiles/apollo15_landing_site_1000x1000.dir/build.make:71：CMakeFiles/apollo15_landing_site_1000x1000] 错误 2
gmake[2]: *** [CMakeFiles/arm_part.dir/build.make:71：CMakeFiles/arm_part] 错误 2
tar: 从成员名中删除开头的“../”tar: 
从成员名中删除开头的“../”
tar: tar: 由于前次错误，将以上次的错误状态退出../breakable_test：无法 stat
tar: ../box_target_red：无法 stat: 没有那个文件或目录
: 没有那个文件或目录
gmake[2]: *** [CMakeFiles/arrow_red.dir/build.make:71：CMakeFiles/arrow_red] 错误 2
tar: 由于前次错误，将以上次的错误状态退出
gmake[2]: *** [CMakeFiles/asphalt_plane.dir/build.make:71：CMakeFiles/asphalt_plane] 错误 2
tar: 由于前次错误，将以上次的错误状态退出
tar: 由于前次错误，将以上次的错误状态退出
tar: 由于前次错误，将以上次的错误状态退出
tar: 由于前次错误，将以上次的错误状态退出
gmake[2]: *** [CMakeFiles/beer.dir/build.make:71：CMakeFiles/beer] 错误 2
gmake[2]: *** [CMakeFiles/ball_bearing.dir/build.make:71：CMakeFiles/ball_bearing] 错误 2
tar: 由于前次错误，将以上次的错误状态退出
gmake[2]: *** [CMakeFiles/box_target_green.dir/build.make:71：CMakeFiles/box_target_green] 错误 2
gmake[2]: *** [CMakeFiles/bowl.dir/build.make:71：CMakeFiles/bowl] 错误 2
tar: 从成员名中删除开头的“../”
tar: ../cafe：无法 stat: 没有那个文件或目录
tar: 从成员名中删除开头的“../”
tar: 从成员名中删除开头的“../”
tar: ../brick_box_3x1x3：无法 stattar: ../cabinet：无法 stattar: 由于前次错误，将以上次的错误状态退出
: 没有那个文件或目录
: 没有那个文件或目录
gmake[2]: *** [CMakeFiles/bookshelf.dir/build.make:71：CMakeFiles/bookshelf] 错误 2
tar: 从成员名中删除开头的“../”
gmake[2]: *** [CMakeFiles/breakable_test.dir/build.make:71：CMakeFiles/breakable_test] 错误 2
tar: ../cafe_table：无法 stattar: 由于前次错误，将以上次的错误状态退出
: 没有那个文件或目录
gmake[2]: *** [CMakeFiles/box_target_red.dir/build.make:71：CMakeFiles/box_target_red] 错误 2
gmake[1]: *** [CMakeFiles/Makefile2:535：CMakeFiles/apollo15_landing_site_1000x1000.dir/all] 错误 2
gmake[1]: *** 正在等待未完成的任务....
gmake[1]: *** [CMakeFiles/Makefile2:613：CMakeFiles/asus_xtion_pro_camera.dir/all] 错误 2
gmake[1]: *** [CMakeFiles/Makefile2:561：CMakeFiles/arm_part.dir/all] 错误 2
gmake[1]: *** [CMakeFiles/Makefile2:587：CMakeFiles/arrow_red.dir/all] 错误 2
gmake[1]: *** [CMakeFiles/Makefile2:639：CMakeFiles/asphalt_plane.dir/all] 错误 2
gmake[1]: *** [CMakeFiles/Makefile2:665：CMakeFiles/ball_bearing.dir/all] 错误 2
gmake[1]: *** [CMakeFiles/Makefile2:691：CMakeFiles/beer.dir/all] 错误 2
gmake[1]: *** [CMakeFiles/Makefile2:717：CMakeFiles/bookshelf.dir/all] 错误 2
gmake[1]: *** [CMakeFiles/Makefile2:743：CMakeFiles/bowl.dir/all] 错误 2
gmake[1]: *** [CMakeFiles/Makefile2:769：CMakeFiles/box_target_green.dir/all] 错误 2
gmake[1]: *** [CMakeFiles/Makefile2:795：CMakeFiles/box_target_red.dir/all] 错误 2
tar: 从成员名中删除开头的“../”
gmake[1]: *** [CMakeFiles/Makefile2:821：CMakeFiles/breakable_test.dir/all] 错误 2
tar: ../calibration_plane：无法 stat: 没有那个文件或目录
tar: 从成员名中删除开头的“../”
tar: ../camera：无法 stat: 没有那个文件或目录
tar: 由于前次错误，将以上次的错误状态退出
tar: 从成员名中删除开头的“../”
tar: ../cardboard_box：无法 stat: 没有那个文件或目录
tar: 从成员名中删除开头的“../”
tar: ../cart_front_steer：无法 stattar: 由于前次错误，将以上次的错误状态退出
: 没有那个文件或目录
gmake[2]: *** [CMakeFiles/cafe.dir/build.make:71：CMakeFiles/cafe] 错误 2
tar: 从成员名中删除开头的“../”
tar: 从成员名中删除开头的“../”
tar: ../car_wheel：无法 stattar: ../cart_soft_suspension：无法 stat: 没有那个文件或目录
: 没有那个文件或目录
tar: 由于前次错误，将以上次的错误状态退出
gmake[2]: *** [CMakeFiles/cafe_table.dir/build.make:71：CMakeFiles/cafe_table] 错误 2
gmake[1]: *** [CMakeFiles/Makefile2:899：CMakeFiles/cafe.dir/all] 错误 2
tar: 由于前次错误，将以上次的错误状态退出
gmake[2]: *** [CMakeFiles/cabinet.dir/build.make:71：CMakeFiles/cabinet] 错误 2
gmake[1]: *** [CMakeFiles/Makefile2:925：CMakeFiles/cafe_table.dir/all] 错误 2
tar: 从成员名中删除开头的“../”
tar: ../cart_rigid_suspension：无法 stat: 没有那个文件或目录
gmake[1]: *** [CMakeFiles/Makefile2:873：CMakeFiles/cabinet.dir/all] 错误 2
tar: 由于前次错误，将以上次的错误状态退出
gmake[2]: *** [CMakeFiles/brick_box_3x1x3.dir/build.make:71：CMakeFiles/brick_box_3x1x3] 错误 2
gmake[2]: *** [CMakeFiles/calibration_plane.dir/build.make:71：CMakeFiles/calibration_plane] 错误 2
gmake[1]: *** [CMakeFiles/Makefile2:847：CMakeFiles/brick_box_3x1x3.dir/all] 错误 2
tar: 从成员名中删除开头的“../”
gmake[1]: *** [CMakeFiles/Makefile2:951：CMakeFiles/calibration_plane.dir/all] 错误 2
tar: ../cessna：无法 stat: 没有那个文件或目录
tar: 由于前次错误，将以上次的错误状态退出
tar: 从成员名中删除开头的“../”
tar: 从成员名中删除开头的“../”
tar: ../cinder_block_2：无法 stattar: 由于前次错误，将以上次的错误状态退出
tar: ../checkerboard_plane：无法 stat: 没有那个文件或目录
: 没有那个文件或目录
tar: 由于前次错误，将以上次的错误状态退出
tar: 由于前次错误，将以上次的错误状态退出
gmake[2]: *** [CMakeFiles/camera.dir/build.make:71：CMakeFiles/camera] 错误 2
gmake[2]: *** [CMakeFiles/cardboard_box.dir/build.make:71：CMakeFiles/cardboard_box] 错误 2
tar: 由于前次错误，将以上次的错误状态退出
gmake[2]: *** [CMakeFiles/cart_front_steer.dir/build.make:71：CMakeFiles/cart_front_steer] 错误 2
gmake[1]: *** [CMakeFiles/Makefile2:977：CMakeFiles/camera.dir/all] 错误 2
tar: 从成员名中删除开头的“../”
tar: ../cinder_block_wide：无法 statgmake[1]: *** [CMakeFiles/Makefile2:1029：CMakeFiles/cardboard_box.dir/all] 错误 2
: 没有那个文件或目录
tar: gmake[2]: *** [CMakeFiles/cart_rigid_suspension.dir/build.make:71：CMakeFiles/cart_rigid_suspension] 错误 2
由于前次错误，将以上次的错误状态退出
tar: 从成员名中删除开头的“../”gmake[1]: *** [CMakeFiles/Makefile2:1055：CMakeFiles/cart_front_steer.dir/all] 错误 2

tar: ../cinder_block：无法 stat: 没有那个文件或目录
gmake[1]: *** [CMakeFiles/Makefile2:1081：CMakeFiles/cart_rigid_suspension.dir/all] 错误 2
gmake[2]: *** [CMakeFiles/car_wheel.dir/build.make:71：CMakeFiles/car_wheel] 错误 2
gmake[2]: *** [CMakeFiles/cart_soft_suspension.dir/build.make:71：CMakeFiles/cart_soft_suspension] 错误 2
gmake[1]: *** [CMakeFiles/Makefile2:1003：CMakeFiles/car_wheel.dir/all] 错误 2
gmake[1]: *** [CMakeFiles/Makefile2:1107：CMakeFiles/cart_soft_suspension.dir/all] 错误 2
tar: 由于前次错误，将以上次的错误状态退出
gmake[2]: *** [CMakeFiles/cessna.dir/build.make:71：CMakeFiles/cessna] 错误 2
tar: 由于前次错误，将以上次的错误状态退出
gmake[1]: *** [CMakeFiles/Makefile2:1133：CMakeFiles/cessna.dir/all] 错误 2
gmake[2]: *** [CMakeFiles/checkerboard_plane.dir/build.make:71：CMakeFiles/checkerboard_plane] 错误 2
tar: 由于前次错误，将以上次的错误状态退出
gmake[1]: *** [CMakeFiles/Makefile2:1159：CMakeFiles/checkerboard_plane.dir/all] 错误 2
tar: 由于前次错误，将以上次的错误状态退出
gmake[2]: *** [CMakeFiles/cinder_block_2.dir/build.make:71：CMakeFiles/cinder_block_2] 错误 2
tar: 由于前次错误，将以上次的错误状态退出
gmake[1]: *** [CMakeFiles/Makefile2:1211：CMakeFiles/cinder_block_2.dir/all] 错误 2
tar: 从成员名中删除开头的“../”
tar: ../cloverleaf_interchange：无法 stat: 没有那个文件或目录
gmake[2]: *** [CMakeFiles/cinder_block.dir/build.make:71：CMakeFiles/cinder_block] 错误 2
gmake[2]: *** [CMakeFiles/cinder_block_wide.dir/build.make:71：CMakeFiles/cinder_block_wide] 错误 2
gmake[1]: *** [CMakeFiles/Makefile2:1185：CMakeFiles/cinder_block.dir/all] 错误 2
gmake[1]: *** [CMakeFiles/Makefile2:1237：CMakeFiles/cinder_block_wide.dir/all] 错误 2
tar: 由于前次错误，将以上次的错误状态退出
gmake[2]: *** [CMakeFiles/cloverleaf_interchange.dir/build.make:71：CMakeFiles/cloverleaf_interchange] 错误 2
gmake[1]: *** [CMakeFiles/Makefile2:1263：CMakeFiles/cloverleaf_interchange.dir/all] 错误 2
gmake: *** [Makefile:156：all] 错误 2
