-- Install configuration: ""
-- Execute custom install script
-- Symlinking: /home/loong/AGV_sim/src/install/harbour_assets_description/share/harbour_assets_description/models/container-multi-stack/container-multi-stack.dae
-- Symlinking: /home/loong/AGV_sim/src/install/harbour_assets_description/share/harbour_assets_description/models/container-multi-stack/containerstack1/F.ST._txt_Metall_container_1.1.jpg
-- Symlinking: /home/loong/AGV_sim/src/install/harbour_assets_description/share/harbour_assets_description/models/container-multi-stack/containerstack1/F.ST._txt_Metall_container_1.jpg
-- Symlinking: /home/loong/AGV_sim/src/install/harbour_assets_description/share/harbour_assets_description/models/container-multi-stack/containerstack1/F.ST._txt_Metall_container_1_0.jpg
-- Symlinking: /home/loong/AGV_sim/src/install/harbour_assets_description/share/harbour_assets_description/models/container-multi-stack/containerstack1/F.ST._txt_Metall_container_2.1.jpg
-- Symlinking: /home/loong/AGV_sim/src/install/harbour_assets_description/share/harbour_assets_description/models/container-multi-stack/containerstack1/F.ST._txt_Metall_container_2.jpg
-- Symlinking: /home/loong/AGV_sim/src/install/harbour_assets_description/share/harbour_assets_description/models/container-multi-stack/containerstack1/F.ST._txt_Metall_container_3.1.jpg
-- Symlinking: /home/loong/AGV_sim/src/install/harbour_assets_description/share/harbour_assets_description/models/container-multi-stack/containerstack1/F.ST._txt_Metall_container_3.jpg
-- Symlinking: /home/loong/AGV_sim/src/install/harbour_assets_description/share/harbour_assets_description/models/container-multi-stack/model.config
-- Symlinking: /home/loong/AGV_sim/src/install/harbour_assets_description/share/harbour_assets_description/models/container-multi-stack/model.sdf
-- Symlinking: /home/loong/AGV_sim/src/install/harbour_assets_description/share/harbour_assets_description/models/container40/CONTAINER40.dae
-- Symlinking: /home/loong/AGV_sim/src/install/harbour_assets_description/share/harbour_assets_description/models/container40/Container-40.skp
-- Symlinking: /home/loong/AGV_sim/src/install/harbour_assets_description/share/harbour_assets_description/models/container40/model (copy).sdf
-- Symlinking: /home/loong/AGV_sim/src/install/harbour_assets_description/share/harbour_assets_description/models/container40/model.config
-- Symlinking: /home/loong/AGV_sim/src/install/harbour_assets_description/share/harbour_assets_description/models/container40/model.sdf
-- Symlinking: /home/loong/AGV_sim/src/install/harbour_assets_description/share/harbour_assets_description/models/crane1/crane/Fencing_Diamond_Mesh.png
-- Symlinking: /home/loong/AGV_sim/src/install/harbour_assets_description/share/harbour_assets_description/models/crane1/crane/Fencing_Mesh_Blue.png
-- Symlinking: /home/loong/AGV_sim/src/install/harbour_assets_description/share/harbour_assets_description/models/crane1/crane/konecranes-rtg-crane-2000x1713.jpg
-- Symlinking: /home/loong/AGV_sim/src/install/harbour_assets_description/share/harbour_assets_description/models/crane1/crane/konecranes-rtg-crane-2000x1713_0.jpg
-- Symlinking: /home/loong/AGV_sim/src/install/harbour_assets_description/share/harbour_assets_description/models/crane1/crane/konecranes-rtg-crane-2000x1713_1.jpg
-- Symlinking: /home/loong/AGV_sim/src/install/harbour_assets_description/share/harbour_assets_description/models/crane1/crane/konecranes-rtg-crane-2000x1713_2.jpg
-- Symlinking: /home/loong/AGV_sim/src/install/harbour_assets_description/share/harbour_assets_description/models/crane1/model.config
-- Symlinking: /home/loong/AGV_sim/src/install/harbour_assets_description/share/harbour_assets_description/models/crane1/model.dae
-- Symlinking: /home/loong/AGV_sim/src/install/harbour_assets_description/share/harbour_assets_description/models/crane1/model.sdf
-- Symlinking: /home/loong/AGV_sim/src/install/harbour_assets_description/share/ament_index/resource_index/package_run_dependencies/harbour_assets_description
-- Symlinking: /home/loong/AGV_sim/src/install/harbour_assets_description/share/ament_index/resource_index/parent_prefix_path/harbour_assets_description
-- Symlinking: /home/loong/AGV_sim/src/install/harbour_assets_description/share/harbour_assets_description/environment/ament_prefix_path.sh
-- Symlinking: /home/loong/AGV_sim/src/install/harbour_assets_description/share/harbour_assets_description/environment/ament_prefix_path.dsv
-- Symlinking: /home/loong/AGV_sim/src/install/harbour_assets_description/share/harbour_assets_description/environment/path.sh
-- Symlinking: /home/loong/AGV_sim/src/install/harbour_assets_description/share/harbour_assets_description/environment/path.dsv
-- Symlinking: /home/loong/AGV_sim/src/install/harbour_assets_description/share/harbour_assets_description/local_setup.bash
-- Symlinking: /home/loong/AGV_sim/src/install/harbour_assets_description/share/harbour_assets_description/local_setup.sh
-- Symlinking: /home/loong/AGV_sim/src/install/harbour_assets_description/share/harbour_assets_description/local_setup.zsh
-- Symlinking: /home/loong/AGV_sim/src/install/harbour_assets_description/share/harbour_assets_description/local_setup.dsv
-- Symlinking: /home/loong/AGV_sim/src/install/harbour_assets_description/share/harbour_assets_description/package.dsv
-- Symlinking: /home/loong/AGV_sim/src/install/harbour_assets_description/share/ament_index/resource_index/packages/harbour_assets_description
-- Symlinking: /home/loong/AGV_sim/src/install/harbour_assets_description/share/harbour_assets_description/cmake/harbour_assets_descriptionConfig.cmake
-- Symlinking: /home/loong/AGV_sim/src/install/harbour_assets_description/share/harbour_assets_description/cmake/harbour_assets_descriptionConfig-version.cmake
-- Symlinking: /home/loong/AGV_sim/src/install/harbour_assets_description/share/harbour_assets_description/package.xml
