[0.048s] DEBUG:colcon:Command line arguments: ['/usr/bin/colcon', 'build', '--symlink-install']
[0.049s] DEBUG:colcon:Parsed command line arguments: Namespace(log_base=None, log_level=None, verb_name='build', build_base='build', install_base='install', merge_install=False, symlink_install=True, test_result_base=None, continue_on_error=False, executor='parallel', parallel_workers=32, event_handlers=None, ignore_user_meta=False, metas=['./colcon.meta'], base_paths=['.'], packages_ignore=None, packages_ignore_regex=None, paths=None, packages_up_to=None, packages_up_to_regex=None, packages_above=None, packages_above_and_dependencies=None, packages_above_depth=None, packages_select_by_dep=None, packages_skip_by_dep=None, packages_skip_up_to=None, packages_select_build_failed=False, packages_skip_build_finished=False, packages_select_test_failures=False, packages_skip_test_passed=False, packages_select=None, packages_skip=None, packages_select_regex=None, packages_skip_regex=None, packages_start=None, packages_end=None, allow_overriding=[], cmake_args=None, cmake_target=None, cmake_target_skip_unavailable=False, cmake_clean_cache=False, cmake_clean_first=False, cmake_force_configure=False, ament_cmake_args=None, catkin_cmake_args=None, catkin_skip_building_tests=False, mixin_files=None, mixin=None, verb_parser=<colcon_mixin.mixin.mixin_argument.MixinArgumentDecorator object at 0x771708965de0>, verb_extension=<colcon_core.verb.build.BuildVerb object at 0x771708965750>, main=<bound method BuildVerb.main of <colcon_core.verb.build.BuildVerb object at 0x771708965750>>, mixin_verb=('build',))
[0.138s] Level 1:colcon.colcon_core.package_discovery:discover_packages(colcon_meta) check parameters
[0.138s] Level 1:colcon.colcon_core.package_discovery:discover_packages(recursive) check parameters
[0.138s] Level 1:colcon.colcon_core.package_discovery:discover_packages(ignore) check parameters
[0.138s] Level 1:colcon.colcon_core.package_discovery:discover_packages(path) check parameters
[0.138s] Level 1:colcon.colcon_core.package_discovery:discover_packages(colcon_meta) discover
[0.138s] Level 1:colcon.colcon_core.package_discovery:discover_packages(recursive) discover
[0.138s] INFO:colcon.colcon_core.package_discovery:Crawling recursively for packages in '/home/loong/AGV_sim/src'
[0.138s] Level 1:colcon.colcon_core.package_identification:_identify(.) by extensions ['ignore', 'ignore_ament_install']
[0.138s] Level 1:colcon.colcon_core.package_identification:_identify(.) by extension 'ignore'
[0.138s] Level 1:colcon.colcon_core.package_identification:_identify(.) by extension 'ignore_ament_install'
[0.138s] Level 1:colcon.colcon_core.package_identification:_identify(.) by extensions ['colcon_pkg']
[0.138s] Level 1:colcon.colcon_core.package_identification:_identify(.) by extension 'colcon_pkg'
[0.139s] Level 1:colcon.colcon_core.package_identification:_identify(.) by extensions ['colcon_meta']
[0.139s] Level 1:colcon.colcon_core.package_identification:_identify(.) by extension 'colcon_meta'
[0.139s] Level 1:colcon.colcon_core.package_identification:_identify(.) by extensions ['ros']
[0.139s] Level 1:colcon.colcon_core.package_identification:_identify(.) by extension 'ros'
[0.144s] Level 1:colcon.colcon_core.package_identification:_identify(.) by extensions ['cmake', 'python']
[0.144s] Level 1:colcon.colcon_core.package_identification:_identify(.) by extension 'cmake'
[0.144s] Level 1:colcon.colcon_core.package_identification:_identify(.) by extension 'python'
[0.144s] Level 1:colcon.colcon_core.package_identification:_identify(.) by extensions ['python_setup_py']
[0.144s] Level 1:colcon.colcon_core.package_identification:_identify(.) by extension 'python_setup_py'
[0.144s] Level 1:colcon.colcon_core.package_identification:_identify(Gazebo_Harbour_Models) by extensions ['ignore', 'ignore_ament_install']
[0.144s] Level 1:colcon.colcon_core.package_identification:_identify(Gazebo_Harbour_Models) by extension 'ignore'
[0.144s] Level 1:colcon.colcon_core.package_identification:_identify(Gazebo_Harbour_Models) ignored
[0.144s] Level 1:colcon.colcon_core.package_identification:_identify(backend) by extensions ['ignore', 'ignore_ament_install']
[0.144s] Level 1:colcon.colcon_core.package_identification:_identify(backend) by extension 'ignore'
[0.144s] Level 1:colcon.colcon_core.package_identification:_identify(backend) by extension 'ignore_ament_install'
[0.144s] Level 1:colcon.colcon_core.package_identification:_identify(backend) by extensions ['colcon_pkg']
[0.144s] Level 1:colcon.colcon_core.package_identification:_identify(backend) by extension 'colcon_pkg'
[0.144s] Level 1:colcon.colcon_core.package_identification:_identify(backend) by extensions ['colcon_meta']
[0.144s] Level 1:colcon.colcon_core.package_identification:_identify(backend) by extension 'colcon_meta'
[0.144s] Level 1:colcon.colcon_core.package_identification:_identify(backend) by extensions ['ros']
[0.144s] Level 1:colcon.colcon_core.package_identification:_identify(backend) by extension 'ros'
[0.144s] Level 1:colcon.colcon_core.package_identification:_identify(backend) by extensions ['cmake', 'python']
[0.144s] Level 1:colcon.colcon_core.package_identification:_identify(backend) by extension 'cmake'
[0.144s] Level 1:colcon.colcon_core.package_identification:_identify(backend) by extension 'python'
[0.144s] Level 1:colcon.colcon_core.package_identification:_identify(backend) by extensions ['python_setup_py']
[0.144s] Level 1:colcon.colcon_core.package_identification:_identify(backend) by extension 'python_setup_py'
[0.144s] Level 1:colcon.colcon_core.package_identification:_identify(build) by extensions ['ignore', 'ignore_ament_install']
[0.144s] Level 1:colcon.colcon_core.package_identification:_identify(build) by extension 'ignore'
[0.144s] Level 1:colcon.colcon_core.package_identification:_identify(build) ignored
[0.144s] Level 1:colcon.colcon_core.package_identification:_identify(docs) by extensions ['ignore', 'ignore_ament_install']
[0.144s] Level 1:colcon.colcon_core.package_identification:_identify(docs) by extension 'ignore'
[0.144s] Level 1:colcon.colcon_core.package_identification:_identify(docs) by extension 'ignore_ament_install'
[0.144s] Level 1:colcon.colcon_core.package_identification:_identify(docs) by extensions ['colcon_pkg']
[0.144s] Level 1:colcon.colcon_core.package_identification:_identify(docs) by extension 'colcon_pkg'
[0.144s] Level 1:colcon.colcon_core.package_identification:_identify(docs) by extensions ['colcon_meta']
[0.144s] Level 1:colcon.colcon_core.package_identification:_identify(docs) by extension 'colcon_meta'
[0.144s] Level 1:colcon.colcon_core.package_identification:_identify(docs) by extensions ['ros']
[0.144s] Level 1:colcon.colcon_core.package_identification:_identify(docs) by extension 'ros'
[0.144s] Level 1:colcon.colcon_core.package_identification:_identify(docs) by extensions ['cmake', 'python']
[0.144s] Level 1:colcon.colcon_core.package_identification:_identify(docs) by extension 'cmake'
[0.145s] Level 1:colcon.colcon_core.package_identification:_identify(docs) by extension 'python'
[0.145s] Level 1:colcon.colcon_core.package_identification:_identify(docs) by extensions ['python_setup_py']
[0.145s] Level 1:colcon.colcon_core.package_identification:_identify(docs) by extension 'python_setup_py'
[0.145s] Level 1:colcon.colcon_core.package_identification:_identify(harbour_assets_description) by extensions ['ignore', 'ignore_ament_install']
[0.145s] Level 1:colcon.colcon_core.package_identification:_identify(harbour_assets_description) by extension 'ignore'
[0.145s] Level 1:colcon.colcon_core.package_identification:_identify(harbour_assets_description) by extension 'ignore_ament_install'
[0.145s] Level 1:colcon.colcon_core.package_identification:_identify(harbour_assets_description) by extensions ['colcon_pkg']
[0.145s] Level 1:colcon.colcon_core.package_identification:_identify(harbour_assets_description) by extension 'colcon_pkg'
[0.145s] Level 1:colcon.colcon_core.package_identification:_identify(harbour_assets_description) by extensions ['colcon_meta']
[0.145s] Level 1:colcon.colcon_core.package_identification:_identify(harbour_assets_description) by extension 'colcon_meta'
[0.145s] Level 1:colcon.colcon_core.package_identification:_identify(harbour_assets_description) by extensions ['ros']
[0.145s] Level 1:colcon.colcon_core.package_identification:_identify(harbour_assets_description) by extension 'ros'
[0.146s] DEBUG:colcon.colcon_core.package_identification:Package 'harbour_assets_description' with type 'ros.ament_cmake' and name 'harbour_assets_description'
[0.146s] Level 1:colcon.colcon_core.package_identification:_identify(install) by extensions ['ignore', 'ignore_ament_install']
[0.146s] Level 1:colcon.colcon_core.package_identification:_identify(install) by extension 'ignore'
[0.146s] Level 1:colcon.colcon_core.package_identification:_identify(install) ignored
[0.146s] Level 1:colcon.colcon_core.package_identification:_identify(log) by extensions ['ignore', 'ignore_ament_install']
[0.146s] Level 1:colcon.colcon_core.package_identification:_identify(log) by extension 'ignore'
[0.146s] Level 1:colcon.colcon_core.package_identification:_identify(log) ignored
[0.146s] Level 1:colcon.colcon_core.package_identification:_identify(ros_gz_project_template) by extensions ['ignore', 'ignore_ament_install']
[0.146s] Level 1:colcon.colcon_core.package_identification:_identify(ros_gz_project_template) by extension 'ignore'
[0.146s] Level 1:colcon.colcon_core.package_identification:_identify(ros_gz_project_template) by extension 'ignore_ament_install'
[0.146s] Level 1:colcon.colcon_core.package_identification:_identify(ros_gz_project_template) by extensions ['colcon_pkg']
[0.146s] Level 1:colcon.colcon_core.package_identification:_identify(ros_gz_project_template) by extension 'colcon_pkg'
[0.146s] Level 1:colcon.colcon_core.package_identification:_identify(ros_gz_project_template) by extensions ['colcon_meta']
[0.146s] Level 1:colcon.colcon_core.package_identification:_identify(ros_gz_project_template) by extension 'colcon_meta'
[0.146s] Level 1:colcon.colcon_core.package_identification:_identify(ros_gz_project_template) by extensions ['ros']
[0.146s] Level 1:colcon.colcon_core.package_identification:_identify(ros_gz_project_template) by extension 'ros'
[0.146s] Level 1:colcon.colcon_core.package_identification:_identify(ros_gz_project_template) by extensions ['cmake', 'python']
[0.146s] Level 1:colcon.colcon_core.package_identification:_identify(ros_gz_project_template) by extension 'cmake'
[0.146s] Level 1:colcon.colcon_core.package_identification:_identify(ros_gz_project_template) by extension 'python'
[0.146s] Level 1:colcon.colcon_core.package_identification:_identify(ros_gz_project_template) by extensions ['python_setup_py']
[0.146s] Level 1:colcon.colcon_core.package_identification:_identify(ros_gz_project_template) by extension 'python_setup_py'
[0.146s] Level 1:colcon.colcon_core.package_identification:_identify(ros_gz_project_template/ros_gz_example_application) by extensions ['ignore', 'ignore_ament_install']
[0.146s] Level 1:colcon.colcon_core.package_identification:_identify(ros_gz_project_template/ros_gz_example_application) by extension 'ignore'
[0.146s] Level 1:colcon.colcon_core.package_identification:_identify(ros_gz_project_template/ros_gz_example_application) by extension 'ignore_ament_install'
[0.146s] Level 1:colcon.colcon_core.package_identification:_identify(ros_gz_project_template/ros_gz_example_application) by extensions ['colcon_pkg']
[0.146s] Level 1:colcon.colcon_core.package_identification:_identify(ros_gz_project_template/ros_gz_example_application) by extension 'colcon_pkg'
[0.146s] Level 1:colcon.colcon_core.package_identification:_identify(ros_gz_project_template/ros_gz_example_application) by extensions ['colcon_meta']
[0.146s] Level 1:colcon.colcon_core.package_identification:_identify(ros_gz_project_template/ros_gz_example_application) by extension 'colcon_meta'
[0.146s] Level 1:colcon.colcon_core.package_identification:_identify(ros_gz_project_template/ros_gz_example_application) by extensions ['ros']
[0.146s] Level 1:colcon.colcon_core.package_identification:_identify(ros_gz_project_template/ros_gz_example_application) by extension 'ros'
[0.147s] DEBUG:colcon.colcon_core.package_identification:Package 'ros_gz_project_template/ros_gz_example_application' with type 'ros.ament_cmake' and name 'ros_gz_example_application'
[0.147s] Level 1:colcon.colcon_core.package_identification:_identify(ros_gz_project_template/ros_gz_example_bringup) by extensions ['ignore', 'ignore_ament_install']
[0.147s] Level 1:colcon.colcon_core.package_identification:_identify(ros_gz_project_template/ros_gz_example_bringup) by extension 'ignore'
[0.147s] Level 1:colcon.colcon_core.package_identification:_identify(ros_gz_project_template/ros_gz_example_bringup) by extension 'ignore_ament_install'
[0.147s] Level 1:colcon.colcon_core.package_identification:_identify(ros_gz_project_template/ros_gz_example_bringup) by extensions ['colcon_pkg']
[0.147s] Level 1:colcon.colcon_core.package_identification:_identify(ros_gz_project_template/ros_gz_example_bringup) by extension 'colcon_pkg'
[0.147s] Level 1:colcon.colcon_core.package_identification:_identify(ros_gz_project_template/ros_gz_example_bringup) by extensions ['colcon_meta']
[0.147s] Level 1:colcon.colcon_core.package_identification:_identify(ros_gz_project_template/ros_gz_example_bringup) by extension 'colcon_meta'
[0.147s] Level 1:colcon.colcon_core.package_identification:_identify(ros_gz_project_template/ros_gz_example_bringup) by extensions ['ros']
[0.147s] Level 1:colcon.colcon_core.package_identification:_identify(ros_gz_project_template/ros_gz_example_bringup) by extension 'ros'
[0.147s] DEBUG:colcon.colcon_core.package_identification:Package 'ros_gz_project_template/ros_gz_example_bringup' with type 'ros.ament_cmake' and name 'ros_gz_example_bringup'
[0.147s] Level 1:colcon.colcon_core.package_identification:_identify(ros_gz_project_template/ros_gz_example_description) by extensions ['ignore', 'ignore_ament_install']
[0.147s] Level 1:colcon.colcon_core.package_identification:_identify(ros_gz_project_template/ros_gz_example_description) by extension 'ignore'
[0.147s] Level 1:colcon.colcon_core.package_identification:_identify(ros_gz_project_template/ros_gz_example_description) by extension 'ignore_ament_install'
[0.147s] Level 1:colcon.colcon_core.package_identification:_identify(ros_gz_project_template/ros_gz_example_description) by extensions ['colcon_pkg']
[0.147s] Level 1:colcon.colcon_core.package_identification:_identify(ros_gz_project_template/ros_gz_example_description) by extension 'colcon_pkg'
[0.147s] Level 1:colcon.colcon_core.package_identification:_identify(ros_gz_project_template/ros_gz_example_description) by extensions ['colcon_meta']
[0.147s] Level 1:colcon.colcon_core.package_identification:_identify(ros_gz_project_template/ros_gz_example_description) by extension 'colcon_meta'
[0.148s] Level 1:colcon.colcon_core.package_identification:_identify(ros_gz_project_template/ros_gz_example_description) by extensions ['ros']
[0.148s] Level 1:colcon.colcon_core.package_identification:_identify(ros_gz_project_template/ros_gz_example_description) by extension 'ros'
[0.148s] DEBUG:colcon.colcon_core.package_identification:Package 'ros_gz_project_template/ros_gz_example_description' with type 'ros.ament_cmake' and name 'ros_gz_example_description'
[0.148s] Level 1:colcon.colcon_core.package_identification:_identify(ros_gz_project_template/ros_gz_example_gazebo) by extensions ['ignore', 'ignore_ament_install']
[0.148s] Level 1:colcon.colcon_core.package_identification:_identify(ros_gz_project_template/ros_gz_example_gazebo) by extension 'ignore'
[0.148s] Level 1:colcon.colcon_core.package_identification:_identify(ros_gz_project_template/ros_gz_example_gazebo) by extension 'ignore_ament_install'
[0.148s] Level 1:colcon.colcon_core.package_identification:_identify(ros_gz_project_template/ros_gz_example_gazebo) by extensions ['colcon_pkg']
[0.148s] Level 1:colcon.colcon_core.package_identification:_identify(ros_gz_project_template/ros_gz_example_gazebo) by extension 'colcon_pkg'
[0.148s] Level 1:colcon.colcon_core.package_identification:_identify(ros_gz_project_template/ros_gz_example_gazebo) by extensions ['colcon_meta']
[0.148s] Level 1:colcon.colcon_core.package_identification:_identify(ros_gz_project_template/ros_gz_example_gazebo) by extension 'colcon_meta'
[0.148s] Level 1:colcon.colcon_core.package_identification:_identify(ros_gz_project_template/ros_gz_example_gazebo) by extensions ['ros']
[0.148s] Level 1:colcon.colcon_core.package_identification:_identify(ros_gz_project_template/ros_gz_example_gazebo) by extension 'ros'
[0.148s] DEBUG:colcon.colcon_core.package_identification:Package 'ros_gz_project_template/ros_gz_example_gazebo' with type 'ros.ament_cmake' and name 'ros_gz_example_gazebo'
[0.148s] Level 1:colcon.colcon_core.package_identification:_identify(web_dashboard) by extensions ['ignore', 'ignore_ament_install']
[0.148s] Level 1:colcon.colcon_core.package_identification:_identify(web_dashboard) by extension 'ignore'
[0.148s] Level 1:colcon.colcon_core.package_identification:_identify(web_dashboard) by extension 'ignore_ament_install'
[0.148s] Level 1:colcon.colcon_core.package_identification:_identify(web_dashboard) by extensions ['colcon_pkg']
[0.148s] Level 1:colcon.colcon_core.package_identification:_identify(web_dashboard) by extension 'colcon_pkg'
[0.148s] Level 1:colcon.colcon_core.package_identification:_identify(web_dashboard) by extensions ['colcon_meta']
[0.148s] Level 1:colcon.colcon_core.package_identification:_identify(web_dashboard) by extension 'colcon_meta'
[0.148s] Level 1:colcon.colcon_core.package_identification:_identify(web_dashboard) by extensions ['ros']
[0.148s] Level 1:colcon.colcon_core.package_identification:_identify(web_dashboard) by extension 'ros'
[0.148s] Level 1:colcon.colcon_core.package_identification:_identify(web_dashboard) by extensions ['cmake', 'python']
[0.148s] Level 1:colcon.colcon_core.package_identification:_identify(web_dashboard) by extension 'cmake'
[0.148s] Level 1:colcon.colcon_core.package_identification:_identify(web_dashboard) by extension 'python'
[0.148s] Level 1:colcon.colcon_core.package_identification:_identify(web_dashboard) by extensions ['python_setup_py']
[0.148s] Level 1:colcon.colcon_core.package_identification:_identify(web_dashboard) by extension 'python_setup_py'
[0.148s] Level 1:colcon.colcon_core.package_identification:_identify(web_dashboard/__pycache__) by extensions ['ignore', 'ignore_ament_install']
[0.148s] Level 1:colcon.colcon_core.package_identification:_identify(web_dashboard/__pycache__) by extension 'ignore'
[0.149s] Level 1:colcon.colcon_core.package_identification:_identify(web_dashboard/__pycache__) by extension 'ignore_ament_install'
[0.149s] Level 1:colcon.colcon_core.package_identification:_identify(web_dashboard/__pycache__) by extensions ['colcon_pkg']
[0.149s] Level 1:colcon.colcon_core.package_identification:_identify(web_dashboard/__pycache__) by extension 'colcon_pkg'
[0.149s] Level 1:colcon.colcon_core.package_identification:_identify(web_dashboard/__pycache__) by extensions ['colcon_meta']
[0.149s] Level 1:colcon.colcon_core.package_identification:_identify(web_dashboard/__pycache__) by extension 'colcon_meta'
[0.149s] Level 1:colcon.colcon_core.package_identification:_identify(web_dashboard/__pycache__) by extensions ['ros']
[0.149s] Level 1:colcon.colcon_core.package_identification:_identify(web_dashboard/__pycache__) by extension 'ros'
[0.149s] Level 1:colcon.colcon_core.package_identification:_identify(web_dashboard/__pycache__) by extensions ['cmake', 'python']
[0.149s] Level 1:colcon.colcon_core.package_identification:_identify(web_dashboard/__pycache__) by extension 'cmake'
[0.149s] Level 1:colcon.colcon_core.package_identification:_identify(web_dashboard/__pycache__) by extension 'python'
[0.149s] Level 1:colcon.colcon_core.package_identification:_identify(web_dashboard/__pycache__) by extensions ['python_setup_py']
[0.149s] Level 1:colcon.colcon_core.package_identification:_identify(web_dashboard/__pycache__) by extension 'python_setup_py'
[0.149s] Level 1:colcon.colcon_core.package_identification:_identify(web_dashboard/build) by extensions ['ignore', 'ignore_ament_install']
[0.149s] Level 1:colcon.colcon_core.package_identification:_identify(web_dashboard/build) by extension 'ignore'
[0.149s] Level 1:colcon.colcon_core.package_identification:_identify(web_dashboard/build) ignored
[0.149s] Level 1:colcon.colcon_core.package_identification:_identify(web_dashboard/install) by extensions ['ignore', 'ignore_ament_install']
[0.149s] Level 1:colcon.colcon_core.package_identification:_identify(web_dashboard/install) by extension 'ignore'
[0.149s] Level 1:colcon.colcon_core.package_identification:_identify(web_dashboard/install) ignored
[0.149s] Level 1:colcon.colcon_core.package_identification:_identify(web_dashboard/log) by extensions ['ignore', 'ignore_ament_install']
[0.149s] Level 1:colcon.colcon_core.package_identification:_identify(web_dashboard/log) by extension 'ignore'
[0.149s] Level 1:colcon.colcon_core.package_identification:_identify(web_dashboard/log) ignored
[0.149s] Level 1:colcon.colcon_core.package_identification:_identify(web_dashboard/static) by extensions ['ignore', 'ignore_ament_install']
[0.149s] Level 1:colcon.colcon_core.package_identification:_identify(web_dashboard/static) by extension 'ignore'
[0.149s] Level 1:colcon.colcon_core.package_identification:_identify(web_dashboard/static) by extension 'ignore_ament_install'
[0.149s] Level 1:colcon.colcon_core.package_identification:_identify(web_dashboard/static) by extensions ['colcon_pkg']
[0.149s] Level 1:colcon.colcon_core.package_identification:_identify(web_dashboard/static) by extension 'colcon_pkg'
[0.149s] Level 1:colcon.colcon_core.package_identification:_identify(web_dashboard/static) by extensions ['colcon_meta']
[0.149s] Level 1:colcon.colcon_core.package_identification:_identify(web_dashboard/static) by extension 'colcon_meta'
[0.149s] Level 1:colcon.colcon_core.package_identification:_identify(web_dashboard/static) by extensions ['ros']
[0.149s] Level 1:colcon.colcon_core.package_identification:_identify(web_dashboard/static) by extension 'ros'
[0.149s] Level 1:colcon.colcon_core.package_identification:_identify(web_dashboard/static) by extensions ['cmake', 'python']
[0.149s] Level 1:colcon.colcon_core.package_identification:_identify(web_dashboard/static) by extension 'cmake'
[0.149s] Level 1:colcon.colcon_core.package_identification:_identify(web_dashboard/static) by extension 'python'
[0.149s] Level 1:colcon.colcon_core.package_identification:_identify(web_dashboard/static) by extensions ['python_setup_py']
[0.149s] Level 1:colcon.colcon_core.package_identification:_identify(web_dashboard/static) by extension 'python_setup_py'
[0.149s] Level 1:colcon.colcon_core.package_identification:_identify(web_dashboard/static/css) by extensions ['ignore', 'ignore_ament_install']
[0.149s] Level 1:colcon.colcon_core.package_identification:_identify(web_dashboard/static/css) by extension 'ignore'
[0.149s] Level 1:colcon.colcon_core.package_identification:_identify(web_dashboard/static/css) by extension 'ignore_ament_install'
[0.149s] Level 1:colcon.colcon_core.package_identification:_identify(web_dashboard/static/css) by extensions ['colcon_pkg']
[0.149s] Level 1:colcon.colcon_core.package_identification:_identify(web_dashboard/static/css) by extension 'colcon_pkg'
[0.149s] Level 1:colcon.colcon_core.package_identification:_identify(web_dashboard/static/css) by extensions ['colcon_meta']
[0.149s] Level 1:colcon.colcon_core.package_identification:_identify(web_dashboard/static/css) by extension 'colcon_meta'
[0.149s] Level 1:colcon.colcon_core.package_identification:_identify(web_dashboard/static/css) by extensions ['ros']
[0.149s] Level 1:colcon.colcon_core.package_identification:_identify(web_dashboard/static/css) by extension 'ros'
[0.149s] Level 1:colcon.colcon_core.package_identification:_identify(web_dashboard/static/css) by extensions ['cmake', 'python']
[0.149s] Level 1:colcon.colcon_core.package_identification:_identify(web_dashboard/static/css) by extension 'cmake'
[0.149s] Level 1:colcon.colcon_core.package_identification:_identify(web_dashboard/static/css) by extension 'python'
[0.149s] Level 1:colcon.colcon_core.package_identification:_identify(web_dashboard/static/css) by extensions ['python_setup_py']
[0.149s] Level 1:colcon.colcon_core.package_identification:_identify(web_dashboard/static/css) by extension 'python_setup_py'
[0.149s] Level 1:colcon.colcon_core.package_identification:_identify(web_dashboard/static/css/images) by extensions ['ignore', 'ignore_ament_install']
[0.149s] Level 1:colcon.colcon_core.package_identification:_identify(web_dashboard/static/css/images) by extension 'ignore'
[0.150s] Level 1:colcon.colcon_core.package_identification:_identify(web_dashboard/static/css/images) by extension 'ignore_ament_install'
[0.150s] Level 1:colcon.colcon_core.package_identification:_identify(web_dashboard/static/css/images) by extensions ['colcon_pkg']
[0.150s] Level 1:colcon.colcon_core.package_identification:_identify(web_dashboard/static/css/images) by extension 'colcon_pkg'
[0.150s] Level 1:colcon.colcon_core.package_identification:_identify(web_dashboard/static/css/images) by extensions ['colcon_meta']
[0.150s] Level 1:colcon.colcon_core.package_identification:_identify(web_dashboard/static/css/images) by extension 'colcon_meta'
[0.150s] Level 1:colcon.colcon_core.package_identification:_identify(web_dashboard/static/css/images) by extensions ['ros']
[0.150s] Level 1:colcon.colcon_core.package_identification:_identify(web_dashboard/static/css/images) by extension 'ros'
[0.150s] Level 1:colcon.colcon_core.package_identification:_identify(web_dashboard/static/css/images) by extensions ['cmake', 'python']
[0.150s] Level 1:colcon.colcon_core.package_identification:_identify(web_dashboard/static/css/images) by extension 'cmake'
[0.150s] Level 1:colcon.colcon_core.package_identification:_identify(web_dashboard/static/css/images) by extension 'python'
[0.150s] Level 1:colcon.colcon_core.package_identification:_identify(web_dashboard/static/css/images) by extensions ['python_setup_py']
[0.150s] Level 1:colcon.colcon_core.package_identification:_identify(web_dashboard/static/css/images) by extension 'python_setup_py'
[0.150s] Level 1:colcon.colcon_core.package_identification:_identify(web_dashboard/static/js) by extensions ['ignore', 'ignore_ament_install']
[0.150s] Level 1:colcon.colcon_core.package_identification:_identify(web_dashboard/static/js) by extension 'ignore'
[0.150s] Level 1:colcon.colcon_core.package_identification:_identify(web_dashboard/static/js) by extension 'ignore_ament_install'
[0.150s] Level 1:colcon.colcon_core.package_identification:_identify(web_dashboard/static/js) by extensions ['colcon_pkg']
[0.150s] Level 1:colcon.colcon_core.package_identification:_identify(web_dashboard/static/js) by extension 'colcon_pkg'
[0.150s] Level 1:colcon.colcon_core.package_identification:_identify(web_dashboard/static/js) by extensions ['colcon_meta']
[0.150s] Level 1:colcon.colcon_core.package_identification:_identify(web_dashboard/static/js) by extension 'colcon_meta'
[0.150s] Level 1:colcon.colcon_core.package_identification:_identify(web_dashboard/static/js) by extensions ['ros']
[0.150s] Level 1:colcon.colcon_core.package_identification:_identify(web_dashboard/static/js) by extension 'ros'
[0.150s] Level 1:colcon.colcon_core.package_identification:_identify(web_dashboard/static/js) by extensions ['cmake', 'python']
[0.150s] Level 1:colcon.colcon_core.package_identification:_identify(web_dashboard/static/js) by extension 'cmake'
[0.150s] Level 1:colcon.colcon_core.package_identification:_identify(web_dashboard/static/js) by extension 'python'
[0.150s] Level 1:colcon.colcon_core.package_identification:_identify(web_dashboard/static/js) by extensions ['python_setup_py']
[0.150s] Level 1:colcon.colcon_core.package_identification:_identify(web_dashboard/static/js) by extension 'python_setup_py'
[0.150s] Level 1:colcon.colcon_core.package_identification:_identify(web_dashboard/static/tiles) by extensions ['ignore', 'ignore_ament_install']
[0.150s] Level 1:colcon.colcon_core.package_identification:_identify(web_dashboard/static/tiles) by extension 'ignore'
[0.150s] Level 1:colcon.colcon_core.package_identification:_identify(web_dashboard/static/tiles) by extension 'ignore_ament_install'
[0.150s] Level 1:colcon.colcon_core.package_identification:_identify(web_dashboard/static/tiles) by extensions ['colcon_pkg']
[0.150s] Level 1:colcon.colcon_core.package_identification:_identify(web_dashboard/static/tiles) by extension 'colcon_pkg'
[0.150s] Level 1:colcon.colcon_core.package_identification:_identify(web_dashboard/static/tiles) by extensions ['colcon_meta']
[0.150s] Level 1:colcon.colcon_core.package_identification:_identify(web_dashboard/static/tiles) by extension 'colcon_meta'
[0.150s] Level 1:colcon.colcon_core.package_identification:_identify(web_dashboard/static/tiles) by extensions ['ros']
[0.150s] Level 1:colcon.colcon_core.package_identification:_identify(web_dashboard/static/tiles) by extension 'ros'
[0.150s] Level 1:colcon.colcon_core.package_identification:_identify(web_dashboard/static/tiles) by extensions ['cmake', 'python']
[0.150s] Level 1:colcon.colcon_core.package_identification:_identify(web_dashboard/static/tiles) by extension 'cmake'
[0.150s] Level 1:colcon.colcon_core.package_identification:_identify(web_dashboard/static/tiles) by extension 'python'
[0.150s] Level 1:colcon.colcon_core.package_identification:_identify(web_dashboard/static/tiles) by extensions ['python_setup_py']
[0.150s] Level 1:colcon.colcon_core.package_identification:_identify(web_dashboard/static/tiles) by extension 'python_setup_py'
[0.150s] Level 1:colcon.colcon_core.package_identification:_identify(web_dashboard/templates) by extensions ['ignore', 'ignore_ament_install']
[0.150s] Level 1:colcon.colcon_core.package_identification:_identify(web_dashboard/templates) by extension 'ignore'
[0.150s] Level 1:colcon.colcon_core.package_identification:_identify(web_dashboard/templates) by extension 'ignore_ament_install'
[0.150s] Level 1:colcon.colcon_core.package_identification:_identify(web_dashboard/templates) by extensions ['colcon_pkg']
[0.150s] Level 1:colcon.colcon_core.package_identification:_identify(web_dashboard/templates) by extension 'colcon_pkg'
[0.150s] Level 1:colcon.colcon_core.package_identification:_identify(web_dashboard/templates) by extensions ['colcon_meta']
[0.150s] Level 1:colcon.colcon_core.package_identification:_identify(web_dashboard/templates) by extension 'colcon_meta'
[0.150s] Level 1:colcon.colcon_core.package_identification:_identify(web_dashboard/templates) by extensions ['ros']
[0.150s] Level 1:colcon.colcon_core.package_identification:_identify(web_dashboard/templates) by extension 'ros'
[0.150s] Level 1:colcon.colcon_core.package_identification:_identify(web_dashboard/templates) by extensions ['cmake', 'python']
[0.150s] Level 1:colcon.colcon_core.package_identification:_identify(web_dashboard/templates) by extension 'cmake'
[0.150s] Level 1:colcon.colcon_core.package_identification:_identify(web_dashboard/templates) by extension 'python'
[0.150s] Level 1:colcon.colcon_core.package_identification:_identify(web_dashboard/templates) by extensions ['python_setup_py']
[0.150s] Level 1:colcon.colcon_core.package_identification:_identify(web_dashboard/templates) by extension 'python_setup_py'
[0.150s] Level 1:colcon.colcon_core.package_discovery:discover_packages(recursive) using defaults
[0.150s] Level 1:colcon.colcon_core.package_discovery:discover_packages(ignore) discover
[0.150s] Level 1:colcon.colcon_core.package_discovery:discover_packages(ignore) using defaults
[0.150s] Level 1:colcon.colcon_core.package_discovery:discover_packages(path) discover
[0.150s] Level 1:colcon.colcon_core.package_discovery:discover_packages(path) using defaults
[0.164s] Level 1:colcon.colcon_core.package_discovery:discover_packages(prefix_path) check parameters
[0.164s] Level 1:colcon.colcon_core.package_discovery:discover_packages(prefix_path) discover
[0.165s] DEBUG:colcon.colcon_installed_package_information.package_discovery:Found 4 installed packages in /home/loong/AGV_sim/install
[0.166s] DEBUG:colcon.colcon_installed_package_information.package_discovery:Found 381 installed packages in /opt/ros/humble
[0.167s] Level 1:colcon.colcon_core.package_discovery:discover_packages(prefix_path) using defaults
[0.186s] Level 5:colcon.colcon_core.verb:set package 'harbour_assets_description' build argument 'cmake_args' from command line to 'None'
[0.186s] Level 5:colcon.colcon_core.verb:set package 'harbour_assets_description' build argument 'cmake_target' from command line to 'None'
[0.186s] Level 5:colcon.colcon_core.verb:set package 'harbour_assets_description' build argument 'cmake_target_skip_unavailable' from command line to 'False'
[0.186s] Level 5:colcon.colcon_core.verb:set package 'harbour_assets_description' build argument 'cmake_clean_cache' from command line to 'False'
[0.186s] Level 5:colcon.colcon_core.verb:set package 'harbour_assets_description' build argument 'cmake_clean_first' from command line to 'False'
[0.186s] Level 5:colcon.colcon_core.verb:set package 'harbour_assets_description' build argument 'cmake_force_configure' from command line to 'False'
[0.186s] Level 5:colcon.colcon_core.verb:set package 'harbour_assets_description' build argument 'ament_cmake_args' from command line to 'None'
[0.186s] Level 5:colcon.colcon_core.verb:set package 'harbour_assets_description' build argument 'catkin_cmake_args' from command line to 'None'
[0.186s] Level 5:colcon.colcon_core.verb:set package 'harbour_assets_description' build argument 'catkin_skip_building_tests' from command line to 'False'
[0.186s] DEBUG:colcon.colcon_core.verb:Building package 'harbour_assets_description' with the following arguments: {'ament_cmake_args': None, 'build_base': '/home/loong/AGV_sim/src/build/harbour_assets_description', 'catkin_cmake_args': None, 'catkin_skip_building_tests': False, 'cmake_args': None, 'cmake_clean_cache': False, 'cmake_clean_first': False, 'cmake_force_configure': False, 'cmake_target': None, 'cmake_target_skip_unavailable': False, 'install_base': '/home/loong/AGV_sim/src/install/harbour_assets_description', 'merge_install': False, 'path': '/home/loong/AGV_sim/src/harbour_assets_description', 'symlink_install': True, 'test_result_base': None}
[0.186s] Level 5:colcon.colcon_core.verb:set package 'ros_gz_example_application' build argument 'cmake_args' from command line to 'None'
[0.186s] Level 5:colcon.colcon_core.verb:set package 'ros_gz_example_application' build argument 'cmake_target' from command line to 'None'
[0.186s] Level 5:colcon.colcon_core.verb:set package 'ros_gz_example_application' build argument 'cmake_target_skip_unavailable' from command line to 'False'
[0.186s] Level 5:colcon.colcon_core.verb:set package 'ros_gz_example_application' build argument 'cmake_clean_cache' from command line to 'False'
[0.186s] Level 5:colcon.colcon_core.verb:set package 'ros_gz_example_application' build argument 'cmake_clean_first' from command line to 'False'
[0.186s] Level 5:colcon.colcon_core.verb:set package 'ros_gz_example_application' build argument 'cmake_force_configure' from command line to 'False'
[0.186s] Level 5:colcon.colcon_core.verb:set package 'ros_gz_example_application' build argument 'ament_cmake_args' from command line to 'None'
[0.186s] Level 5:colcon.colcon_core.verb:set package 'ros_gz_example_application' build argument 'catkin_cmake_args' from command line to 'None'
[0.186s] Level 5:colcon.colcon_core.verb:set package 'ros_gz_example_application' build argument 'catkin_skip_building_tests' from command line to 'False'
[0.186s] DEBUG:colcon.colcon_core.verb:Building package 'ros_gz_example_application' with the following arguments: {'ament_cmake_args': None, 'build_base': '/home/loong/AGV_sim/src/build/ros_gz_example_application', 'catkin_cmake_args': None, 'catkin_skip_building_tests': False, 'cmake_args': None, 'cmake_clean_cache': False, 'cmake_clean_first': False, 'cmake_force_configure': False, 'cmake_target': None, 'cmake_target_skip_unavailable': False, 'install_base': '/home/loong/AGV_sim/src/install/ros_gz_example_application', 'merge_install': False, 'path': '/home/loong/AGV_sim/src/ros_gz_project_template/ros_gz_example_application', 'symlink_install': True, 'test_result_base': None}
[0.186s] Level 5:colcon.colcon_core.verb:set package 'ros_gz_example_description' build argument 'cmake_args' from command line to 'None'
[0.186s] Level 5:colcon.colcon_core.verb:set package 'ros_gz_example_description' build argument 'cmake_target' from command line to 'None'
[0.186s] Level 5:colcon.colcon_core.verb:set package 'ros_gz_example_description' build argument 'cmake_target_skip_unavailable' from command line to 'False'
[0.186s] Level 5:colcon.colcon_core.verb:set package 'ros_gz_example_description' build argument 'cmake_clean_cache' from command line to 'False'
[0.187s] Level 5:colcon.colcon_core.verb:set package 'ros_gz_example_description' build argument 'cmake_clean_first' from command line to 'False'
[0.187s] Level 5:colcon.colcon_core.verb:set package 'ros_gz_example_description' build argument 'cmake_force_configure' from command line to 'False'
[0.187s] Level 5:colcon.colcon_core.verb:set package 'ros_gz_example_description' build argument 'ament_cmake_args' from command line to 'None'
[0.187s] Level 5:colcon.colcon_core.verb:set package 'ros_gz_example_description' build argument 'catkin_cmake_args' from command line to 'None'
[0.187s] Level 5:colcon.colcon_core.verb:set package 'ros_gz_example_description' build argument 'catkin_skip_building_tests' from command line to 'False'
[0.187s] DEBUG:colcon.colcon_core.verb:Building package 'ros_gz_example_description' with the following arguments: {'ament_cmake_args': None, 'build_base': '/home/loong/AGV_sim/src/build/ros_gz_example_description', 'catkin_cmake_args': None, 'catkin_skip_building_tests': False, 'cmake_args': None, 'cmake_clean_cache': False, 'cmake_clean_first': False, 'cmake_force_configure': False, 'cmake_target': None, 'cmake_target_skip_unavailable': False, 'install_base': '/home/loong/AGV_sim/src/install/ros_gz_example_description', 'merge_install': False, 'path': '/home/loong/AGV_sim/src/ros_gz_project_template/ros_gz_example_description', 'symlink_install': True, 'test_result_base': None}
[0.187s] Level 5:colcon.colcon_core.verb:set package 'ros_gz_example_gazebo' build argument 'cmake_args' from command line to 'None'
[0.187s] Level 5:colcon.colcon_core.verb:set package 'ros_gz_example_gazebo' build argument 'cmake_target' from command line to 'None'
[0.187s] Level 5:colcon.colcon_core.verb:set package 'ros_gz_example_gazebo' build argument 'cmake_target_skip_unavailable' from command line to 'False'
[0.187s] Level 5:colcon.colcon_core.verb:set package 'ros_gz_example_gazebo' build argument 'cmake_clean_cache' from command line to 'False'
[0.187s] Level 5:colcon.colcon_core.verb:set package 'ros_gz_example_gazebo' build argument 'cmake_clean_first' from command line to 'False'
[0.187s] Level 5:colcon.colcon_core.verb:set package 'ros_gz_example_gazebo' build argument 'cmake_force_configure' from command line to 'False'
[0.187s] Level 5:colcon.colcon_core.verb:set package 'ros_gz_example_gazebo' build argument 'ament_cmake_args' from command line to 'None'
[0.187s] Level 5:colcon.colcon_core.verb:set package 'ros_gz_example_gazebo' build argument 'catkin_cmake_args' from command line to 'None'
[0.187s] Level 5:colcon.colcon_core.verb:set package 'ros_gz_example_gazebo' build argument 'catkin_skip_building_tests' from command line to 'False'
[0.187s] DEBUG:colcon.colcon_core.verb:Building package 'ros_gz_example_gazebo' with the following arguments: {'ament_cmake_args': None, 'build_base': '/home/loong/AGV_sim/src/build/ros_gz_example_gazebo', 'catkin_cmake_args': None, 'catkin_skip_building_tests': False, 'cmake_args': None, 'cmake_clean_cache': False, 'cmake_clean_first': False, 'cmake_force_configure': False, 'cmake_target': None, 'cmake_target_skip_unavailable': False, 'install_base': '/home/loong/AGV_sim/src/install/ros_gz_example_gazebo', 'merge_install': False, 'path': '/home/loong/AGV_sim/src/ros_gz_project_template/ros_gz_example_gazebo', 'symlink_install': True, 'test_result_base': None}
[0.187s] Level 5:colcon.colcon_core.verb:set package 'ros_gz_example_bringup' build argument 'cmake_args' from command line to 'None'
[0.187s] Level 5:colcon.colcon_core.verb:set package 'ros_gz_example_bringup' build argument 'cmake_target' from command line to 'None'
[0.187s] Level 5:colcon.colcon_core.verb:set package 'ros_gz_example_bringup' build argument 'cmake_target_skip_unavailable' from command line to 'False'
[0.187s] Level 5:colcon.colcon_core.verb:set package 'ros_gz_example_bringup' build argument 'cmake_clean_cache' from command line to 'False'
[0.187s] Level 5:colcon.colcon_core.verb:set package 'ros_gz_example_bringup' build argument 'cmake_clean_first' from command line to 'False'
[0.187s] Level 5:colcon.colcon_core.verb:set package 'ros_gz_example_bringup' build argument 'cmake_force_configure' from command line to 'False'
[0.187s] Level 5:colcon.colcon_core.verb:set package 'ros_gz_example_bringup' build argument 'ament_cmake_args' from command line to 'None'
[0.187s] Level 5:colcon.colcon_core.verb:set package 'ros_gz_example_bringup' build argument 'catkin_cmake_args' from command line to 'None'
[0.187s] Level 5:colcon.colcon_core.verb:set package 'ros_gz_example_bringup' build argument 'catkin_skip_building_tests' from command line to 'False'
[0.187s] DEBUG:colcon.colcon_core.verb:Building package 'ros_gz_example_bringup' with the following arguments: {'ament_cmake_args': None, 'build_base': '/home/loong/AGV_sim/src/build/ros_gz_example_bringup', 'catkin_cmake_args': None, 'catkin_skip_building_tests': False, 'cmake_args': None, 'cmake_clean_cache': False, 'cmake_clean_first': False, 'cmake_force_configure': False, 'cmake_target': None, 'cmake_target_skip_unavailable': False, 'install_base': '/home/loong/AGV_sim/src/install/ros_gz_example_bringup', 'merge_install': False, 'path': '/home/loong/AGV_sim/src/ros_gz_project_template/ros_gz_example_bringup', 'symlink_install': True, 'test_result_base': None}
[0.187s] INFO:colcon.colcon_core.executor:Executing jobs using 'parallel' executor
[0.188s] DEBUG:colcon.colcon_parallel_executor.executor.parallel:run_until_complete
[0.188s] INFO:colcon.colcon_ros.task.ament_cmake.build:Building ROS package in '/home/loong/AGV_sim/src/ros_gz_project_template/ros_gz_example_description' with build type 'ament_cmake'
[0.188s] INFO:colcon.colcon_cmake.task.cmake.build:Building CMake package in '/home/loong/AGV_sim/src/ros_gz_project_template/ros_gz_example_description'
[0.189s] INFO:colcon.colcon_core.plugin_system:Skipping extension 'colcon_core.shell.bat': Not used on non-Windows systems
[0.189s] INFO:colcon.colcon_core.shell:Skip shell extension 'powershell' for command environment: Not usable outside of PowerShell
[0.189s] DEBUG:colcon.colcon_core.shell:Skip shell extension 'dsv' for command environment
[0.191s] INFO:colcon.colcon_ros.task.ament_cmake.build:Building ROS package in '/home/loong/AGV_sim/src/harbour_assets_description' with build type 'ament_cmake'
[0.191s] INFO:colcon.colcon_cmake.task.cmake.build:Building CMake package in '/home/loong/AGV_sim/src/harbour_assets_description'
[0.191s] INFO:colcon.colcon_core.shell:Skip shell extension 'powershell' for command environment: Not usable outside of PowerShell
[0.191s] DEBUG:colcon.colcon_core.shell:Skip shell extension 'dsv' for command environment
[0.193s] INFO:colcon.colcon_ros.task.ament_cmake.build:Building ROS package in '/home/loong/AGV_sim/src/ros_gz_project_template/ros_gz_example_application' with build type 'ament_cmake'
[0.193s] INFO:colcon.colcon_cmake.task.cmake.build:Building CMake package in '/home/loong/AGV_sim/src/ros_gz_project_template/ros_gz_example_application'
[0.193s] INFO:colcon.colcon_core.shell:Skip shell extension 'powershell' for command environment: Not usable outside of PowerShell
[0.193s] DEBUG:colcon.colcon_core.shell:Skip shell extension 'dsv' for command environment
[0.196s] DEBUG:colcon.colcon_core.event_handler.log_command:Invoking command in '/home/loong/AGV_sim/src/build/ros_gz_example_description': CMAKE_PREFIX_PATH=${CMAKE_PREFIX_PATH}:/opt/ros/humble /usr/bin/cmake --build /home/loong/AGV_sim/src/build/ros_gz_example_description -- -j32 -l32
[0.198s] DEBUG:colcon.colcon_core.event_handler.log_command:Invoking command in '/home/loong/AGV_sim/src/build/harbour_assets_description': CMAKE_PREFIX_PATH=${CMAKE_PREFIX_PATH}:/opt/ros/humble /usr/bin/cmake --build /home/loong/AGV_sim/src/build/harbour_assets_description -- -j32 -l32
[0.216s] DEBUG:colcon.colcon_core.event_handler.log_command:Invoking command in '/home/loong/AGV_sim/src/build/ros_gz_example_application': CMAKE_PREFIX_PATH=${CMAKE_PREFIX_PATH}:/opt/ros/humble /usr/bin/cmake --build /home/loong/AGV_sim/src/build/ros_gz_example_application -- -j32 -l32
[0.218s] DEBUG:colcon.colcon_core.event_handler.log_command:Invoked command in '/home/loong/AGV_sim/src/build/ros_gz_example_description' returned '0': CMAKE_PREFIX_PATH=${CMAKE_PREFIX_PATH}:/opt/ros/humble /usr/bin/cmake --build /home/loong/AGV_sim/src/build/ros_gz_example_description -- -j32 -l32
[0.226s] DEBUG:colcon.colcon_core.event_handler.log_command:Invoking command in '/home/loong/AGV_sim/src/build/ros_gz_example_description': CMAKE_PREFIX_PATH=${CMAKE_PREFIX_PATH}:/opt/ros/humble /usr/bin/cmake --install /home/loong/AGV_sim/src/build/ros_gz_example_description
[0.228s] DEBUG:colcon.colcon_core.event_handler.log_command:Invoked command in '/home/loong/AGV_sim/src/build/harbour_assets_description' returned '0': CMAKE_PREFIX_PATH=${CMAKE_PREFIX_PATH}:/opt/ros/humble /usr/bin/cmake --build /home/loong/AGV_sim/src/build/harbour_assets_description -- -j32 -l32
[0.230s] DEBUG:colcon.colcon_core.event_handler.log_command:Invoking command in '/home/loong/AGV_sim/src/build/harbour_assets_description': CMAKE_PREFIX_PATH=${CMAKE_PREFIX_PATH}:/opt/ros/humble /usr/bin/cmake --install /home/loong/AGV_sim/src/build/harbour_assets_description
[0.242s] DEBUG:colcon.colcon_core.event_handler.log_command:Invoked command in '/home/loong/AGV_sim/src/build/ros_gz_example_application' returned '0': CMAKE_PREFIX_PATH=${CMAKE_PREFIX_PATH}:/opt/ros/humble /usr/bin/cmake --build /home/loong/AGV_sim/src/build/ros_gz_example_application -- -j32 -l32
[0.243s] DEBUG:colcon.colcon_core.event_handler.log_command:Invoking command in '/home/loong/AGV_sim/src/build/ros_gz_example_application': CMAKE_PREFIX_PATH=${CMAKE_PREFIX_PATH}:/opt/ros/humble /usr/bin/cmake --install /home/loong/AGV_sim/src/build/ros_gz_example_application
[0.247s] Level 1:colcon.colcon_core.environment:create_environment_scripts_only(ros_gz_example_description)
[0.247s] DEBUG:colcon.colcon_core.event_handler.log_command:Invoked command in '/home/loong/AGV_sim/src/build/ros_gz_example_description' returned '0': CMAKE_PREFIX_PATH=${CMAKE_PREFIX_PATH}:/opt/ros/humble /usr/bin/cmake --install /home/loong/AGV_sim/src/build/ros_gz_example_description
[0.250s] Level 1:colcon.colcon_core.environment:checking '/home/loong/AGV_sim/src/install/ros_gz_example_description' for CMake module files
[0.250s] Level 1:colcon.colcon_core.environment:checking '/home/loong/AGV_sim/src/install/ros_gz_example_description' for CMake config files
[0.251s] Level 1:colcon.colcon_core.shell:create_environment_hook('ros_gz_example_description', 'cmake_prefix_path')
[0.251s] INFO:colcon.colcon_core.shell:Creating environment hook '/home/loong/AGV_sim/src/install/ros_gz_example_description/share/ros_gz_example_description/hook/cmake_prefix_path.ps1'
[0.252s] INFO:colcon.colcon_core.shell:Creating environment descriptor '/home/loong/AGV_sim/src/install/ros_gz_example_description/share/ros_gz_example_description/hook/cmake_prefix_path.dsv'
[0.252s] INFO:colcon.colcon_core.shell:Creating environment hook '/home/loong/AGV_sim/src/install/ros_gz_example_description/share/ros_gz_example_description/hook/cmake_prefix_path.sh'
[0.252s] Level 1:colcon.colcon_core.environment:checking '/home/loong/AGV_sim/src/install/ros_gz_example_description/bin'
[0.252s] Level 1:colcon.colcon_core.environment:checking '/home/loong/AGV_sim/src/install/ros_gz_example_description/lib/pkgconfig/ros_gz_example_description.pc'
[0.252s] Level 1:colcon.colcon_core.environment:checking '/home/loong/AGV_sim/src/install/ros_gz_example_description/lib/python3.10/site-packages'
[0.252s] Level 1:colcon.colcon_core.environment:checking '/home/loong/AGV_sim/src/install/ros_gz_example_description/bin'
[0.253s] INFO:colcon.colcon_core.shell:Creating package script '/home/loong/AGV_sim/src/install/ros_gz_example_description/share/ros_gz_example_description/package.ps1'
[0.253s] INFO:colcon.colcon_core.shell:Creating package descriptor '/home/loong/AGV_sim/src/install/ros_gz_example_description/share/ros_gz_example_description/package.dsv'
[0.253s] INFO:colcon.colcon_core.shell:Creating package script '/home/loong/AGV_sim/src/install/ros_gz_example_description/share/ros_gz_example_description/package.sh'
[0.253s] INFO:colcon.colcon_core.shell:Creating package script '/home/loong/AGV_sim/src/install/ros_gz_example_description/share/ros_gz_example_description/package.bash'
[0.254s] INFO:colcon.colcon_core.shell:Creating package script '/home/loong/AGV_sim/src/install/ros_gz_example_description/share/ros_gz_example_description/package.zsh'
[0.254s] Level 1:colcon.colcon_core.environment:create_file_with_runtime_dependencies(/home/loong/AGV_sim/src/install/ros_gz_example_description/share/colcon-core/packages/ros_gz_example_description)
[0.255s] Level 1:colcon.colcon_core.environment:create_environment_scripts_only(ros_gz_example_description)
[0.255s] Level 1:colcon.colcon_core.environment:checking '/home/loong/AGV_sim/src/install/ros_gz_example_description' for CMake module files
[0.255s] Level 1:colcon.colcon_core.environment:checking '/home/loong/AGV_sim/src/install/ros_gz_example_description' for CMake config files
[0.255s] Level 1:colcon.colcon_core.shell:create_environment_hook('ros_gz_example_description', 'cmake_prefix_path')
[0.255s] INFO:colcon.colcon_core.shell:Creating environment hook '/home/loong/AGV_sim/src/install/ros_gz_example_description/share/ros_gz_example_description/hook/cmake_prefix_path.ps1'
[0.255s] INFO:colcon.colcon_core.shell:Creating environment descriptor '/home/loong/AGV_sim/src/install/ros_gz_example_description/share/ros_gz_example_description/hook/cmake_prefix_path.dsv'
[0.255s] INFO:colcon.colcon_core.shell:Creating environment hook '/home/loong/AGV_sim/src/install/ros_gz_example_description/share/ros_gz_example_description/hook/cmake_prefix_path.sh'
[0.256s] Level 1:colcon.colcon_core.environment:checking '/home/loong/AGV_sim/src/install/ros_gz_example_description/bin'
[0.256s] Level 1:colcon.colcon_core.environment:checking '/home/loong/AGV_sim/src/install/ros_gz_example_description/lib/pkgconfig/ros_gz_example_description.pc'
[0.256s] Level 1:colcon.colcon_core.environment:checking '/home/loong/AGV_sim/src/install/ros_gz_example_description/lib/python3.10/site-packages'
[0.256s] Level 1:colcon.colcon_core.environment:checking '/home/loong/AGV_sim/src/install/ros_gz_example_description/bin'
[0.256s] INFO:colcon.colcon_core.shell:Creating package script '/home/loong/AGV_sim/src/install/ros_gz_example_description/share/ros_gz_example_description/package.ps1'
[0.256s] INFO:colcon.colcon_core.shell:Creating package descriptor '/home/loong/AGV_sim/src/install/ros_gz_example_description/share/ros_gz_example_description/package.dsv'
[0.256s] INFO:colcon.colcon_core.shell:Creating package script '/home/loong/AGV_sim/src/install/ros_gz_example_description/share/ros_gz_example_description/package.sh'
[0.257s] INFO:colcon.colcon_core.shell:Creating package script '/home/loong/AGV_sim/src/install/ros_gz_example_description/share/ros_gz_example_description/package.bash'
[0.257s] INFO:colcon.colcon_core.shell:Creating package script '/home/loong/AGV_sim/src/install/ros_gz_example_description/share/ros_gz_example_description/package.zsh'
[0.257s] Level 1:colcon.colcon_core.environment:create_file_with_runtime_dependencies(/home/loong/AGV_sim/src/install/ros_gz_example_description/share/colcon-core/packages/ros_gz_example_description)
[0.257s] INFO:colcon.colcon_ros.task.ament_cmake.build:Building ROS package in '/home/loong/AGV_sim/src/ros_gz_project_template/ros_gz_example_gazebo' with build type 'ament_cmake'
[0.257s] INFO:colcon.colcon_cmake.task.cmake.build:Building CMake package in '/home/loong/AGV_sim/src/ros_gz_project_template/ros_gz_example_gazebo'
[0.257s] INFO:colcon.colcon_core.shell:Skip shell extension 'powershell' for command environment: Not usable outside of PowerShell
[0.257s] DEBUG:colcon.colcon_core.shell:Skip shell extension 'dsv' for command environment
[0.259s] Level 1:colcon.colcon_core.environment:create_environment_scripts_only(harbour_assets_description)
[0.259s] Level 1:colcon.colcon_core.environment:checking '/home/loong/AGV_sim/src/install/harbour_assets_description' for CMake module files
[0.260s] DEBUG:colcon.colcon_core.event_handler.log_command:Invoked command in '/home/loong/AGV_sim/src/build/harbour_assets_description' returned '0': CMAKE_PREFIX_PATH=${CMAKE_PREFIX_PATH}:/opt/ros/humble /usr/bin/cmake --install /home/loong/AGV_sim/src/build/harbour_assets_description
[0.260s] Level 1:colcon.colcon_core.environment:checking '/home/loong/AGV_sim/src/install/harbour_assets_description' for CMake config files
[0.260s] Level 1:colcon.colcon_core.shell:create_environment_hook('harbour_assets_description', 'cmake_prefix_path')
[0.260s] INFO:colcon.colcon_core.shell:Creating environment hook '/home/loong/AGV_sim/src/install/harbour_assets_description/share/harbour_assets_description/hook/cmake_prefix_path.ps1'
[0.260s] INFO:colcon.colcon_core.shell:Creating environment descriptor '/home/loong/AGV_sim/src/install/harbour_assets_description/share/harbour_assets_description/hook/cmake_prefix_path.dsv'
[0.260s] INFO:colcon.colcon_core.shell:Creating environment hook '/home/loong/AGV_sim/src/install/harbour_assets_description/share/harbour_assets_description/hook/cmake_prefix_path.sh'
[0.261s] Level 1:colcon.colcon_core.environment:checking '/home/loong/AGV_sim/src/install/harbour_assets_description/bin'
[0.261s] Level 1:colcon.colcon_core.environment:checking '/home/loong/AGV_sim/src/install/harbour_assets_description/lib/pkgconfig/harbour_assets_description.pc'
[0.261s] Level 1:colcon.colcon_core.environment:checking '/home/loong/AGV_sim/src/install/harbour_assets_description/lib/python3.10/site-packages'
[0.261s] Level 1:colcon.colcon_core.environment:checking '/home/loong/AGV_sim/src/install/harbour_assets_description/bin'
[0.261s] INFO:colcon.colcon_core.shell:Creating package script '/home/loong/AGV_sim/src/install/harbour_assets_description/share/harbour_assets_description/package.ps1'
[0.261s] INFO:colcon.colcon_core.shell:Creating package descriptor '/home/loong/AGV_sim/src/install/harbour_assets_description/share/harbour_assets_description/package.dsv'
[0.262s] INFO:colcon.colcon_core.shell:Creating package script '/home/loong/AGV_sim/src/install/harbour_assets_description/share/harbour_assets_description/package.sh'
[0.262s] INFO:colcon.colcon_core.shell:Creating package script '/home/loong/AGV_sim/src/install/harbour_assets_description/share/harbour_assets_description/package.bash'
[0.262s] INFO:colcon.colcon_core.shell:Creating package script '/home/loong/AGV_sim/src/install/harbour_assets_description/share/harbour_assets_description/package.zsh'
[0.262s] Level 1:colcon.colcon_core.environment:create_file_with_runtime_dependencies(/home/loong/AGV_sim/src/install/harbour_assets_description/share/colcon-core/packages/harbour_assets_description)
[0.262s] Level 1:colcon.colcon_core.environment:create_environment_scripts_only(harbour_assets_description)
[0.262s] Level 1:colcon.colcon_core.environment:checking '/home/loong/AGV_sim/src/install/harbour_assets_description' for CMake module files
[0.263s] Level 1:colcon.colcon_core.environment:checking '/home/loong/AGV_sim/src/install/harbour_assets_description' for CMake config files
[0.263s] Level 1:colcon.colcon_core.shell:create_environment_hook('harbour_assets_description', 'cmake_prefix_path')
[0.263s] INFO:colcon.colcon_core.shell:Creating environment hook '/home/loong/AGV_sim/src/install/harbour_assets_description/share/harbour_assets_description/hook/cmake_prefix_path.ps1'
[0.263s] INFO:colcon.colcon_core.shell:Creating environment descriptor '/home/loong/AGV_sim/src/install/harbour_assets_description/share/harbour_assets_description/hook/cmake_prefix_path.dsv'
[0.263s] INFO:colcon.colcon_core.shell:Creating environment hook '/home/loong/AGV_sim/src/install/harbour_assets_description/share/harbour_assets_description/hook/cmake_prefix_path.sh'
[0.264s] Level 1:colcon.colcon_core.environment:checking '/home/loong/AGV_sim/src/install/harbour_assets_description/bin'
[0.264s] Level 1:colcon.colcon_core.environment:checking '/home/loong/AGV_sim/src/install/harbour_assets_description/lib/pkgconfig/harbour_assets_description.pc'
[0.264s] Level 1:colcon.colcon_core.environment:checking '/home/loong/AGV_sim/src/install/harbour_assets_description/lib/python3.10/site-packages'
[0.264s] Level 1:colcon.colcon_core.environment:checking '/home/loong/AGV_sim/src/install/harbour_assets_description/bin'
[0.264s] INFO:colcon.colcon_core.shell:Creating package script '/home/loong/AGV_sim/src/install/harbour_assets_description/share/harbour_assets_description/package.ps1'
[0.265s] INFO:colcon.colcon_core.shell:Creating package descriptor '/home/loong/AGV_sim/src/install/harbour_assets_description/share/harbour_assets_description/package.dsv'
[0.265s] INFO:colcon.colcon_core.shell:Creating package script '/home/loong/AGV_sim/src/install/harbour_assets_description/share/harbour_assets_description/package.sh'
[0.265s] INFO:colcon.colcon_core.shell:Creating package script '/home/loong/AGV_sim/src/install/harbour_assets_description/share/harbour_assets_description/package.bash'
[0.265s] INFO:colcon.colcon_core.shell:Creating package script '/home/loong/AGV_sim/src/install/harbour_assets_description/share/harbour_assets_description/package.zsh'
[0.265s] Level 1:colcon.colcon_core.environment:create_file_with_runtime_dependencies(/home/loong/AGV_sim/src/install/harbour_assets_description/share/colcon-core/packages/harbour_assets_description)
[0.266s] Level 1:colcon.colcon_core.environment:create_environment_scripts_only(ros_gz_example_application)
[0.266s] Level 1:colcon.colcon_core.environment:checking '/home/loong/AGV_sim/src/install/ros_gz_example_application' for CMake module files
[0.266s] DEBUG:colcon.colcon_core.event_handler.log_command:Invoked command in '/home/loong/AGV_sim/src/build/ros_gz_example_application' returned '0': CMAKE_PREFIX_PATH=${CMAKE_PREFIX_PATH}:/opt/ros/humble /usr/bin/cmake --install /home/loong/AGV_sim/src/build/ros_gz_example_application
[0.266s] Level 1:colcon.colcon_core.environment:checking '/home/loong/AGV_sim/src/install/ros_gz_example_application' for CMake config files
[0.267s] Level 1:colcon.colcon_core.shell:create_environment_hook('ros_gz_example_application', 'cmake_prefix_path')
[0.267s] INFO:colcon.colcon_core.shell:Creating environment hook '/home/loong/AGV_sim/src/install/ros_gz_example_application/share/ros_gz_example_application/hook/cmake_prefix_path.ps1'
[0.267s] INFO:colcon.colcon_core.shell:Creating environment descriptor '/home/loong/AGV_sim/src/install/ros_gz_example_application/share/ros_gz_example_application/hook/cmake_prefix_path.dsv'
[0.267s] INFO:colcon.colcon_core.shell:Creating environment hook '/home/loong/AGV_sim/src/install/ros_gz_example_application/share/ros_gz_example_application/hook/cmake_prefix_path.sh'
[0.267s] Level 1:colcon.colcon_core.environment:checking '/home/loong/AGV_sim/src/install/ros_gz_example_application/bin'
[0.267s] Level 1:colcon.colcon_core.environment:checking '/home/loong/AGV_sim/src/install/ros_gz_example_application/lib/pkgconfig/ros_gz_example_application.pc'
[0.267s] Level 1:colcon.colcon_core.environment:checking '/home/loong/AGV_sim/src/install/ros_gz_example_application/lib/python3.10/site-packages'
[0.267s] Level 1:colcon.colcon_core.environment:checking '/home/loong/AGV_sim/src/install/ros_gz_example_application/bin'
[0.268s] INFO:colcon.colcon_core.shell:Creating package script '/home/loong/AGV_sim/src/install/ros_gz_example_application/share/ros_gz_example_application/package.ps1'
[0.268s] INFO:colcon.colcon_core.shell:Creating package descriptor '/home/loong/AGV_sim/src/install/ros_gz_example_application/share/ros_gz_example_application/package.dsv'
[0.268s] INFO:colcon.colcon_core.shell:Creating package script '/home/loong/AGV_sim/src/install/ros_gz_example_application/share/ros_gz_example_application/package.sh'
[0.268s] INFO:colcon.colcon_core.shell:Creating package script '/home/loong/AGV_sim/src/install/ros_gz_example_application/share/ros_gz_example_application/package.bash'
[0.268s] INFO:colcon.colcon_core.shell:Creating package script '/home/loong/AGV_sim/src/install/ros_gz_example_application/share/ros_gz_example_application/package.zsh'
[0.268s] Level 1:colcon.colcon_core.environment:create_file_with_runtime_dependencies(/home/loong/AGV_sim/src/install/ros_gz_example_application/share/colcon-core/packages/ros_gz_example_application)
[0.269s] Level 1:colcon.colcon_core.environment:create_environment_scripts_only(ros_gz_example_application)
[0.269s] Level 1:colcon.colcon_core.environment:checking '/home/loong/AGV_sim/src/install/ros_gz_example_application' for CMake module files
[0.269s] Level 1:colcon.colcon_core.environment:checking '/home/loong/AGV_sim/src/install/ros_gz_example_application' for CMake config files
[0.269s] Level 1:colcon.colcon_core.shell:create_environment_hook('ros_gz_example_application', 'cmake_prefix_path')
[0.269s] INFO:colcon.colcon_core.shell:Creating environment hook '/home/loong/AGV_sim/src/install/ros_gz_example_application/share/ros_gz_example_application/hook/cmake_prefix_path.ps1'
[0.270s] INFO:colcon.colcon_core.shell:Creating environment descriptor '/home/loong/AGV_sim/src/install/ros_gz_example_application/share/ros_gz_example_application/hook/cmake_prefix_path.dsv'
[0.270s] INFO:colcon.colcon_core.shell:Creating environment hook '/home/loong/AGV_sim/src/install/ros_gz_example_application/share/ros_gz_example_application/hook/cmake_prefix_path.sh'
[0.270s] Level 1:colcon.colcon_core.environment:checking '/home/loong/AGV_sim/src/install/ros_gz_example_application/bin'
[0.270s] Level 1:colcon.colcon_core.environment:checking '/home/loong/AGV_sim/src/install/ros_gz_example_application/lib/pkgconfig/ros_gz_example_application.pc'
[0.270s] Level 1:colcon.colcon_core.environment:checking '/home/loong/AGV_sim/src/install/ros_gz_example_application/lib/python3.10/site-packages'
[0.271s] Level 1:colcon.colcon_core.environment:checking '/home/loong/AGV_sim/src/install/ros_gz_example_application/bin'
[0.271s] INFO:colcon.colcon_core.shell:Creating package script '/home/loong/AGV_sim/src/install/ros_gz_example_application/share/ros_gz_example_application/package.ps1'
[0.271s] INFO:colcon.colcon_core.shell:Creating package descriptor '/home/loong/AGV_sim/src/install/ros_gz_example_application/share/ros_gz_example_application/package.dsv'
[0.271s] INFO:colcon.colcon_core.shell:Creating package script '/home/loong/AGV_sim/src/install/ros_gz_example_application/share/ros_gz_example_application/package.sh'
[0.272s] INFO:colcon.colcon_core.shell:Creating package script '/home/loong/AGV_sim/src/install/ros_gz_example_application/share/ros_gz_example_application/package.bash'
[0.272s] INFO:colcon.colcon_core.shell:Creating package script '/home/loong/AGV_sim/src/install/ros_gz_example_application/share/ros_gz_example_application/package.zsh'
[0.272s] Level 1:colcon.colcon_core.environment:create_file_with_runtime_dependencies(/home/loong/AGV_sim/src/install/ros_gz_example_application/share/colcon-core/packages/ros_gz_example_application)
[0.275s] DEBUG:colcon.colcon_core.event_handler.log_command:Invoking command in '/home/loong/AGV_sim/src/build/ros_gz_example_gazebo': AMENT_PREFIX_PATH=/home/loong/AGV_sim/src/install/ros_gz_example_description:${AMENT_PREFIX_PATH} CMAKE_PREFIX_PATH=/home/loong/AGV_sim/src/install/ros_gz_example_description:/home/loong/AGV_sim/install/ros_gz_example_bringup:/home/loong/AGV_sim/install/ros_gz_example_gazebo:/home/loong/AGV_sim/install/ros_gz_example_description:/home/loong/AGV_sim/install/ros_gz_example_application:/opt/ros/humble GZ_SIM_RESOURCE_PATH=/home/loong/AGV_sim/src/install/ros_gz_example_description/share/ros_gz_example_description/models:${GZ_SIM_RESOURCE_PATH} /usr/bin/cmake --build /home/loong/AGV_sim/src/build/ros_gz_example_gazebo -- -j32 -l32
[0.343s] DEBUG:colcon.colcon_core.event_handler.log_command:Invoked command in '/home/loong/AGV_sim/src/build/ros_gz_example_gazebo' returned '0': AMENT_PREFIX_PATH=/home/loong/AGV_sim/src/install/ros_gz_example_description:${AMENT_PREFIX_PATH} CMAKE_PREFIX_PATH=/home/loong/AGV_sim/src/install/ros_gz_example_description:/home/loong/AGV_sim/install/ros_gz_example_bringup:/home/loong/AGV_sim/install/ros_gz_example_gazebo:/home/loong/AGV_sim/install/ros_gz_example_description:/home/loong/AGV_sim/install/ros_gz_example_application:/opt/ros/humble GZ_SIM_RESOURCE_PATH=/home/loong/AGV_sim/src/install/ros_gz_example_description/share/ros_gz_example_description/models:${GZ_SIM_RESOURCE_PATH} /usr/bin/cmake --build /home/loong/AGV_sim/src/build/ros_gz_example_gazebo -- -j32 -l32
[0.346s] DEBUG:colcon.colcon_core.event_handler.log_command:Invoking command in '/home/loong/AGV_sim/src/build/ros_gz_example_gazebo': AMENT_PREFIX_PATH=/home/loong/AGV_sim/src/install/ros_gz_example_description:${AMENT_PREFIX_PATH} CMAKE_PREFIX_PATH=/home/loong/AGV_sim/src/install/ros_gz_example_description:/home/loong/AGV_sim/install/ros_gz_example_bringup:/home/loong/AGV_sim/install/ros_gz_example_gazebo:/home/loong/AGV_sim/install/ros_gz_example_description:/home/loong/AGV_sim/install/ros_gz_example_application:/opt/ros/humble GZ_SIM_RESOURCE_PATH=/home/loong/AGV_sim/src/install/ros_gz_example_description/share/ros_gz_example_description/models:${GZ_SIM_RESOURCE_PATH} /usr/bin/cmake --install /home/loong/AGV_sim/src/build/ros_gz_example_gazebo
[0.372s] Level 1:colcon.colcon_core.environment:create_environment_scripts_only(ros_gz_example_gazebo)
[0.372s] Level 1:colcon.colcon_core.environment:checking '/home/loong/AGV_sim/src/install/ros_gz_example_gazebo' for CMake module files
[0.373s] DEBUG:colcon.colcon_core.event_handler.log_command:Invoked command in '/home/loong/AGV_sim/src/build/ros_gz_example_gazebo' returned '0': AMENT_PREFIX_PATH=/home/loong/AGV_sim/src/install/ros_gz_example_description:${AMENT_PREFIX_PATH} CMAKE_PREFIX_PATH=/home/loong/AGV_sim/src/install/ros_gz_example_description:/home/loong/AGV_sim/install/ros_gz_example_bringup:/home/loong/AGV_sim/install/ros_gz_example_gazebo:/home/loong/AGV_sim/install/ros_gz_example_description:/home/loong/AGV_sim/install/ros_gz_example_application:/opt/ros/humble GZ_SIM_RESOURCE_PATH=/home/loong/AGV_sim/src/install/ros_gz_example_description/share/ros_gz_example_description/models:${GZ_SIM_RESOURCE_PATH} /usr/bin/cmake --install /home/loong/AGV_sim/src/build/ros_gz_example_gazebo
[0.374s] Level 1:colcon.colcon_core.environment:checking '/home/loong/AGV_sim/src/install/ros_gz_example_gazebo' for CMake config files
[0.375s] Level 1:colcon.colcon_core.shell:create_environment_hook('ros_gz_example_gazebo', 'cmake_prefix_path')
[0.375s] INFO:colcon.colcon_core.shell:Creating environment hook '/home/loong/AGV_sim/src/install/ros_gz_example_gazebo/share/ros_gz_example_gazebo/hook/cmake_prefix_path.ps1'
[0.376s] INFO:colcon.colcon_core.shell:Creating environment descriptor '/home/loong/AGV_sim/src/install/ros_gz_example_gazebo/share/ros_gz_example_gazebo/hook/cmake_prefix_path.dsv'
[0.376s] INFO:colcon.colcon_core.shell:Creating environment hook '/home/loong/AGV_sim/src/install/ros_gz_example_gazebo/share/ros_gz_example_gazebo/hook/cmake_prefix_path.sh'
[0.377s] Level 1:colcon.colcon_core.environment:checking '/home/loong/AGV_sim/src/install/ros_gz_example_gazebo/lib'
[0.377s] Level 1:colcon.colcon_core.environment:checking '/home/loong/AGV_sim/src/install/ros_gz_example_gazebo/bin'
[0.377s] Level 1:colcon.colcon_core.environment:checking '/home/loong/AGV_sim/src/install/ros_gz_example_gazebo/lib/pkgconfig/ros_gz_example_gazebo.pc'
[0.378s] Level 1:colcon.colcon_core.environment:checking '/home/loong/AGV_sim/src/install/ros_gz_example_gazebo/lib/python3.10/site-packages'
[0.378s] Level 1:colcon.colcon_core.environment:checking '/home/loong/AGV_sim/src/install/ros_gz_example_gazebo/bin'
[0.379s] INFO:colcon.colcon_core.shell:Creating package script '/home/loong/AGV_sim/src/install/ros_gz_example_gazebo/share/ros_gz_example_gazebo/package.ps1'
[0.380s] INFO:colcon.colcon_core.shell:Creating package descriptor '/home/loong/AGV_sim/src/install/ros_gz_example_gazebo/share/ros_gz_example_gazebo/package.dsv'
[0.380s] INFO:colcon.colcon_core.shell:Creating package script '/home/loong/AGV_sim/src/install/ros_gz_example_gazebo/share/ros_gz_example_gazebo/package.sh'
[0.381s] INFO:colcon.colcon_core.shell:Creating package script '/home/loong/AGV_sim/src/install/ros_gz_example_gazebo/share/ros_gz_example_gazebo/package.bash'
[0.381s] INFO:colcon.colcon_core.shell:Creating package script '/home/loong/AGV_sim/src/install/ros_gz_example_gazebo/share/ros_gz_example_gazebo/package.zsh'
[0.381s] Level 1:colcon.colcon_core.environment:create_file_with_runtime_dependencies(/home/loong/AGV_sim/src/install/ros_gz_example_gazebo/share/colcon-core/packages/ros_gz_example_gazebo)
[0.382s] Level 1:colcon.colcon_core.environment:create_environment_scripts_only(ros_gz_example_gazebo)
[0.382s] Level 1:colcon.colcon_core.environment:checking '/home/loong/AGV_sim/src/install/ros_gz_example_gazebo' for CMake module files
[0.383s] Level 1:colcon.colcon_core.environment:checking '/home/loong/AGV_sim/src/install/ros_gz_example_gazebo' for CMake config files
[0.384s] Level 1:colcon.colcon_core.shell:create_environment_hook('ros_gz_example_gazebo', 'cmake_prefix_path')
[0.384s] INFO:colcon.colcon_core.shell:Creating environment hook '/home/loong/AGV_sim/src/install/ros_gz_example_gazebo/share/ros_gz_example_gazebo/hook/cmake_prefix_path.ps1'
[0.384s] INFO:colcon.colcon_core.shell:Creating environment descriptor '/home/loong/AGV_sim/src/install/ros_gz_example_gazebo/share/ros_gz_example_gazebo/hook/cmake_prefix_path.dsv'
[0.385s] INFO:colcon.colcon_core.shell:Creating environment hook '/home/loong/AGV_sim/src/install/ros_gz_example_gazebo/share/ros_gz_example_gazebo/hook/cmake_prefix_path.sh'
[0.385s] Level 1:colcon.colcon_core.environment:checking '/home/loong/AGV_sim/src/install/ros_gz_example_gazebo/lib'
[0.385s] Level 1:colcon.colcon_core.environment:checking '/home/loong/AGV_sim/src/install/ros_gz_example_gazebo/bin'
[0.385s] Level 1:colcon.colcon_core.environment:checking '/home/loong/AGV_sim/src/install/ros_gz_example_gazebo/lib/pkgconfig/ros_gz_example_gazebo.pc'
[0.386s] Level 1:colcon.colcon_core.environment:checking '/home/loong/AGV_sim/src/install/ros_gz_example_gazebo/lib/python3.10/site-packages'
[0.386s] Level 1:colcon.colcon_core.environment:checking '/home/loong/AGV_sim/src/install/ros_gz_example_gazebo/bin'
[0.386s] INFO:colcon.colcon_core.shell:Creating package script '/home/loong/AGV_sim/src/install/ros_gz_example_gazebo/share/ros_gz_example_gazebo/package.ps1'
[0.387s] INFO:colcon.colcon_core.shell:Creating package descriptor '/home/loong/AGV_sim/src/install/ros_gz_example_gazebo/share/ros_gz_example_gazebo/package.dsv'
[0.387s] INFO:colcon.colcon_core.shell:Creating package script '/home/loong/AGV_sim/src/install/ros_gz_example_gazebo/share/ros_gz_example_gazebo/package.sh'
[0.388s] INFO:colcon.colcon_core.shell:Creating package script '/home/loong/AGV_sim/src/install/ros_gz_example_gazebo/share/ros_gz_example_gazebo/package.bash'
[0.388s] INFO:colcon.colcon_core.shell:Creating package script '/home/loong/AGV_sim/src/install/ros_gz_example_gazebo/share/ros_gz_example_gazebo/package.zsh'
[0.388s] Level 1:colcon.colcon_core.environment:create_file_with_runtime_dependencies(/home/loong/AGV_sim/src/install/ros_gz_example_gazebo/share/colcon-core/packages/ros_gz_example_gazebo)
[0.389s] INFO:colcon.colcon_ros.task.ament_cmake.build:Building ROS package in '/home/loong/AGV_sim/src/ros_gz_project_template/ros_gz_example_bringup' with build type 'ament_cmake'
[0.389s] INFO:colcon.colcon_cmake.task.cmake.build:Building CMake package in '/home/loong/AGV_sim/src/ros_gz_project_template/ros_gz_example_bringup'
[0.389s] INFO:colcon.colcon_core.shell:Skip shell extension 'powershell' for command environment: Not usable outside of PowerShell
[0.389s] DEBUG:colcon.colcon_core.shell:Skip shell extension 'dsv' for command environment
[0.397s] DEBUG:colcon.colcon_core.event_handler.log_command:Invoking command in '/home/loong/AGV_sim/src/build/ros_gz_example_bringup': AMENT_PREFIX_PATH=/home/loong/AGV_sim/src/install/ros_gz_example_gazebo:/home/loong/AGV_sim/src/install/ros_gz_example_description:${AMENT_PREFIX_PATH} CMAKE_PREFIX_PATH=/home/loong/AGV_sim/src/install/ros_gz_example_gazebo:/home/loong/AGV_sim/src/install/ros_gz_example_description:/home/loong/AGV_sim/install/ros_gz_example_bringup:/home/loong/AGV_sim/install/ros_gz_example_gazebo:/home/loong/AGV_sim/install/ros_gz_example_description:/home/loong/AGV_sim/install/ros_gz_example_application:/opt/ros/humble GZ_SIM_PLUGIN_PATH=/home/loong/AGV_sim/src/install/ros_gz_example_gazebo/lib/ros_gz_example_gazebo GZ_SIM_RESOURCE_PATH=/home/loong/AGV_sim/src/install/ros_gz_example_gazebo/share/ros_gz_example_gazebo/worlds:/home/loong/AGV_sim/src/install/ros_gz_example_description/share/ros_gz_example_description/models:${GZ_SIM_RESOURCE_PATH} /usr/bin/cmake --build /home/loong/AGV_sim/src/build/ros_gz_example_bringup -- -j32 -l32
[0.423s] DEBUG:colcon.colcon_core.event_handler.log_command:Invoked command in '/home/loong/AGV_sim/src/build/ros_gz_example_bringup' returned '0': AMENT_PREFIX_PATH=/home/loong/AGV_sim/src/install/ros_gz_example_gazebo:/home/loong/AGV_sim/src/install/ros_gz_example_description:${AMENT_PREFIX_PATH} CMAKE_PREFIX_PATH=/home/loong/AGV_sim/src/install/ros_gz_example_gazebo:/home/loong/AGV_sim/src/install/ros_gz_example_description:/home/loong/AGV_sim/install/ros_gz_example_bringup:/home/loong/AGV_sim/install/ros_gz_example_gazebo:/home/loong/AGV_sim/install/ros_gz_example_description:/home/loong/AGV_sim/install/ros_gz_example_application:/opt/ros/humble GZ_SIM_PLUGIN_PATH=/home/loong/AGV_sim/src/install/ros_gz_example_gazebo/lib/ros_gz_example_gazebo GZ_SIM_RESOURCE_PATH=/home/loong/AGV_sim/src/install/ros_gz_example_gazebo/share/ros_gz_example_gazebo/worlds:/home/loong/AGV_sim/src/install/ros_gz_example_description/share/ros_gz_example_description/models:${GZ_SIM_RESOURCE_PATH} /usr/bin/cmake --build /home/loong/AGV_sim/src/build/ros_gz_example_bringup -- -j32 -l32
[0.424s] DEBUG:colcon.colcon_core.event_handler.log_command:Invoking command in '/home/loong/AGV_sim/src/build/ros_gz_example_bringup': AMENT_PREFIX_PATH=/home/loong/AGV_sim/src/install/ros_gz_example_gazebo:/home/loong/AGV_sim/src/install/ros_gz_example_description:${AMENT_PREFIX_PATH} CMAKE_PREFIX_PATH=/home/loong/AGV_sim/src/install/ros_gz_example_gazebo:/home/loong/AGV_sim/src/install/ros_gz_example_description:/home/loong/AGV_sim/install/ros_gz_example_bringup:/home/loong/AGV_sim/install/ros_gz_example_gazebo:/home/loong/AGV_sim/install/ros_gz_example_description:/home/loong/AGV_sim/install/ros_gz_example_application:/opt/ros/humble GZ_SIM_PLUGIN_PATH=/home/loong/AGV_sim/src/install/ros_gz_example_gazebo/lib/ros_gz_example_gazebo GZ_SIM_RESOURCE_PATH=/home/loong/AGV_sim/src/install/ros_gz_example_gazebo/share/ros_gz_example_gazebo/worlds:/home/loong/AGV_sim/src/install/ros_gz_example_description/share/ros_gz_example_description/models:${GZ_SIM_RESOURCE_PATH} /usr/bin/cmake --install /home/loong/AGV_sim/src/build/ros_gz_example_bringup
[0.436s] Level 1:colcon.colcon_core.environment:create_environment_scripts_only(ros_gz_example_bringup)
[0.436s] DEBUG:colcon.colcon_core.event_handler.log_command:Invoked command in '/home/loong/AGV_sim/src/build/ros_gz_example_bringup' returned '0': AMENT_PREFIX_PATH=/home/loong/AGV_sim/src/install/ros_gz_example_gazebo:/home/loong/AGV_sim/src/install/ros_gz_example_description:${AMENT_PREFIX_PATH} CMAKE_PREFIX_PATH=/home/loong/AGV_sim/src/install/ros_gz_example_gazebo:/home/loong/AGV_sim/src/install/ros_gz_example_description:/home/loong/AGV_sim/install/ros_gz_example_bringup:/home/loong/AGV_sim/install/ros_gz_example_gazebo:/home/loong/AGV_sim/install/ros_gz_example_description:/home/loong/AGV_sim/install/ros_gz_example_application:/opt/ros/humble GZ_SIM_PLUGIN_PATH=/home/loong/AGV_sim/src/install/ros_gz_example_gazebo/lib/ros_gz_example_gazebo GZ_SIM_RESOURCE_PATH=/home/loong/AGV_sim/src/install/ros_gz_example_gazebo/share/ros_gz_example_gazebo/worlds:/home/loong/AGV_sim/src/install/ros_gz_example_description/share/ros_gz_example_description/models:${GZ_SIM_RESOURCE_PATH} /usr/bin/cmake --install /home/loong/AGV_sim/src/build/ros_gz_example_bringup
[0.436s] Level 1:colcon.colcon_core.environment:checking '/home/loong/AGV_sim/src/install/ros_gz_example_bringup' for CMake module files
[0.437s] Level 1:colcon.colcon_core.environment:checking '/home/loong/AGV_sim/src/install/ros_gz_example_bringup' for CMake config files
[0.437s] Level 1:colcon.colcon_core.shell:create_environment_hook('ros_gz_example_bringup', 'cmake_prefix_path')
[0.437s] INFO:colcon.colcon_core.shell:Creating environment hook '/home/loong/AGV_sim/src/install/ros_gz_example_bringup/share/ros_gz_example_bringup/hook/cmake_prefix_path.ps1'
[0.438s] INFO:colcon.colcon_core.shell:Creating environment descriptor '/home/loong/AGV_sim/src/install/ros_gz_example_bringup/share/ros_gz_example_bringup/hook/cmake_prefix_path.dsv'
[0.438s] INFO:colcon.colcon_core.shell:Creating environment hook '/home/loong/AGV_sim/src/install/ros_gz_example_bringup/share/ros_gz_example_bringup/hook/cmake_prefix_path.sh'
[0.439s] Level 1:colcon.colcon_core.environment:checking '/home/loong/AGV_sim/src/install/ros_gz_example_bringup/bin'
[0.439s] Level 1:colcon.colcon_core.environment:checking '/home/loong/AGV_sim/src/install/ros_gz_example_bringup/lib/pkgconfig/ros_gz_example_bringup.pc'
[0.439s] Level 1:colcon.colcon_core.environment:checking '/home/loong/AGV_sim/src/install/ros_gz_example_bringup/lib/python3.10/site-packages'
[0.439s] Level 1:colcon.colcon_core.environment:checking '/home/loong/AGV_sim/src/install/ros_gz_example_bringup/bin'
[0.440s] INFO:colcon.colcon_core.shell:Creating package script '/home/loong/AGV_sim/src/install/ros_gz_example_bringup/share/ros_gz_example_bringup/package.ps1'
[0.440s] INFO:colcon.colcon_core.shell:Creating package descriptor '/home/loong/AGV_sim/src/install/ros_gz_example_bringup/share/ros_gz_example_bringup/package.dsv'
[0.440s] INFO:colcon.colcon_core.shell:Creating package script '/home/loong/AGV_sim/src/install/ros_gz_example_bringup/share/ros_gz_example_bringup/package.sh'
[0.440s] INFO:colcon.colcon_core.shell:Creating package script '/home/loong/AGV_sim/src/install/ros_gz_example_bringup/share/ros_gz_example_bringup/package.bash'
[0.440s] INFO:colcon.colcon_core.shell:Creating package script '/home/loong/AGV_sim/src/install/ros_gz_example_bringup/share/ros_gz_example_bringup/package.zsh'
[0.441s] Level 1:colcon.colcon_core.environment:create_file_with_runtime_dependencies(/home/loong/AGV_sim/src/install/ros_gz_example_bringup/share/colcon-core/packages/ros_gz_example_bringup)
[0.441s] Level 1:colcon.colcon_core.environment:create_environment_scripts_only(ros_gz_example_bringup)
[0.441s] Level 1:colcon.colcon_core.environment:checking '/home/loong/AGV_sim/src/install/ros_gz_example_bringup' for CMake module files
[0.441s] Level 1:colcon.colcon_core.environment:checking '/home/loong/AGV_sim/src/install/ros_gz_example_bringup' for CMake config files
[0.441s] Level 1:colcon.colcon_core.shell:create_environment_hook('ros_gz_example_bringup', 'cmake_prefix_path')
[0.442s] INFO:colcon.colcon_core.shell:Creating environment hook '/home/loong/AGV_sim/src/install/ros_gz_example_bringup/share/ros_gz_example_bringup/hook/cmake_prefix_path.ps1'
[0.442s] INFO:colcon.colcon_core.shell:Creating environment descriptor '/home/loong/AGV_sim/src/install/ros_gz_example_bringup/share/ros_gz_example_bringup/hook/cmake_prefix_path.dsv'
[0.442s] INFO:colcon.colcon_core.shell:Creating environment hook '/home/loong/AGV_sim/src/install/ros_gz_example_bringup/share/ros_gz_example_bringup/hook/cmake_prefix_path.sh'
[0.442s] Level 1:colcon.colcon_core.environment:checking '/home/loong/AGV_sim/src/install/ros_gz_example_bringup/bin'
[0.442s] Level 1:colcon.colcon_core.environment:checking '/home/loong/AGV_sim/src/install/ros_gz_example_bringup/lib/pkgconfig/ros_gz_example_bringup.pc'
[0.442s] Level 1:colcon.colcon_core.environment:checking '/home/loong/AGV_sim/src/install/ros_gz_example_bringup/lib/python3.10/site-packages'
[0.443s] Level 1:colcon.colcon_core.environment:checking '/home/loong/AGV_sim/src/install/ros_gz_example_bringup/bin'
[0.443s] INFO:colcon.colcon_core.shell:Creating package script '/home/loong/AGV_sim/src/install/ros_gz_example_bringup/share/ros_gz_example_bringup/package.ps1'
[0.443s] INFO:colcon.colcon_core.shell:Creating package descriptor '/home/loong/AGV_sim/src/install/ros_gz_example_bringup/share/ros_gz_example_bringup/package.dsv'
[0.443s] INFO:colcon.colcon_core.shell:Creating package script '/home/loong/AGV_sim/src/install/ros_gz_example_bringup/share/ros_gz_example_bringup/package.sh'
[0.444s] INFO:colcon.colcon_core.shell:Creating package script '/home/loong/AGV_sim/src/install/ros_gz_example_bringup/share/ros_gz_example_bringup/package.bash'
[0.444s] INFO:colcon.colcon_core.shell:Creating package script '/home/loong/AGV_sim/src/install/ros_gz_example_bringup/share/ros_gz_example_bringup/package.zsh'
[0.444s] Level 1:colcon.colcon_core.environment:create_file_with_runtime_dependencies(/home/loong/AGV_sim/src/install/ros_gz_example_bringup/share/colcon-core/packages/ros_gz_example_bringup)
[0.444s] DEBUG:colcon.colcon_parallel_executor.executor.parallel:closing loop
[0.444s] DEBUG:colcon.colcon_parallel_executor.executor.parallel:loop closed
[0.444s] DEBUG:colcon.colcon_parallel_executor.executor.parallel:run_until_complete finished with '0'
[0.444s] DEBUG:colcon.colcon_core.event_reactor:joining thread
[0.448s] INFO:colcon.colcon_core.plugin_system:Skipping extension 'colcon_notification.desktop_notification.terminal_notifier': Not used on non-Darwin systems
[0.448s] INFO:colcon.colcon_core.plugin_system:Skipping extension 'colcon_notification.desktop_notification.win32': Not used on non-Windows systems
[0.448s] INFO:colcon.colcon_notification.desktop_notification:Sending desktop notification using 'notify2'
[0.457s] DEBUG:colcon.colcon_core.event_reactor:joined thread
[0.457s] INFO:colcon.colcon_core.shell:Creating prefix script '/home/loong/AGV_sim/src/install/local_setup.ps1'
[0.458s] INFO:colcon.colcon_core.shell:Creating prefix util module '/home/loong/AGV_sim/src/install/_local_setup_util_ps1.py'
[0.459s] INFO:colcon.colcon_core.shell:Creating prefix chain script '/home/loong/AGV_sim/src/install/setup.ps1'
[0.460s] INFO:colcon.colcon_core.shell:Creating prefix script '/home/loong/AGV_sim/src/install/local_setup.sh'
[0.460s] INFO:colcon.colcon_core.shell:Creating prefix util module '/home/loong/AGV_sim/src/install/_local_setup_util_sh.py'
[0.460s] INFO:colcon.colcon_core.shell:Creating prefix chain script '/home/loong/AGV_sim/src/install/setup.sh'
[0.461s] INFO:colcon.colcon_core.shell:Creating prefix script '/home/loong/AGV_sim/src/install/local_setup.bash'
[0.461s] INFO:colcon.colcon_core.shell:Creating prefix chain script '/home/loong/AGV_sim/src/install/setup.bash'
[0.461s] INFO:colcon.colcon_core.shell:Creating prefix script '/home/loong/AGV_sim/src/install/local_setup.zsh'
[0.462s] INFO:colcon.colcon_core.shell:Creating prefix chain script '/home/loong/AGV_sim/src/install/setup.zsh'
