[0.048s] DEBUG:colcon:Command line arguments: ['/usr/bin/colcon', 'build', '--symlink-install']
[0.048s] DEBUG:colcon:Parsed command line arguments: Namespace(log_base=None, log_level=None, verb_name='build', build_base='build', install_base='install', merge_install=False, symlink_install=True, test_result_base=None, continue_on_error=False, executor='parallel', parallel_workers=32, event_handlers=None, ignore_user_meta=False, metas=['./colcon.meta'], base_paths=['.'], packages_ignore=None, packages_ignore_regex=None, paths=None, packages_up_to=None, packages_up_to_regex=None, packages_above=None, packages_above_and_dependencies=None, packages_above_depth=None, packages_select_by_dep=None, packages_skip_by_dep=None, packages_skip_up_to=None, packages_select_build_failed=False, packages_skip_build_finished=False, packages_select_test_failures=False, packages_skip_test_passed=False, packages_select=None, packages_skip=None, packages_select_regex=None, packages_skip_regex=None, packages_start=None, packages_end=None, allow_overriding=[], cmake_args=None, cmake_target=None, cmake_target_skip_unavailable=False, cmake_clean_cache=False, cmake_clean_first=False, cmake_force_configure=False, ament_cmake_args=None, catkin_cmake_args=None, catkin_skip_building_tests=False, mixin_files=None, mixin=None, verb_parser=<colcon_mixin.mixin.mixin_argument.MixinArgumentDecorator object at 0x7d18b3869de0>, verb_extension=<colcon_core.verb.build.BuildVerb object at 0x7d18b3869750>, main=<bound method BuildVerb.main of <colcon_core.verb.build.BuildVerb object at 0x7d18b3869750>>, mixin_verb=('build',))
[0.120s] Level 1:colcon.colcon_core.package_discovery:discover_packages(colcon_meta) check parameters
[0.120s] Level 1:colcon.colcon_core.package_discovery:discover_packages(recursive) check parameters
[0.120s] Level 1:colcon.colcon_core.package_discovery:discover_packages(ignore) check parameters
[0.120s] Level 1:colcon.colcon_core.package_discovery:discover_packages(path) check parameters
[0.120s] Level 1:colcon.colcon_core.package_discovery:discover_packages(colcon_meta) discover
[0.120s] Level 1:colcon.colcon_core.package_discovery:discover_packages(recursive) discover
[0.120s] INFO:colcon.colcon_core.package_discovery:Crawling recursively for packages in '/home/loong/AGV_sim/src'
[0.121s] Level 1:colcon.colcon_core.package_identification:_identify(.) by extensions ['ignore', 'ignore_ament_install']
[0.121s] Level 1:colcon.colcon_core.package_identification:_identify(.) by extension 'ignore'
[0.121s] Level 1:colcon.colcon_core.package_identification:_identify(.) by extension 'ignore_ament_install'
[0.121s] Level 1:colcon.colcon_core.package_identification:_identify(.) by extensions ['colcon_pkg']
[0.121s] Level 1:colcon.colcon_core.package_identification:_identify(.) by extension 'colcon_pkg'
[0.121s] Level 1:colcon.colcon_core.package_identification:_identify(.) by extensions ['colcon_meta']
[0.121s] Level 1:colcon.colcon_core.package_identification:_identify(.) by extension 'colcon_meta'
[0.121s] Level 1:colcon.colcon_core.package_identification:_identify(.) by extensions ['ros']
[0.121s] Level 1:colcon.colcon_core.package_identification:_identify(.) by extension 'ros'
[0.126s] Level 1:colcon.colcon_core.package_identification:_identify(.) by extensions ['cmake', 'python']
[0.126s] Level 1:colcon.colcon_core.package_identification:_identify(.) by extension 'cmake'
[0.126s] Level 1:colcon.colcon_core.package_identification:_identify(.) by extension 'python'
[0.126s] Level 1:colcon.colcon_core.package_identification:_identify(.) by extensions ['python_setup_py']
[0.126s] Level 1:colcon.colcon_core.package_identification:_identify(.) by extension 'python_setup_py'
[0.126s] Level 1:colcon.colcon_core.package_identification:_identify(Gazebo_Harbour_Models) by extensions ['ignore', 'ignore_ament_install']
[0.126s] Level 1:colcon.colcon_core.package_identification:_identify(Gazebo_Harbour_Models) by extension 'ignore'
[0.126s] Level 1:colcon.colcon_core.package_identification:_identify(Gazebo_Harbour_Models) ignored
[0.126s] Level 1:colcon.colcon_core.package_identification:_identify(build) by extensions ['ignore', 'ignore_ament_install']
[0.126s] Level 1:colcon.colcon_core.package_identification:_identify(build) by extension 'ignore'
[0.126s] Level 1:colcon.colcon_core.package_identification:_identify(build) ignored
[0.126s] Level 1:colcon.colcon_core.package_identification:_identify(docs) by extensions ['ignore', 'ignore_ament_install']
[0.126s] Level 1:colcon.colcon_core.package_identification:_identify(docs) by extension 'ignore'
[0.126s] Level 1:colcon.colcon_core.package_identification:_identify(docs) by extension 'ignore_ament_install'
[0.126s] Level 1:colcon.colcon_core.package_identification:_identify(docs) by extensions ['colcon_pkg']
[0.126s] Level 1:colcon.colcon_core.package_identification:_identify(docs) by extension 'colcon_pkg'
[0.126s] Level 1:colcon.colcon_core.package_identification:_identify(docs) by extensions ['colcon_meta']
[0.126s] Level 1:colcon.colcon_core.package_identification:_identify(docs) by extension 'colcon_meta'
[0.126s] Level 1:colcon.colcon_core.package_identification:_identify(docs) by extensions ['ros']
[0.126s] Level 1:colcon.colcon_core.package_identification:_identify(docs) by extension 'ros'
[0.126s] Level 1:colcon.colcon_core.package_identification:_identify(docs) by extensions ['cmake', 'python']
[0.126s] Level 1:colcon.colcon_core.package_identification:_identify(docs) by extension 'cmake'
[0.126s] Level 1:colcon.colcon_core.package_identification:_identify(docs) by extension 'python'
[0.126s] Level 1:colcon.colcon_core.package_identification:_identify(docs) by extensions ['python_setup_py']
[0.126s] Level 1:colcon.colcon_core.package_identification:_identify(docs) by extension 'python_setup_py'
[0.126s] Level 1:colcon.colcon_core.package_identification:_identify(harbour_assets_description) by extensions ['ignore', 'ignore_ament_install']
[0.126s] Level 1:colcon.colcon_core.package_identification:_identify(harbour_assets_description) by extension 'ignore'
[0.126s] Level 1:colcon.colcon_core.package_identification:_identify(harbour_assets_description) by extension 'ignore_ament_install'
[0.126s] Level 1:colcon.colcon_core.package_identification:_identify(harbour_assets_description) by extensions ['colcon_pkg']
[0.126s] Level 1:colcon.colcon_core.package_identification:_identify(harbour_assets_description) by extension 'colcon_pkg'
[0.127s] Level 1:colcon.colcon_core.package_identification:_identify(harbour_assets_description) by extensions ['colcon_meta']
[0.127s] Level 1:colcon.colcon_core.package_identification:_identify(harbour_assets_description) by extension 'colcon_meta'
[0.127s] Level 1:colcon.colcon_core.package_identification:_identify(harbour_assets_description) by extensions ['ros']
[0.127s] Level 1:colcon.colcon_core.package_identification:_identify(harbour_assets_description) by extension 'ros'
[0.128s] DEBUG:colcon.colcon_core.package_identification:Package 'harbour_assets_description' with type 'ros.ament_cmake' and name 'harbour_assets_description'
[0.128s] Level 1:colcon.colcon_core.package_identification:_identify(install) by extensions ['ignore', 'ignore_ament_install']
[0.128s] Level 1:colcon.colcon_core.package_identification:_identify(install) by extension 'ignore'
[0.128s] Level 1:colcon.colcon_core.package_identification:_identify(install) ignored
[0.128s] Level 1:colcon.colcon_core.package_identification:_identify(log) by extensions ['ignore', 'ignore_ament_install']
[0.128s] Level 1:colcon.colcon_core.package_identification:_identify(log) by extension 'ignore'
[0.128s] Level 1:colcon.colcon_core.package_identification:_identify(log) ignored
[0.128s] Level 1:colcon.colcon_core.package_identification:_identify(ros_gz_project_template) by extensions ['ignore', 'ignore_ament_install']
[0.128s] Level 1:colcon.colcon_core.package_identification:_identify(ros_gz_project_template) by extension 'ignore'
[0.128s] Level 1:colcon.colcon_core.package_identification:_identify(ros_gz_project_template) by extension 'ignore_ament_install'
[0.128s] Level 1:colcon.colcon_core.package_identification:_identify(ros_gz_project_template) by extensions ['colcon_pkg']
[0.128s] Level 1:colcon.colcon_core.package_identification:_identify(ros_gz_project_template) by extension 'colcon_pkg'
[0.128s] Level 1:colcon.colcon_core.package_identification:_identify(ros_gz_project_template) by extensions ['colcon_meta']
[0.128s] Level 1:colcon.colcon_core.package_identification:_identify(ros_gz_project_template) by extension 'colcon_meta'
[0.128s] Level 1:colcon.colcon_core.package_identification:_identify(ros_gz_project_template) by extensions ['ros']
[0.128s] Level 1:colcon.colcon_core.package_identification:_identify(ros_gz_project_template) by extension 'ros'
[0.128s] Level 1:colcon.colcon_core.package_identification:_identify(ros_gz_project_template) by extensions ['cmake', 'python']
[0.128s] Level 1:colcon.colcon_core.package_identification:_identify(ros_gz_project_template) by extension 'cmake'
[0.128s] Level 1:colcon.colcon_core.package_identification:_identify(ros_gz_project_template) by extension 'python'
[0.128s] Level 1:colcon.colcon_core.package_identification:_identify(ros_gz_project_template) by extensions ['python_setup_py']
[0.128s] Level 1:colcon.colcon_core.package_identification:_identify(ros_gz_project_template) by extension 'python_setup_py'
[0.128s] Level 1:colcon.colcon_core.package_identification:_identify(ros_gz_project_template/ros_gz_example_application) by extensions ['ignore', 'ignore_ament_install']
[0.128s] Level 1:colcon.colcon_core.package_identification:_identify(ros_gz_project_template/ros_gz_example_application) by extension 'ignore'
[0.128s] Level 1:colcon.colcon_core.package_identification:_identify(ros_gz_project_template/ros_gz_example_application) by extension 'ignore_ament_install'
[0.128s] Level 1:colcon.colcon_core.package_identification:_identify(ros_gz_project_template/ros_gz_example_application) by extensions ['colcon_pkg']
[0.128s] Level 1:colcon.colcon_core.package_identification:_identify(ros_gz_project_template/ros_gz_example_application) by extension 'colcon_pkg'
[0.128s] Level 1:colcon.colcon_core.package_identification:_identify(ros_gz_project_template/ros_gz_example_application) by extensions ['colcon_meta']
[0.128s] Level 1:colcon.colcon_core.package_identification:_identify(ros_gz_project_template/ros_gz_example_application) by extension 'colcon_meta'
[0.128s] Level 1:colcon.colcon_core.package_identification:_identify(ros_gz_project_template/ros_gz_example_application) by extensions ['ros']
[0.128s] Level 1:colcon.colcon_core.package_identification:_identify(ros_gz_project_template/ros_gz_example_application) by extension 'ros'
[0.129s] DEBUG:colcon.colcon_core.package_identification:Package 'ros_gz_project_template/ros_gz_example_application' with type 'ros.ament_cmake' and name 'ros_gz_example_application'
[0.129s] Level 1:colcon.colcon_core.package_identification:_identify(ros_gz_project_template/ros_gz_example_bringup) by extensions ['ignore', 'ignore_ament_install']
[0.129s] Level 1:colcon.colcon_core.package_identification:_identify(ros_gz_project_template/ros_gz_example_bringup) by extension 'ignore'
[0.129s] Level 1:colcon.colcon_core.package_identification:_identify(ros_gz_project_template/ros_gz_example_bringup) by extension 'ignore_ament_install'
[0.129s] Level 1:colcon.colcon_core.package_identification:_identify(ros_gz_project_template/ros_gz_example_bringup) by extensions ['colcon_pkg']
[0.129s] Level 1:colcon.colcon_core.package_identification:_identify(ros_gz_project_template/ros_gz_example_bringup) by extension 'colcon_pkg'
[0.129s] Level 1:colcon.colcon_core.package_identification:_identify(ros_gz_project_template/ros_gz_example_bringup) by extensions ['colcon_meta']
[0.129s] Level 1:colcon.colcon_core.package_identification:_identify(ros_gz_project_template/ros_gz_example_bringup) by extension 'colcon_meta'
[0.129s] Level 1:colcon.colcon_core.package_identification:_identify(ros_gz_project_template/ros_gz_example_bringup) by extensions ['ros']
[0.129s] Level 1:colcon.colcon_core.package_identification:_identify(ros_gz_project_template/ros_gz_example_bringup) by extension 'ros'
[0.129s] DEBUG:colcon.colcon_core.package_identification:Package 'ros_gz_project_template/ros_gz_example_bringup' with type 'ros.ament_cmake' and name 'ros_gz_example_bringup'
[0.129s] Level 1:colcon.colcon_core.package_identification:_identify(ros_gz_project_template/ros_gz_example_description) by extensions ['ignore', 'ignore_ament_install']
[0.129s] Level 1:colcon.colcon_core.package_identification:_identify(ros_gz_project_template/ros_gz_example_description) by extension 'ignore'
[0.129s] Level 1:colcon.colcon_core.package_identification:_identify(ros_gz_project_template/ros_gz_example_description) by extension 'ignore_ament_install'
[0.129s] Level 1:colcon.colcon_core.package_identification:_identify(ros_gz_project_template/ros_gz_example_description) by extensions ['colcon_pkg']
[0.129s] Level 1:colcon.colcon_core.package_identification:_identify(ros_gz_project_template/ros_gz_example_description) by extension 'colcon_pkg'
[0.129s] Level 1:colcon.colcon_core.package_identification:_identify(ros_gz_project_template/ros_gz_example_description) by extensions ['colcon_meta']
[0.129s] Level 1:colcon.colcon_core.package_identification:_identify(ros_gz_project_template/ros_gz_example_description) by extension 'colcon_meta'
[0.129s] Level 1:colcon.colcon_core.package_identification:_identify(ros_gz_project_template/ros_gz_example_description) by extensions ['ros']
[0.129s] Level 1:colcon.colcon_core.package_identification:_identify(ros_gz_project_template/ros_gz_example_description) by extension 'ros'
[0.130s] DEBUG:colcon.colcon_core.package_identification:Package 'ros_gz_project_template/ros_gz_example_description' with type 'ros.ament_cmake' and name 'ros_gz_example_description'
[0.130s] Level 1:colcon.colcon_core.package_identification:_identify(ros_gz_project_template/ros_gz_example_gazebo) by extensions ['ignore', 'ignore_ament_install']
[0.130s] Level 1:colcon.colcon_core.package_identification:_identify(ros_gz_project_template/ros_gz_example_gazebo) by extension 'ignore'
[0.130s] Level 1:colcon.colcon_core.package_identification:_identify(ros_gz_project_template/ros_gz_example_gazebo) by extension 'ignore_ament_install'
[0.130s] Level 1:colcon.colcon_core.package_identification:_identify(ros_gz_project_template/ros_gz_example_gazebo) by extensions ['colcon_pkg']
[0.130s] Level 1:colcon.colcon_core.package_identification:_identify(ros_gz_project_template/ros_gz_example_gazebo) by extension 'colcon_pkg'
[0.130s] Level 1:colcon.colcon_core.package_identification:_identify(ros_gz_project_template/ros_gz_example_gazebo) by extensions ['colcon_meta']
[0.130s] Level 1:colcon.colcon_core.package_identification:_identify(ros_gz_project_template/ros_gz_example_gazebo) by extension 'colcon_meta'
[0.130s] Level 1:colcon.colcon_core.package_identification:_identify(ros_gz_project_template/ros_gz_example_gazebo) by extensions ['ros']
[0.130s] Level 1:colcon.colcon_core.package_identification:_identify(ros_gz_project_template/ros_gz_example_gazebo) by extension 'ros'
[0.130s] DEBUG:colcon.colcon_core.package_identification:Package 'ros_gz_project_template/ros_gz_example_gazebo' with type 'ros.ament_cmake' and name 'ros_gz_example_gazebo'
[0.130s] Level 1:colcon.colcon_core.package_identification:_identify(web_dashboard) by extensions ['ignore', 'ignore_ament_install']
[0.130s] Level 1:colcon.colcon_core.package_identification:_identify(web_dashboard) by extension 'ignore'
[0.130s] Level 1:colcon.colcon_core.package_identification:_identify(web_dashboard) by extension 'ignore_ament_install'
[0.130s] Level 1:colcon.colcon_core.package_identification:_identify(web_dashboard) by extensions ['colcon_pkg']
[0.130s] Level 1:colcon.colcon_core.package_identification:_identify(web_dashboard) by extension 'colcon_pkg'
[0.130s] Level 1:colcon.colcon_core.package_identification:_identify(web_dashboard) by extensions ['colcon_meta']
[0.130s] Level 1:colcon.colcon_core.package_identification:_identify(web_dashboard) by extension 'colcon_meta'
[0.130s] Level 1:colcon.colcon_core.package_identification:_identify(web_dashboard) by extensions ['ros']
[0.130s] Level 1:colcon.colcon_core.package_identification:_identify(web_dashboard) by extension 'ros'
[0.130s] Level 1:colcon.colcon_core.package_identification:_identify(web_dashboard) by extensions ['cmake', 'python']
[0.130s] Level 1:colcon.colcon_core.package_identification:_identify(web_dashboard) by extension 'cmake'
[0.130s] Level 1:colcon.colcon_core.package_identification:_identify(web_dashboard) by extension 'python'
[0.130s] Level 1:colcon.colcon_core.package_identification:_identify(web_dashboard) by extensions ['python_setup_py']
[0.130s] Level 1:colcon.colcon_core.package_identification:_identify(web_dashboard) by extension 'python_setup_py'
[0.130s] Level 1:colcon.colcon_core.package_identification:_identify(web_dashboard/__pycache__) by extensions ['ignore', 'ignore_ament_install']
[0.130s] Level 1:colcon.colcon_core.package_identification:_identify(web_dashboard/__pycache__) by extension 'ignore'
[0.130s] Level 1:colcon.colcon_core.package_identification:_identify(web_dashboard/__pycache__) by extension 'ignore_ament_install'
[0.130s] Level 1:colcon.colcon_core.package_identification:_identify(web_dashboard/__pycache__) by extensions ['colcon_pkg']
[0.130s] Level 1:colcon.colcon_core.package_identification:_identify(web_dashboard/__pycache__) by extension 'colcon_pkg'
[0.130s] Level 1:colcon.colcon_core.package_identification:_identify(web_dashboard/__pycache__) by extensions ['colcon_meta']
[0.130s] Level 1:colcon.colcon_core.package_identification:_identify(web_dashboard/__pycache__) by extension 'colcon_meta'
[0.130s] Level 1:colcon.colcon_core.package_identification:_identify(web_dashboard/__pycache__) by extensions ['ros']
[0.130s] Level 1:colcon.colcon_core.package_identification:_identify(web_dashboard/__pycache__) by extension 'ros'
[0.130s] Level 1:colcon.colcon_core.package_identification:_identify(web_dashboard/__pycache__) by extensions ['cmake', 'python']
[0.130s] Level 1:colcon.colcon_core.package_identification:_identify(web_dashboard/__pycache__) by extension 'cmake'
[0.130s] Level 1:colcon.colcon_core.package_identification:_identify(web_dashboard/__pycache__) by extension 'python'
[0.130s] Level 1:colcon.colcon_core.package_identification:_identify(web_dashboard/__pycache__) by extensions ['python_setup_py']
[0.130s] Level 1:colcon.colcon_core.package_identification:_identify(web_dashboard/__pycache__) by extension 'python_setup_py'
[0.131s] Level 1:colcon.colcon_core.package_identification:_identify(web_dashboard/build) by extensions ['ignore', 'ignore_ament_install']
[0.131s] Level 1:colcon.colcon_core.package_identification:_identify(web_dashboard/build) by extension 'ignore'
[0.131s] Level 1:colcon.colcon_core.package_identification:_identify(web_dashboard/build) ignored
[0.131s] Level 1:colcon.colcon_core.package_identification:_identify(web_dashboard/install) by extensions ['ignore', 'ignore_ament_install']
[0.131s] Level 1:colcon.colcon_core.package_identification:_identify(web_dashboard/install) by extension 'ignore'
[0.131s] Level 1:colcon.colcon_core.package_identification:_identify(web_dashboard/install) ignored
[0.131s] Level 1:colcon.colcon_core.package_identification:_identify(web_dashboard/log) by extensions ['ignore', 'ignore_ament_install']
[0.131s] Level 1:colcon.colcon_core.package_identification:_identify(web_dashboard/log) by extension 'ignore'
[0.131s] Level 1:colcon.colcon_core.package_identification:_identify(web_dashboard/log) ignored
[0.131s] Level 1:colcon.colcon_core.package_identification:_identify(web_dashboard/static) by extensions ['ignore', 'ignore_ament_install']
[0.131s] Level 1:colcon.colcon_core.package_identification:_identify(web_dashboard/static) by extension 'ignore'
[0.131s] Level 1:colcon.colcon_core.package_identification:_identify(web_dashboard/static) by extension 'ignore_ament_install'
[0.131s] Level 1:colcon.colcon_core.package_identification:_identify(web_dashboard/static) by extensions ['colcon_pkg']
[0.131s] Level 1:colcon.colcon_core.package_identification:_identify(web_dashboard/static) by extension 'colcon_pkg'
[0.131s] Level 1:colcon.colcon_core.package_identification:_identify(web_dashboard/static) by extensions ['colcon_meta']
[0.131s] Level 1:colcon.colcon_core.package_identification:_identify(web_dashboard/static) by extension 'colcon_meta'
[0.131s] Level 1:colcon.colcon_core.package_identification:_identify(web_dashboard/static) by extensions ['ros']
[0.131s] Level 1:colcon.colcon_core.package_identification:_identify(web_dashboard/static) by extension 'ros'
[0.131s] Level 1:colcon.colcon_core.package_identification:_identify(web_dashboard/static) by extensions ['cmake', 'python']
[0.131s] Level 1:colcon.colcon_core.package_identification:_identify(web_dashboard/static) by extension 'cmake'
[0.131s] Level 1:colcon.colcon_core.package_identification:_identify(web_dashboard/static) by extension 'python'
[0.131s] Level 1:colcon.colcon_core.package_identification:_identify(web_dashboard/static) by extensions ['python_setup_py']
[0.131s] Level 1:colcon.colcon_core.package_identification:_identify(web_dashboard/static) by extension 'python_setup_py'
[0.131s] Level 1:colcon.colcon_core.package_identification:_identify(web_dashboard/static/css) by extensions ['ignore', 'ignore_ament_install']
[0.131s] Level 1:colcon.colcon_core.package_identification:_identify(web_dashboard/static/css) by extension 'ignore'
[0.131s] Level 1:colcon.colcon_core.package_identification:_identify(web_dashboard/static/css) by extension 'ignore_ament_install'
[0.131s] Level 1:colcon.colcon_core.package_identification:_identify(web_dashboard/static/css) by extensions ['colcon_pkg']
[0.131s] Level 1:colcon.colcon_core.package_identification:_identify(web_dashboard/static/css) by extension 'colcon_pkg'
[0.131s] Level 1:colcon.colcon_core.package_identification:_identify(web_dashboard/static/css) by extensions ['colcon_meta']
[0.131s] Level 1:colcon.colcon_core.package_identification:_identify(web_dashboard/static/css) by extension 'colcon_meta'
[0.131s] Level 1:colcon.colcon_core.package_identification:_identify(web_dashboard/static/css) by extensions ['ros']
[0.131s] Level 1:colcon.colcon_core.package_identification:_identify(web_dashboard/static/css) by extension 'ros'
[0.131s] Level 1:colcon.colcon_core.package_identification:_identify(web_dashboard/static/css) by extensions ['cmake', 'python']
[0.131s] Level 1:colcon.colcon_core.package_identification:_identify(web_dashboard/static/css) by extension 'cmake'
[0.131s] Level 1:colcon.colcon_core.package_identification:_identify(web_dashboard/static/css) by extension 'python'
[0.131s] Level 1:colcon.colcon_core.package_identification:_identify(web_dashboard/static/css) by extensions ['python_setup_py']
[0.131s] Level 1:colcon.colcon_core.package_identification:_identify(web_dashboard/static/css) by extension 'python_setup_py'
[0.131s] Level 1:colcon.colcon_core.package_identification:_identify(web_dashboard/static/css/images) by extensions ['ignore', 'ignore_ament_install']
[0.131s] Level 1:colcon.colcon_core.package_identification:_identify(web_dashboard/static/css/images) by extension 'ignore'
[0.131s] Level 1:colcon.colcon_core.package_identification:_identify(web_dashboard/static/css/images) by extension 'ignore_ament_install'
[0.131s] Level 1:colcon.colcon_core.package_identification:_identify(web_dashboard/static/css/images) by extensions ['colcon_pkg']
[0.131s] Level 1:colcon.colcon_core.package_identification:_identify(web_dashboard/static/css/images) by extension 'colcon_pkg'
[0.131s] Level 1:colcon.colcon_core.package_identification:_identify(web_dashboard/static/css/images) by extensions ['colcon_meta']
[0.131s] Level 1:colcon.colcon_core.package_identification:_identify(web_dashboard/static/css/images) by extension 'colcon_meta'
[0.131s] Level 1:colcon.colcon_core.package_identification:_identify(web_dashboard/static/css/images) by extensions ['ros']
[0.131s] Level 1:colcon.colcon_core.package_identification:_identify(web_dashboard/static/css/images) by extension 'ros'
[0.131s] Level 1:colcon.colcon_core.package_identification:_identify(web_dashboard/static/css/images) by extensions ['cmake', 'python']
[0.131s] Level 1:colcon.colcon_core.package_identification:_identify(web_dashboard/static/css/images) by extension 'cmake'
[0.131s] Level 1:colcon.colcon_core.package_identification:_identify(web_dashboard/static/css/images) by extension 'python'
[0.131s] Level 1:colcon.colcon_core.package_identification:_identify(web_dashboard/static/css/images) by extensions ['python_setup_py']
[0.131s] Level 1:colcon.colcon_core.package_identification:_identify(web_dashboard/static/css/images) by extension 'python_setup_py'
[0.132s] Level 1:colcon.colcon_core.package_identification:_identify(web_dashboard/static/js) by extensions ['ignore', 'ignore_ament_install']
[0.132s] Level 1:colcon.colcon_core.package_identification:_identify(web_dashboard/static/js) by extension 'ignore'
[0.132s] Level 1:colcon.colcon_core.package_identification:_identify(web_dashboard/static/js) by extension 'ignore_ament_install'
[0.132s] Level 1:colcon.colcon_core.package_identification:_identify(web_dashboard/static/js) by extensions ['colcon_pkg']
[0.132s] Level 1:colcon.colcon_core.package_identification:_identify(web_dashboard/static/js) by extension 'colcon_pkg'
[0.132s] Level 1:colcon.colcon_core.package_identification:_identify(web_dashboard/static/js) by extensions ['colcon_meta']
[0.132s] Level 1:colcon.colcon_core.package_identification:_identify(web_dashboard/static/js) by extension 'colcon_meta'
[0.132s] Level 1:colcon.colcon_core.package_identification:_identify(web_dashboard/static/js) by extensions ['ros']
[0.132s] Level 1:colcon.colcon_core.package_identification:_identify(web_dashboard/static/js) by extension 'ros'
[0.132s] Level 1:colcon.colcon_core.package_identification:_identify(web_dashboard/static/js) by extensions ['cmake', 'python']
[0.132s] Level 1:colcon.colcon_core.package_identification:_identify(web_dashboard/static/js) by extension 'cmake'
[0.132s] Level 1:colcon.colcon_core.package_identification:_identify(web_dashboard/static/js) by extension 'python'
[0.132s] Level 1:colcon.colcon_core.package_identification:_identify(web_dashboard/static/js) by extensions ['python_setup_py']
[0.132s] Level 1:colcon.colcon_core.package_identification:_identify(web_dashboard/static/js) by extension 'python_setup_py'
[0.132s] Level 1:colcon.colcon_core.package_identification:_identify(web_dashboard/static/tiles) by extensions ['ignore', 'ignore_ament_install']
[0.132s] Level 1:colcon.colcon_core.package_identification:_identify(web_dashboard/static/tiles) by extension 'ignore'
[0.132s] Level 1:colcon.colcon_core.package_identification:_identify(web_dashboard/static/tiles) by extension 'ignore_ament_install'
[0.132s] Level 1:colcon.colcon_core.package_identification:_identify(web_dashboard/static/tiles) by extensions ['colcon_pkg']
[0.132s] Level 1:colcon.colcon_core.package_identification:_identify(web_dashboard/static/tiles) by extension 'colcon_pkg'
[0.132s] Level 1:colcon.colcon_core.package_identification:_identify(web_dashboard/static/tiles) by extensions ['colcon_meta']
[0.132s] Level 1:colcon.colcon_core.package_identification:_identify(web_dashboard/static/tiles) by extension 'colcon_meta'
[0.132s] Level 1:colcon.colcon_core.package_identification:_identify(web_dashboard/static/tiles) by extensions ['ros']
[0.132s] Level 1:colcon.colcon_core.package_identification:_identify(web_dashboard/static/tiles) by extension 'ros'
[0.132s] Level 1:colcon.colcon_core.package_identification:_identify(web_dashboard/static/tiles) by extensions ['cmake', 'python']
[0.132s] Level 1:colcon.colcon_core.package_identification:_identify(web_dashboard/static/tiles) by extension 'cmake'
[0.132s] Level 1:colcon.colcon_core.package_identification:_identify(web_dashboard/static/tiles) by extension 'python'
[0.132s] Level 1:colcon.colcon_core.package_identification:_identify(web_dashboard/static/tiles) by extensions ['python_setup_py']
[0.132s] Level 1:colcon.colcon_core.package_identification:_identify(web_dashboard/static/tiles) by extension 'python_setup_py'
[0.132s] Level 1:colcon.colcon_core.package_identification:_identify(web_dashboard/templates) by extensions ['ignore', 'ignore_ament_install']
[0.132s] Level 1:colcon.colcon_core.package_identification:_identify(web_dashboard/templates) by extension 'ignore'
[0.132s] Level 1:colcon.colcon_core.package_identification:_identify(web_dashboard/templates) by extension 'ignore_ament_install'
[0.132s] Level 1:colcon.colcon_core.package_identification:_identify(web_dashboard/templates) by extensions ['colcon_pkg']
[0.132s] Level 1:colcon.colcon_core.package_identification:_identify(web_dashboard/templates) by extension 'colcon_pkg'
[0.132s] Level 1:colcon.colcon_core.package_identification:_identify(web_dashboard/templates) by extensions ['colcon_meta']
[0.132s] Level 1:colcon.colcon_core.package_identification:_identify(web_dashboard/templates) by extension 'colcon_meta'
[0.132s] Level 1:colcon.colcon_core.package_identification:_identify(web_dashboard/templates) by extensions ['ros']
[0.132s] Level 1:colcon.colcon_core.package_identification:_identify(web_dashboard/templates) by extension 'ros'
[0.132s] Level 1:colcon.colcon_core.package_identification:_identify(web_dashboard/templates) by extensions ['cmake', 'python']
[0.132s] Level 1:colcon.colcon_core.package_identification:_identify(web_dashboard/templates) by extension 'cmake'
[0.132s] Level 1:colcon.colcon_core.package_identification:_identify(web_dashboard/templates) by extension 'python'
[0.132s] Level 1:colcon.colcon_core.package_identification:_identify(web_dashboard/templates) by extensions ['python_setup_py']
[0.132s] Level 1:colcon.colcon_core.package_identification:_identify(web_dashboard/templates) by extension 'python_setup_py'
[0.132s] Level 1:colcon.colcon_core.package_discovery:discover_packages(recursive) using defaults
[0.132s] Level 1:colcon.colcon_core.package_discovery:discover_packages(ignore) discover
[0.132s] Level 1:colcon.colcon_core.package_discovery:discover_packages(ignore) using defaults
[0.132s] Level 1:colcon.colcon_core.package_discovery:discover_packages(path) discover
[0.132s] Level 1:colcon.colcon_core.package_discovery:discover_packages(path) using defaults
[0.145s] Level 1:colcon.colcon_core.package_discovery:discover_packages(prefix_path) check parameters
[0.145s] Level 1:colcon.colcon_core.package_discovery:discover_packages(prefix_path) discover
[0.146s] DEBUG:colcon.colcon_installed_package_information.package_discovery:Found 4 installed packages in /home/loong/AGV_sim/install
[0.147s] DEBUG:colcon.colcon_installed_package_information.package_discovery:Found 381 installed packages in /opt/ros/humble
[0.148s] Level 1:colcon.colcon_core.package_discovery:discover_packages(prefix_path) using defaults
[0.167s] Level 5:colcon.colcon_core.verb:set package 'harbour_assets_description' build argument 'cmake_args' from command line to 'None'
[0.167s] Level 5:colcon.colcon_core.verb:set package 'harbour_assets_description' build argument 'cmake_target' from command line to 'None'
[0.167s] Level 5:colcon.colcon_core.verb:set package 'harbour_assets_description' build argument 'cmake_target_skip_unavailable' from command line to 'False'
[0.167s] Level 5:colcon.colcon_core.verb:set package 'harbour_assets_description' build argument 'cmake_clean_cache' from command line to 'False'
[0.167s] Level 5:colcon.colcon_core.verb:set package 'harbour_assets_description' build argument 'cmake_clean_first' from command line to 'False'
[0.167s] Level 5:colcon.colcon_core.verb:set package 'harbour_assets_description' build argument 'cmake_force_configure' from command line to 'False'
[0.167s] Level 5:colcon.colcon_core.verb:set package 'harbour_assets_description' build argument 'ament_cmake_args' from command line to 'None'
[0.167s] Level 5:colcon.colcon_core.verb:set package 'harbour_assets_description' build argument 'catkin_cmake_args' from command line to 'None'
[0.167s] Level 5:colcon.colcon_core.verb:set package 'harbour_assets_description' build argument 'catkin_skip_building_tests' from command line to 'False'
[0.167s] DEBUG:colcon.colcon_core.verb:Building package 'harbour_assets_description' with the following arguments: {'ament_cmake_args': None, 'build_base': '/home/loong/AGV_sim/src/build/harbour_assets_description', 'catkin_cmake_args': None, 'catkin_skip_building_tests': False, 'cmake_args': None, 'cmake_clean_cache': False, 'cmake_clean_first': False, 'cmake_force_configure': False, 'cmake_target': None, 'cmake_target_skip_unavailable': False, 'install_base': '/home/loong/AGV_sim/src/install/harbour_assets_description', 'merge_install': False, 'path': '/home/loong/AGV_sim/src/harbour_assets_description', 'symlink_install': True, 'test_result_base': None}
[0.167s] Level 5:colcon.colcon_core.verb:set package 'ros_gz_example_application' build argument 'cmake_args' from command line to 'None'
[0.167s] Level 5:colcon.colcon_core.verb:set package 'ros_gz_example_application' build argument 'cmake_target' from command line to 'None'
[0.167s] Level 5:colcon.colcon_core.verb:set package 'ros_gz_example_application' build argument 'cmake_target_skip_unavailable' from command line to 'False'
[0.167s] Level 5:colcon.colcon_core.verb:set package 'ros_gz_example_application' build argument 'cmake_clean_cache' from command line to 'False'
[0.167s] Level 5:colcon.colcon_core.verb:set package 'ros_gz_example_application' build argument 'cmake_clean_first' from command line to 'False'
[0.167s] Level 5:colcon.colcon_core.verb:set package 'ros_gz_example_application' build argument 'cmake_force_configure' from command line to 'False'
[0.167s] Level 5:colcon.colcon_core.verb:set package 'ros_gz_example_application' build argument 'ament_cmake_args' from command line to 'None'
[0.167s] Level 5:colcon.colcon_core.verb:set package 'ros_gz_example_application' build argument 'catkin_cmake_args' from command line to 'None'
[0.167s] Level 5:colcon.colcon_core.verb:set package 'ros_gz_example_application' build argument 'catkin_skip_building_tests' from command line to 'False'
[0.167s] DEBUG:colcon.colcon_core.verb:Building package 'ros_gz_example_application' with the following arguments: {'ament_cmake_args': None, 'build_base': '/home/loong/AGV_sim/src/build/ros_gz_example_application', 'catkin_cmake_args': None, 'catkin_skip_building_tests': False, 'cmake_args': None, 'cmake_clean_cache': False, 'cmake_clean_first': False, 'cmake_force_configure': False, 'cmake_target': None, 'cmake_target_skip_unavailable': False, 'install_base': '/home/loong/AGV_sim/src/install/ros_gz_example_application', 'merge_install': False, 'path': '/home/loong/AGV_sim/src/ros_gz_project_template/ros_gz_example_application', 'symlink_install': True, 'test_result_base': None}
[0.168s] Level 5:colcon.colcon_core.verb:set package 'ros_gz_example_description' build argument 'cmake_args' from command line to 'None'
[0.168s] Level 5:colcon.colcon_core.verb:set package 'ros_gz_example_description' build argument 'cmake_target' from command line to 'None'
[0.168s] Level 5:colcon.colcon_core.verb:set package 'ros_gz_example_description' build argument 'cmake_target_skip_unavailable' from command line to 'False'
[0.168s] Level 5:colcon.colcon_core.verb:set package 'ros_gz_example_description' build argument 'cmake_clean_cache' from command line to 'False'
[0.168s] Level 5:colcon.colcon_core.verb:set package 'ros_gz_example_description' build argument 'cmake_clean_first' from command line to 'False'
[0.168s] Level 5:colcon.colcon_core.verb:set package 'ros_gz_example_description' build argument 'cmake_force_configure' from command line to 'False'
[0.168s] Level 5:colcon.colcon_core.verb:set package 'ros_gz_example_description' build argument 'ament_cmake_args' from command line to 'None'
[0.168s] Level 5:colcon.colcon_core.verb:set package 'ros_gz_example_description' build argument 'catkin_cmake_args' from command line to 'None'
[0.168s] Level 5:colcon.colcon_core.verb:set package 'ros_gz_example_description' build argument 'catkin_skip_building_tests' from command line to 'False'
[0.168s] DEBUG:colcon.colcon_core.verb:Building package 'ros_gz_example_description' with the following arguments: {'ament_cmake_args': None, 'build_base': '/home/loong/AGV_sim/src/build/ros_gz_example_description', 'catkin_cmake_args': None, 'catkin_skip_building_tests': False, 'cmake_args': None, 'cmake_clean_cache': False, 'cmake_clean_first': False, 'cmake_force_configure': False, 'cmake_target': None, 'cmake_target_skip_unavailable': False, 'install_base': '/home/loong/AGV_sim/src/install/ros_gz_example_description', 'merge_install': False, 'path': '/home/loong/AGV_sim/src/ros_gz_project_template/ros_gz_example_description', 'symlink_install': True, 'test_result_base': None}
[0.168s] Level 5:colcon.colcon_core.verb:set package 'ros_gz_example_gazebo' build argument 'cmake_args' from command line to 'None'
[0.168s] Level 5:colcon.colcon_core.verb:set package 'ros_gz_example_gazebo' build argument 'cmake_target' from command line to 'None'
[0.168s] Level 5:colcon.colcon_core.verb:set package 'ros_gz_example_gazebo' build argument 'cmake_target_skip_unavailable' from command line to 'False'
[0.168s] Level 5:colcon.colcon_core.verb:set package 'ros_gz_example_gazebo' build argument 'cmake_clean_cache' from command line to 'False'
[0.168s] Level 5:colcon.colcon_core.verb:set package 'ros_gz_example_gazebo' build argument 'cmake_clean_first' from command line to 'False'
[0.168s] Level 5:colcon.colcon_core.verb:set package 'ros_gz_example_gazebo' build argument 'cmake_force_configure' from command line to 'False'
[0.168s] Level 5:colcon.colcon_core.verb:set package 'ros_gz_example_gazebo' build argument 'ament_cmake_args' from command line to 'None'
[0.168s] Level 5:colcon.colcon_core.verb:set package 'ros_gz_example_gazebo' build argument 'catkin_cmake_args' from command line to 'None'
[0.168s] Level 5:colcon.colcon_core.verb:set package 'ros_gz_example_gazebo' build argument 'catkin_skip_building_tests' from command line to 'False'
[0.168s] DEBUG:colcon.colcon_core.verb:Building package 'ros_gz_example_gazebo' with the following arguments: {'ament_cmake_args': None, 'build_base': '/home/loong/AGV_sim/src/build/ros_gz_example_gazebo', 'catkin_cmake_args': None, 'catkin_skip_building_tests': False, 'cmake_args': None, 'cmake_clean_cache': False, 'cmake_clean_first': False, 'cmake_force_configure': False, 'cmake_target': None, 'cmake_target_skip_unavailable': False, 'install_base': '/home/loong/AGV_sim/src/install/ros_gz_example_gazebo', 'merge_install': False, 'path': '/home/loong/AGV_sim/src/ros_gz_project_template/ros_gz_example_gazebo', 'symlink_install': True, 'test_result_base': None}
[0.168s] Level 5:colcon.colcon_core.verb:set package 'ros_gz_example_bringup' build argument 'cmake_args' from command line to 'None'
[0.168s] Level 5:colcon.colcon_core.verb:set package 'ros_gz_example_bringup' build argument 'cmake_target' from command line to 'None'
[0.168s] Level 5:colcon.colcon_core.verb:set package 'ros_gz_example_bringup' build argument 'cmake_target_skip_unavailable' from command line to 'False'
[0.168s] Level 5:colcon.colcon_core.verb:set package 'ros_gz_example_bringup' build argument 'cmake_clean_cache' from command line to 'False'
[0.168s] Level 5:colcon.colcon_core.verb:set package 'ros_gz_example_bringup' build argument 'cmake_clean_first' from command line to 'False'
[0.168s] Level 5:colcon.colcon_core.verb:set package 'ros_gz_example_bringup' build argument 'cmake_force_configure' from command line to 'False'
[0.168s] Level 5:colcon.colcon_core.verb:set package 'ros_gz_example_bringup' build argument 'ament_cmake_args' from command line to 'None'
[0.168s] Level 5:colcon.colcon_core.verb:set package 'ros_gz_example_bringup' build argument 'catkin_cmake_args' from command line to 'None'
[0.168s] Level 5:colcon.colcon_core.verb:set package 'ros_gz_example_bringup' build argument 'catkin_skip_building_tests' from command line to 'False'
[0.168s] DEBUG:colcon.colcon_core.verb:Building package 'ros_gz_example_bringup' with the following arguments: {'ament_cmake_args': None, 'build_base': '/home/loong/AGV_sim/src/build/ros_gz_example_bringup', 'catkin_cmake_args': None, 'catkin_skip_building_tests': False, 'cmake_args': None, 'cmake_clean_cache': False, 'cmake_clean_first': False, 'cmake_force_configure': False, 'cmake_target': None, 'cmake_target_skip_unavailable': False, 'install_base': '/home/loong/AGV_sim/src/install/ros_gz_example_bringup', 'merge_install': False, 'path': '/home/loong/AGV_sim/src/ros_gz_project_template/ros_gz_example_bringup', 'symlink_install': True, 'test_result_base': None}
[0.168s] INFO:colcon.colcon_core.executor:Executing jobs using 'parallel' executor
[0.169s] DEBUG:colcon.colcon_parallel_executor.executor.parallel:run_until_complete
[0.169s] INFO:colcon.colcon_ros.task.ament_cmake.build:Building ROS package in '/home/loong/AGV_sim/src/ros_gz_project_template/ros_gz_example_description' with build type 'ament_cmake'
[0.169s] INFO:colcon.colcon_cmake.task.cmake.build:Building CMake package in '/home/loong/AGV_sim/src/ros_gz_project_template/ros_gz_example_description'
[0.170s] INFO:colcon.colcon_core.plugin_system:Skipping extension 'colcon_core.shell.bat': Not used on non-Windows systems
[0.170s] INFO:colcon.colcon_core.shell:Skip shell extension 'powershell' for command environment: Not usable outside of PowerShell
[0.170s] DEBUG:colcon.colcon_core.shell:Skip shell extension 'dsv' for command environment
[0.172s] INFO:colcon.colcon_ros.task.ament_cmake.build:Building ROS package in '/home/loong/AGV_sim/src/harbour_assets_description' with build type 'ament_cmake'
[0.172s] INFO:colcon.colcon_cmake.task.cmake.build:Building CMake package in '/home/loong/AGV_sim/src/harbour_assets_description'
[0.172s] INFO:colcon.colcon_core.shell:Skip shell extension 'powershell' for command environment: Not usable outside of PowerShell
[0.172s] DEBUG:colcon.colcon_core.shell:Skip shell extension 'dsv' for command environment
[0.173s] INFO:colcon.colcon_ros.task.ament_cmake.build:Building ROS package in '/home/loong/AGV_sim/src/ros_gz_project_template/ros_gz_example_application' with build type 'ament_cmake'
[0.173s] INFO:colcon.colcon_cmake.task.cmake.build:Building CMake package in '/home/loong/AGV_sim/src/ros_gz_project_template/ros_gz_example_application'
[0.173s] INFO:colcon.colcon_core.shell:Skip shell extension 'powershell' for command environment: Not usable outside of PowerShell
[0.174s] DEBUG:colcon.colcon_core.shell:Skip shell extension 'dsv' for command environment
[0.177s] DEBUG:colcon.colcon_core.event_handler.log_command:Invoking command in '/home/loong/AGV_sim/src/build/ros_gz_example_description': CMAKE_PREFIX_PATH=${CMAKE_PREFIX_PATH}:/opt/ros/humble /usr/bin/cmake --build /home/loong/AGV_sim/src/build/ros_gz_example_description -- -j32 -l32
[0.179s] DEBUG:colcon.colcon_core.event_handler.log_command:Invoking command in '/home/loong/AGV_sim/src/build/harbour_assets_description': CMAKE_PREFIX_PATH=${CMAKE_PREFIX_PATH}:/opt/ros/humble /usr/bin/cmake --build /home/loong/AGV_sim/src/build/harbour_assets_description -- -j32 -l32
[0.180s] DEBUG:colcon.colcon_core.event_handler.log_command:Invoking command in '/home/loong/AGV_sim/src/build/ros_gz_example_application': CMAKE_PREFIX_PATH=${CMAKE_PREFIX_PATH}:/opt/ros/humble /usr/bin/cmake --build /home/loong/AGV_sim/src/build/ros_gz_example_application -- -j32 -l32
[0.198s] DEBUG:colcon.colcon_core.event_handler.log_command:Invoked command in '/home/loong/AGV_sim/src/build/ros_gz_example_description' returned '0': CMAKE_PREFIX_PATH=${CMAKE_PREFIX_PATH}:/opt/ros/humble /usr/bin/cmake --build /home/loong/AGV_sim/src/build/ros_gz_example_description -- -j32 -l32
[0.204s] DEBUG:colcon.colcon_core.event_handler.log_command:Invoking command in '/home/loong/AGV_sim/src/build/ros_gz_example_description': CMAKE_PREFIX_PATH=${CMAKE_PREFIX_PATH}:/opt/ros/humble /usr/bin/cmake --install /home/loong/AGV_sim/src/build/ros_gz_example_description
[0.205s] DEBUG:colcon.colcon_core.event_handler.log_command:Invoked command in '/home/loong/AGV_sim/src/build/ros_gz_example_application' returned '0': CMAKE_PREFIX_PATH=${CMAKE_PREFIX_PATH}:/opt/ros/humble /usr/bin/cmake --build /home/loong/AGV_sim/src/build/ros_gz_example_application -- -j32 -l32
[0.206s] DEBUG:colcon.colcon_core.event_handler.log_command:Invoking command in '/home/loong/AGV_sim/src/build/ros_gz_example_application': CMAKE_PREFIX_PATH=${CMAKE_PREFIX_PATH}:/opt/ros/humble /usr/bin/cmake --install /home/loong/AGV_sim/src/build/ros_gz_example_application
[0.207s] DEBUG:colcon.colcon_core.event_handler.log_command:Invoked command in '/home/loong/AGV_sim/src/build/harbour_assets_description' returned '0': CMAKE_PREFIX_PATH=${CMAKE_PREFIX_PATH}:/opt/ros/humble /usr/bin/cmake --build /home/loong/AGV_sim/src/build/harbour_assets_description -- -j32 -l32
[0.207s] DEBUG:colcon.colcon_core.event_handler.log_command:Invoking command in '/home/loong/AGV_sim/src/build/harbour_assets_description': CMAKE_PREFIX_PATH=${CMAKE_PREFIX_PATH}:/opt/ros/humble /usr/bin/cmake --install /home/loong/AGV_sim/src/build/harbour_assets_description
[0.217s] Level 1:colcon.colcon_core.environment:create_environment_scripts_only(ros_gz_example_application)
[0.217s] DEBUG:colcon.colcon_core.event_handler.log_command:Invoked command in '/home/loong/AGV_sim/src/build/ros_gz_example_application' returned '0': CMAKE_PREFIX_PATH=${CMAKE_PREFIX_PATH}:/opt/ros/humble /usr/bin/cmake --install /home/loong/AGV_sim/src/build/ros_gz_example_application
[0.220s] Level 1:colcon.colcon_core.environment:checking '/home/loong/AGV_sim/src/install/ros_gz_example_application' for CMake module files
[0.220s] Level 1:colcon.colcon_core.environment:checking '/home/loong/AGV_sim/src/install/ros_gz_example_application' for CMake config files
[0.220s] Level 1:colcon.colcon_core.shell:create_environment_hook('ros_gz_example_application', 'cmake_prefix_path')
[0.220s] INFO:colcon.colcon_core.shell:Creating environment hook '/home/loong/AGV_sim/src/install/ros_gz_example_application/share/ros_gz_example_application/hook/cmake_prefix_path.ps1'
[0.221s] INFO:colcon.colcon_core.shell:Creating environment descriptor '/home/loong/AGV_sim/src/install/ros_gz_example_application/share/ros_gz_example_application/hook/cmake_prefix_path.dsv'
[0.221s] INFO:colcon.colcon_core.shell:Creating environment hook '/home/loong/AGV_sim/src/install/ros_gz_example_application/share/ros_gz_example_application/hook/cmake_prefix_path.sh'
[0.221s] Level 1:colcon.colcon_core.environment:checking '/home/loong/AGV_sim/src/install/ros_gz_example_application/bin'
[0.221s] Level 1:colcon.colcon_core.environment:checking '/home/loong/AGV_sim/src/install/ros_gz_example_application/lib/pkgconfig/ros_gz_example_application.pc'
[0.221s] Level 1:colcon.colcon_core.environment:checking '/home/loong/AGV_sim/src/install/ros_gz_example_application/lib/python3.10/site-packages'
[0.221s] Level 1:colcon.colcon_core.environment:checking '/home/loong/AGV_sim/src/install/ros_gz_example_application/bin'
[0.222s] INFO:colcon.colcon_core.shell:Creating package script '/home/loong/AGV_sim/src/install/ros_gz_example_application/share/ros_gz_example_application/package.ps1'
[0.222s] INFO:colcon.colcon_core.shell:Creating package descriptor '/home/loong/AGV_sim/src/install/ros_gz_example_application/share/ros_gz_example_application/package.dsv'
[0.222s] INFO:colcon.colcon_core.shell:Creating package script '/home/loong/AGV_sim/src/install/ros_gz_example_application/share/ros_gz_example_application/package.sh'
[0.222s] INFO:colcon.colcon_core.shell:Creating package script '/home/loong/AGV_sim/src/install/ros_gz_example_application/share/ros_gz_example_application/package.bash'
[0.223s] INFO:colcon.colcon_core.shell:Creating package script '/home/loong/AGV_sim/src/install/ros_gz_example_application/share/ros_gz_example_application/package.zsh'
[0.223s] Level 1:colcon.colcon_core.environment:create_file_with_runtime_dependencies(/home/loong/AGV_sim/src/install/ros_gz_example_application/share/colcon-core/packages/ros_gz_example_application)
[0.223s] Level 1:colcon.colcon_core.environment:create_environment_scripts_only(ros_gz_example_application)
[0.223s] Level 1:colcon.colcon_core.environment:checking '/home/loong/AGV_sim/src/install/ros_gz_example_application' for CMake module files
[0.223s] Level 1:colcon.colcon_core.environment:checking '/home/loong/AGV_sim/src/install/ros_gz_example_application' for CMake config files
[0.224s] Level 1:colcon.colcon_core.shell:create_environment_hook('ros_gz_example_application', 'cmake_prefix_path')
[0.224s] INFO:colcon.colcon_core.shell:Creating environment hook '/home/loong/AGV_sim/src/install/ros_gz_example_application/share/ros_gz_example_application/hook/cmake_prefix_path.ps1'
[0.224s] INFO:colcon.colcon_core.shell:Creating environment descriptor '/home/loong/AGV_sim/src/install/ros_gz_example_application/share/ros_gz_example_application/hook/cmake_prefix_path.dsv'
[0.224s] INFO:colcon.colcon_core.shell:Creating environment hook '/home/loong/AGV_sim/src/install/ros_gz_example_application/share/ros_gz_example_application/hook/cmake_prefix_path.sh'
[0.224s] Level 1:colcon.colcon_core.environment:checking '/home/loong/AGV_sim/src/install/ros_gz_example_application/bin'
[0.224s] Level 1:colcon.colcon_core.environment:checking '/home/loong/AGV_sim/src/install/ros_gz_example_application/lib/pkgconfig/ros_gz_example_application.pc'
[0.224s] Level 1:colcon.colcon_core.environment:checking '/home/loong/AGV_sim/src/install/ros_gz_example_application/lib/python3.10/site-packages'
[0.224s] Level 1:colcon.colcon_core.environment:checking '/home/loong/AGV_sim/src/install/ros_gz_example_application/bin'
[0.225s] INFO:colcon.colcon_core.shell:Creating package script '/home/loong/AGV_sim/src/install/ros_gz_example_application/share/ros_gz_example_application/package.ps1'
[0.225s] INFO:colcon.colcon_core.shell:Creating package descriptor '/home/loong/AGV_sim/src/install/ros_gz_example_application/share/ros_gz_example_application/package.dsv'
[0.225s] INFO:colcon.colcon_core.shell:Creating package script '/home/loong/AGV_sim/src/install/ros_gz_example_application/share/ros_gz_example_application/package.sh'
[0.225s] INFO:colcon.colcon_core.shell:Creating package script '/home/loong/AGV_sim/src/install/ros_gz_example_application/share/ros_gz_example_application/package.bash'
[0.225s] INFO:colcon.colcon_core.shell:Creating package script '/home/loong/AGV_sim/src/install/ros_gz_example_application/share/ros_gz_example_application/package.zsh'
[0.226s] Level 1:colcon.colcon_core.environment:create_file_with_runtime_dependencies(/home/loong/AGV_sim/src/install/ros_gz_example_application/share/colcon-core/packages/ros_gz_example_application)
[0.226s] Level 1:colcon.colcon_core.environment:create_environment_scripts_only(ros_gz_example_description)
[0.226s] Level 1:colcon.colcon_core.environment:checking '/home/loong/AGV_sim/src/install/ros_gz_example_description' for CMake module files
[0.226s] DEBUG:colcon.colcon_core.event_handler.log_command:Invoked command in '/home/loong/AGV_sim/src/build/ros_gz_example_description' returned '0': CMAKE_PREFIX_PATH=${CMAKE_PREFIX_PATH}:/opt/ros/humble /usr/bin/cmake --install /home/loong/AGV_sim/src/build/ros_gz_example_description
[0.226s] Level 1:colcon.colcon_core.environment:checking '/home/loong/AGV_sim/src/install/ros_gz_example_description' for CMake config files
[0.227s] Level 1:colcon.colcon_core.shell:create_environment_hook('ros_gz_example_description', 'cmake_prefix_path')
[0.227s] INFO:colcon.colcon_core.shell:Creating environment hook '/home/loong/AGV_sim/src/install/ros_gz_example_description/share/ros_gz_example_description/hook/cmake_prefix_path.ps1'
[0.227s] INFO:colcon.colcon_core.shell:Creating environment descriptor '/home/loong/AGV_sim/src/install/ros_gz_example_description/share/ros_gz_example_description/hook/cmake_prefix_path.dsv'
[0.227s] INFO:colcon.colcon_core.shell:Creating environment hook '/home/loong/AGV_sim/src/install/ros_gz_example_description/share/ros_gz_example_description/hook/cmake_prefix_path.sh'
[0.227s] Level 1:colcon.colcon_core.environment:checking '/home/loong/AGV_sim/src/install/ros_gz_example_description/bin'
[0.227s] Level 1:colcon.colcon_core.environment:checking '/home/loong/AGV_sim/src/install/ros_gz_example_description/lib/pkgconfig/ros_gz_example_description.pc'
[0.227s] Level 1:colcon.colcon_core.environment:checking '/home/loong/AGV_sim/src/install/ros_gz_example_description/lib/python3.10/site-packages'
[0.227s] Level 1:colcon.colcon_core.environment:checking '/home/loong/AGV_sim/src/install/ros_gz_example_description/bin'
[0.228s] INFO:colcon.colcon_core.shell:Creating package script '/home/loong/AGV_sim/src/install/ros_gz_example_description/share/ros_gz_example_description/package.ps1'
[0.228s] INFO:colcon.colcon_core.shell:Creating package descriptor '/home/loong/AGV_sim/src/install/ros_gz_example_description/share/ros_gz_example_description/package.dsv'
[0.228s] INFO:colcon.colcon_core.shell:Creating package script '/home/loong/AGV_sim/src/install/ros_gz_example_description/share/ros_gz_example_description/package.sh'
[0.228s] INFO:colcon.colcon_core.shell:Creating package script '/home/loong/AGV_sim/src/install/ros_gz_example_description/share/ros_gz_example_description/package.bash'
[0.228s] INFO:colcon.colcon_core.shell:Creating package script '/home/loong/AGV_sim/src/install/ros_gz_example_description/share/ros_gz_example_description/package.zsh'
[0.228s] Level 1:colcon.colcon_core.environment:create_file_with_runtime_dependencies(/home/loong/AGV_sim/src/install/ros_gz_example_description/share/colcon-core/packages/ros_gz_example_description)
[0.229s] Level 1:colcon.colcon_core.environment:create_environment_scripts_only(ros_gz_example_description)
[0.229s] Level 1:colcon.colcon_core.environment:checking '/home/loong/AGV_sim/src/install/ros_gz_example_description' for CMake module files
[0.229s] Level 1:colcon.colcon_core.environment:checking '/home/loong/AGV_sim/src/install/ros_gz_example_description' for CMake config files
[0.229s] Level 1:colcon.colcon_core.shell:create_environment_hook('ros_gz_example_description', 'cmake_prefix_path')
[0.229s] INFO:colcon.colcon_core.shell:Creating environment hook '/home/loong/AGV_sim/src/install/ros_gz_example_description/share/ros_gz_example_description/hook/cmake_prefix_path.ps1'
[0.229s] INFO:colcon.colcon_core.shell:Creating environment descriptor '/home/loong/AGV_sim/src/install/ros_gz_example_description/share/ros_gz_example_description/hook/cmake_prefix_path.dsv'
[0.229s] INFO:colcon.colcon_core.shell:Creating environment hook '/home/loong/AGV_sim/src/install/ros_gz_example_description/share/ros_gz_example_description/hook/cmake_prefix_path.sh'
[0.229s] Level 1:colcon.colcon_core.environment:checking '/home/loong/AGV_sim/src/install/ros_gz_example_description/bin'
[0.230s] Level 1:colcon.colcon_core.environment:checking '/home/loong/AGV_sim/src/install/ros_gz_example_description/lib/pkgconfig/ros_gz_example_description.pc'
[0.230s] Level 1:colcon.colcon_core.environment:checking '/home/loong/AGV_sim/src/install/ros_gz_example_description/lib/python3.10/site-packages'
[0.230s] Level 1:colcon.colcon_core.environment:checking '/home/loong/AGV_sim/src/install/ros_gz_example_description/bin'
[0.230s] INFO:colcon.colcon_core.shell:Creating package script '/home/loong/AGV_sim/src/install/ros_gz_example_description/share/ros_gz_example_description/package.ps1'
[0.230s] INFO:colcon.colcon_core.shell:Creating package descriptor '/home/loong/AGV_sim/src/install/ros_gz_example_description/share/ros_gz_example_description/package.dsv'
[0.230s] INFO:colcon.colcon_core.shell:Creating package script '/home/loong/AGV_sim/src/install/ros_gz_example_description/share/ros_gz_example_description/package.sh'
[0.230s] INFO:colcon.colcon_core.shell:Creating package script '/home/loong/AGV_sim/src/install/ros_gz_example_description/share/ros_gz_example_description/package.bash'
[0.231s] INFO:colcon.colcon_core.shell:Creating package script '/home/loong/AGV_sim/src/install/ros_gz_example_description/share/ros_gz_example_description/package.zsh'
[0.231s] Level 1:colcon.colcon_core.environment:create_file_with_runtime_dependencies(/home/loong/AGV_sim/src/install/ros_gz_example_description/share/colcon-core/packages/ros_gz_example_description)
[0.231s] Level 1:colcon.colcon_core.environment:create_environment_scripts_only(harbour_assets_description)
[0.231s] Level 1:colcon.colcon_core.environment:checking '/home/loong/AGV_sim/src/install/harbour_assets_description' for CMake module files
[0.231s] DEBUG:colcon.colcon_core.event_handler.log_command:Invoked command in '/home/loong/AGV_sim/src/build/harbour_assets_description' returned '0': CMAKE_PREFIX_PATH=${CMAKE_PREFIX_PATH}:/opt/ros/humble /usr/bin/cmake --install /home/loong/AGV_sim/src/build/harbour_assets_description
[0.231s] Level 1:colcon.colcon_core.environment:checking '/home/loong/AGV_sim/src/install/harbour_assets_description' for CMake config files
[0.232s] Level 1:colcon.colcon_core.shell:create_environment_hook('harbour_assets_description', 'cmake_prefix_path')
[0.232s] INFO:colcon.colcon_core.shell:Creating environment hook '/home/loong/AGV_sim/src/install/harbour_assets_description/share/harbour_assets_description/hook/cmake_prefix_path.ps1'
[0.232s] INFO:colcon.colcon_core.shell:Creating environment descriptor '/home/loong/AGV_sim/src/install/harbour_assets_description/share/harbour_assets_description/hook/cmake_prefix_path.dsv'
[0.232s] INFO:colcon.colcon_core.shell:Creating environment hook '/home/loong/AGV_sim/src/install/harbour_assets_description/share/harbour_assets_description/hook/cmake_prefix_path.sh'
[0.232s] Level 1:colcon.colcon_core.environment:checking '/home/loong/AGV_sim/src/install/harbour_assets_description/bin'
[0.232s] Level 1:colcon.colcon_core.environment:checking '/home/loong/AGV_sim/src/install/harbour_assets_description/lib/pkgconfig/harbour_assets_description.pc'
[0.232s] Level 1:colcon.colcon_core.environment:checking '/home/loong/AGV_sim/src/install/harbour_assets_description/lib/python3.10/site-packages'
[0.232s] Level 1:colcon.colcon_core.environment:checking '/home/loong/AGV_sim/src/install/harbour_assets_description/bin'
[0.233s] INFO:colcon.colcon_core.shell:Creating package script '/home/loong/AGV_sim/src/install/harbour_assets_description/share/harbour_assets_description/package.ps1'
[0.233s] INFO:colcon.colcon_core.shell:Creating package descriptor '/home/loong/AGV_sim/src/install/harbour_assets_description/share/harbour_assets_description/package.dsv'
[0.233s] INFO:colcon.colcon_core.shell:Creating package script '/home/loong/AGV_sim/src/install/harbour_assets_description/share/harbour_assets_description/package.sh'
[0.233s] INFO:colcon.colcon_core.shell:Creating package script '/home/loong/AGV_sim/src/install/harbour_assets_description/share/harbour_assets_description/package.bash'
[0.233s] INFO:colcon.colcon_core.shell:Creating package script '/home/loong/AGV_sim/src/install/harbour_assets_description/share/harbour_assets_description/package.zsh'
[0.233s] Level 1:colcon.colcon_core.environment:create_file_with_runtime_dependencies(/home/loong/AGV_sim/src/install/harbour_assets_description/share/colcon-core/packages/harbour_assets_description)
[0.233s] Level 1:colcon.colcon_core.environment:create_environment_scripts_only(harbour_assets_description)
[0.233s] Level 1:colcon.colcon_core.environment:checking '/home/loong/AGV_sim/src/install/harbour_assets_description' for CMake module files
[0.234s] Level 1:colcon.colcon_core.environment:checking '/home/loong/AGV_sim/src/install/harbour_assets_description' for CMake config files
[0.234s] Level 1:colcon.colcon_core.shell:create_environment_hook('harbour_assets_description', 'cmake_prefix_path')
[0.234s] INFO:colcon.colcon_core.shell:Creating environment hook '/home/loong/AGV_sim/src/install/harbour_assets_description/share/harbour_assets_description/hook/cmake_prefix_path.ps1'
[0.234s] INFO:colcon.colcon_core.shell:Creating environment descriptor '/home/loong/AGV_sim/src/install/harbour_assets_description/share/harbour_assets_description/hook/cmake_prefix_path.dsv'
[0.234s] INFO:colcon.colcon_core.shell:Creating environment hook '/home/loong/AGV_sim/src/install/harbour_assets_description/share/harbour_assets_description/hook/cmake_prefix_path.sh'
[0.234s] Level 1:colcon.colcon_core.environment:checking '/home/loong/AGV_sim/src/install/harbour_assets_description/bin'
[0.234s] Level 1:colcon.colcon_core.environment:checking '/home/loong/AGV_sim/src/install/harbour_assets_description/lib/pkgconfig/harbour_assets_description.pc'
[0.235s] Level 1:colcon.colcon_core.environment:checking '/home/loong/AGV_sim/src/install/harbour_assets_description/lib/python3.10/site-packages'
[0.235s] Level 1:colcon.colcon_core.environment:checking '/home/loong/AGV_sim/src/install/harbour_assets_description/bin'
[0.235s] INFO:colcon.colcon_core.shell:Creating package script '/home/loong/AGV_sim/src/install/harbour_assets_description/share/harbour_assets_description/package.ps1'
[0.235s] INFO:colcon.colcon_core.shell:Creating package descriptor '/home/loong/AGV_sim/src/install/harbour_assets_description/share/harbour_assets_description/package.dsv'
[0.235s] INFO:colcon.colcon_core.shell:Creating package script '/home/loong/AGV_sim/src/install/harbour_assets_description/share/harbour_assets_description/package.sh'
[0.235s] INFO:colcon.colcon_core.shell:Creating package script '/home/loong/AGV_sim/src/install/harbour_assets_description/share/harbour_assets_description/package.bash'
[0.236s] INFO:colcon.colcon_core.shell:Creating package script '/home/loong/AGV_sim/src/install/harbour_assets_description/share/harbour_assets_description/package.zsh'
[0.236s] Level 1:colcon.colcon_core.environment:create_file_with_runtime_dependencies(/home/loong/AGV_sim/src/install/harbour_assets_description/share/colcon-core/packages/harbour_assets_description)
[0.236s] INFO:colcon.colcon_ros.task.ament_cmake.build:Building ROS package in '/home/loong/AGV_sim/src/ros_gz_project_template/ros_gz_example_gazebo' with build type 'ament_cmake'
[0.236s] INFO:colcon.colcon_cmake.task.cmake.build:Building CMake package in '/home/loong/AGV_sim/src/ros_gz_project_template/ros_gz_example_gazebo'
[0.236s] INFO:colcon.colcon_core.shell:Skip shell extension 'powershell' for command environment: Not usable outside of PowerShell
[0.236s] DEBUG:colcon.colcon_core.shell:Skip shell extension 'dsv' for command environment
[0.241s] DEBUG:colcon.colcon_core.event_handler.log_command:Invoking command in '/home/loong/AGV_sim/src/build/ros_gz_example_gazebo': AMENT_PREFIX_PATH=/home/loong/AGV_sim/src/install/ros_gz_example_description:${AMENT_PREFIX_PATH} CMAKE_PREFIX_PATH=/home/loong/AGV_sim/src/install/ros_gz_example_description:/home/loong/AGV_sim/install/ros_gz_example_bringup:/home/loong/AGV_sim/install/ros_gz_example_gazebo:/home/loong/AGV_sim/install/ros_gz_example_description:/home/loong/AGV_sim/install/ros_gz_example_application:/opt/ros/humble GZ_SIM_RESOURCE_PATH=/home/loong/AGV_sim/src/install/ros_gz_example_description/share/ros_gz_example_description/models:${GZ_SIM_RESOURCE_PATH} /usr/bin/cmake --build /home/loong/AGV_sim/src/build/ros_gz_example_gazebo -- -j32 -l32
[0.304s] DEBUG:colcon.colcon_core.event_handler.log_command:Invoked command in '/home/loong/AGV_sim/src/build/ros_gz_example_gazebo' returned '0': AMENT_PREFIX_PATH=/home/loong/AGV_sim/src/install/ros_gz_example_description:${AMENT_PREFIX_PATH} CMAKE_PREFIX_PATH=/home/loong/AGV_sim/src/install/ros_gz_example_description:/home/loong/AGV_sim/install/ros_gz_example_bringup:/home/loong/AGV_sim/install/ros_gz_example_gazebo:/home/loong/AGV_sim/install/ros_gz_example_description:/home/loong/AGV_sim/install/ros_gz_example_application:/opt/ros/humble GZ_SIM_RESOURCE_PATH=/home/loong/AGV_sim/src/install/ros_gz_example_description/share/ros_gz_example_description/models:${GZ_SIM_RESOURCE_PATH} /usr/bin/cmake --build /home/loong/AGV_sim/src/build/ros_gz_example_gazebo -- -j32 -l32
[0.305s] DEBUG:colcon.colcon_core.event_handler.log_command:Invoking command in '/home/loong/AGV_sim/src/build/ros_gz_example_gazebo': AMENT_PREFIX_PATH=/home/loong/AGV_sim/src/install/ros_gz_example_description:${AMENT_PREFIX_PATH} CMAKE_PREFIX_PATH=/home/loong/AGV_sim/src/install/ros_gz_example_description:/home/loong/AGV_sim/install/ros_gz_example_bringup:/home/loong/AGV_sim/install/ros_gz_example_gazebo:/home/loong/AGV_sim/install/ros_gz_example_description:/home/loong/AGV_sim/install/ros_gz_example_application:/opt/ros/humble GZ_SIM_RESOURCE_PATH=/home/loong/AGV_sim/src/install/ros_gz_example_description/share/ros_gz_example_description/models:${GZ_SIM_RESOURCE_PATH} /usr/bin/cmake --install /home/loong/AGV_sim/src/build/ros_gz_example_gazebo
[0.329s] Level 1:colcon.colcon_core.environment:create_environment_scripts_only(ros_gz_example_gazebo)
[0.329s] Level 1:colcon.colcon_core.environment:checking '/home/loong/AGV_sim/src/install/ros_gz_example_gazebo' for CMake module files
[0.330s] DEBUG:colcon.colcon_core.event_handler.log_command:Invoked command in '/home/loong/AGV_sim/src/build/ros_gz_example_gazebo' returned '0': AMENT_PREFIX_PATH=/home/loong/AGV_sim/src/install/ros_gz_example_description:${AMENT_PREFIX_PATH} CMAKE_PREFIX_PATH=/home/loong/AGV_sim/src/install/ros_gz_example_description:/home/loong/AGV_sim/install/ros_gz_example_bringup:/home/loong/AGV_sim/install/ros_gz_example_gazebo:/home/loong/AGV_sim/install/ros_gz_example_description:/home/loong/AGV_sim/install/ros_gz_example_application:/opt/ros/humble GZ_SIM_RESOURCE_PATH=/home/loong/AGV_sim/src/install/ros_gz_example_description/share/ros_gz_example_description/models:${GZ_SIM_RESOURCE_PATH} /usr/bin/cmake --install /home/loong/AGV_sim/src/build/ros_gz_example_gazebo
[0.331s] Level 1:colcon.colcon_core.environment:checking '/home/loong/AGV_sim/src/install/ros_gz_example_gazebo' for CMake config files
[0.331s] Level 1:colcon.colcon_core.shell:create_environment_hook('ros_gz_example_gazebo', 'cmake_prefix_path')
[0.332s] INFO:colcon.colcon_core.shell:Creating environment hook '/home/loong/AGV_sim/src/install/ros_gz_example_gazebo/share/ros_gz_example_gazebo/hook/cmake_prefix_path.ps1'
[0.332s] INFO:colcon.colcon_core.shell:Creating environment descriptor '/home/loong/AGV_sim/src/install/ros_gz_example_gazebo/share/ros_gz_example_gazebo/hook/cmake_prefix_path.dsv'
[0.333s] INFO:colcon.colcon_core.shell:Creating environment hook '/home/loong/AGV_sim/src/install/ros_gz_example_gazebo/share/ros_gz_example_gazebo/hook/cmake_prefix_path.sh'
[0.334s] Level 1:colcon.colcon_core.environment:checking '/home/loong/AGV_sim/src/install/ros_gz_example_gazebo/lib'
[0.334s] Level 1:colcon.colcon_core.environment:checking '/home/loong/AGV_sim/src/install/ros_gz_example_gazebo/bin'
[0.334s] Level 1:colcon.colcon_core.environment:checking '/home/loong/AGV_sim/src/install/ros_gz_example_gazebo/lib/pkgconfig/ros_gz_example_gazebo.pc'
[0.335s] Level 1:colcon.colcon_core.environment:checking '/home/loong/AGV_sim/src/install/ros_gz_example_gazebo/lib/python3.10/site-packages'
[0.335s] Level 1:colcon.colcon_core.environment:checking '/home/loong/AGV_sim/src/install/ros_gz_example_gazebo/bin'
[0.336s] INFO:colcon.colcon_core.shell:Creating package script '/home/loong/AGV_sim/src/install/ros_gz_example_gazebo/share/ros_gz_example_gazebo/package.ps1'
[0.337s] INFO:colcon.colcon_core.shell:Creating package descriptor '/home/loong/AGV_sim/src/install/ros_gz_example_gazebo/share/ros_gz_example_gazebo/package.dsv'
[0.337s] INFO:colcon.colcon_core.shell:Creating package script '/home/loong/AGV_sim/src/install/ros_gz_example_gazebo/share/ros_gz_example_gazebo/package.sh'
[0.338s] INFO:colcon.colcon_core.shell:Creating package script '/home/loong/AGV_sim/src/install/ros_gz_example_gazebo/share/ros_gz_example_gazebo/package.bash'
[0.338s] INFO:colcon.colcon_core.shell:Creating package script '/home/loong/AGV_sim/src/install/ros_gz_example_gazebo/share/ros_gz_example_gazebo/package.zsh'
[0.339s] Level 1:colcon.colcon_core.environment:create_file_with_runtime_dependencies(/home/loong/AGV_sim/src/install/ros_gz_example_gazebo/share/colcon-core/packages/ros_gz_example_gazebo)
[0.340s] Level 1:colcon.colcon_core.environment:create_environment_scripts_only(ros_gz_example_gazebo)
[0.340s] Level 1:colcon.colcon_core.environment:checking '/home/loong/AGV_sim/src/install/ros_gz_example_gazebo' for CMake module files
[0.341s] Level 1:colcon.colcon_core.environment:checking '/home/loong/AGV_sim/src/install/ros_gz_example_gazebo' for CMake config files
[0.341s] Level 1:colcon.colcon_core.shell:create_environment_hook('ros_gz_example_gazebo', 'cmake_prefix_path')
[0.342s] INFO:colcon.colcon_core.shell:Creating environment hook '/home/loong/AGV_sim/src/install/ros_gz_example_gazebo/share/ros_gz_example_gazebo/hook/cmake_prefix_path.ps1'
[0.342s] INFO:colcon.colcon_core.shell:Creating environment descriptor '/home/loong/AGV_sim/src/install/ros_gz_example_gazebo/share/ros_gz_example_gazebo/hook/cmake_prefix_path.dsv'
[0.343s] INFO:colcon.colcon_core.shell:Creating environment hook '/home/loong/AGV_sim/src/install/ros_gz_example_gazebo/share/ros_gz_example_gazebo/hook/cmake_prefix_path.sh'
[0.343s] Level 1:colcon.colcon_core.environment:checking '/home/loong/AGV_sim/src/install/ros_gz_example_gazebo/lib'
[0.343s] Level 1:colcon.colcon_core.environment:checking '/home/loong/AGV_sim/src/install/ros_gz_example_gazebo/bin'
[0.343s] Level 1:colcon.colcon_core.environment:checking '/home/loong/AGV_sim/src/install/ros_gz_example_gazebo/lib/pkgconfig/ros_gz_example_gazebo.pc'
[0.344s] Level 1:colcon.colcon_core.environment:checking '/home/loong/AGV_sim/src/install/ros_gz_example_gazebo/lib/python3.10/site-packages'
[0.344s] Level 1:colcon.colcon_core.environment:checking '/home/loong/AGV_sim/src/install/ros_gz_example_gazebo/bin'
[0.345s] INFO:colcon.colcon_core.shell:Creating package script '/home/loong/AGV_sim/src/install/ros_gz_example_gazebo/share/ros_gz_example_gazebo/package.ps1'
[0.345s] INFO:colcon.colcon_core.shell:Creating package descriptor '/home/loong/AGV_sim/src/install/ros_gz_example_gazebo/share/ros_gz_example_gazebo/package.dsv'
[0.346s] INFO:colcon.colcon_core.shell:Creating package script '/home/loong/AGV_sim/src/install/ros_gz_example_gazebo/share/ros_gz_example_gazebo/package.sh'
[0.346s] INFO:colcon.colcon_core.shell:Creating package script '/home/loong/AGV_sim/src/install/ros_gz_example_gazebo/share/ros_gz_example_gazebo/package.bash'
[0.347s] INFO:colcon.colcon_core.shell:Creating package script '/home/loong/AGV_sim/src/install/ros_gz_example_gazebo/share/ros_gz_example_gazebo/package.zsh'
[0.347s] Level 1:colcon.colcon_core.environment:create_file_with_runtime_dependencies(/home/loong/AGV_sim/src/install/ros_gz_example_gazebo/share/colcon-core/packages/ros_gz_example_gazebo)
[0.347s] INFO:colcon.colcon_ros.task.ament_cmake.build:Building ROS package in '/home/loong/AGV_sim/src/ros_gz_project_template/ros_gz_example_bringup' with build type 'ament_cmake'
[0.348s] INFO:colcon.colcon_cmake.task.cmake.build:Building CMake package in '/home/loong/AGV_sim/src/ros_gz_project_template/ros_gz_example_bringup'
[0.348s] INFO:colcon.colcon_core.shell:Skip shell extension 'powershell' for command environment: Not usable outside of PowerShell
[0.348s] DEBUG:colcon.colcon_core.shell:Skip shell extension 'dsv' for command environment
[0.361s] DEBUG:colcon.colcon_core.event_handler.log_command:Invoking command in '/home/loong/AGV_sim/src/build/ros_gz_example_bringup': AMENT_PREFIX_PATH=/home/loong/AGV_sim/src/install/ros_gz_example_gazebo:/home/loong/AGV_sim/src/install/ros_gz_example_description:${AMENT_PREFIX_PATH} CMAKE_PREFIX_PATH=/home/loong/AGV_sim/src/install/ros_gz_example_gazebo:/home/loong/AGV_sim/src/install/ros_gz_example_description:/home/loong/AGV_sim/install/ros_gz_example_bringup:/home/loong/AGV_sim/install/ros_gz_example_gazebo:/home/loong/AGV_sim/install/ros_gz_example_description:/home/loong/AGV_sim/install/ros_gz_example_application:/opt/ros/humble GZ_SIM_PLUGIN_PATH=/home/loong/AGV_sim/src/install/ros_gz_example_gazebo/lib/ros_gz_example_gazebo GZ_SIM_RESOURCE_PATH=/home/loong/AGV_sim/src/install/ros_gz_example_gazebo/share/ros_gz_example_gazebo/worlds:/home/loong/AGV_sim/src/install/ros_gz_example_description/share/ros_gz_example_description/models:${GZ_SIM_RESOURCE_PATH} /usr/bin/cmake --build /home/loong/AGV_sim/src/build/ros_gz_example_bringup -- -j32 -l32
[0.404s] DEBUG:colcon.colcon_core.event_handler.log_command:Invoked command in '/home/loong/AGV_sim/src/build/ros_gz_example_bringup' returned '0': AMENT_PREFIX_PATH=/home/loong/AGV_sim/src/install/ros_gz_example_gazebo:/home/loong/AGV_sim/src/install/ros_gz_example_description:${AMENT_PREFIX_PATH} CMAKE_PREFIX_PATH=/home/loong/AGV_sim/src/install/ros_gz_example_gazebo:/home/loong/AGV_sim/src/install/ros_gz_example_description:/home/loong/AGV_sim/install/ros_gz_example_bringup:/home/loong/AGV_sim/install/ros_gz_example_gazebo:/home/loong/AGV_sim/install/ros_gz_example_description:/home/loong/AGV_sim/install/ros_gz_example_application:/opt/ros/humble GZ_SIM_PLUGIN_PATH=/home/loong/AGV_sim/src/install/ros_gz_example_gazebo/lib/ros_gz_example_gazebo GZ_SIM_RESOURCE_PATH=/home/loong/AGV_sim/src/install/ros_gz_example_gazebo/share/ros_gz_example_gazebo/worlds:/home/loong/AGV_sim/src/install/ros_gz_example_description/share/ros_gz_example_description/models:${GZ_SIM_RESOURCE_PATH} /usr/bin/cmake --build /home/loong/AGV_sim/src/build/ros_gz_example_bringup -- -j32 -l32
[0.406s] DEBUG:colcon.colcon_core.event_handler.log_command:Invoking command in '/home/loong/AGV_sim/src/build/ros_gz_example_bringup': AMENT_PREFIX_PATH=/home/loong/AGV_sim/src/install/ros_gz_example_gazebo:/home/loong/AGV_sim/src/install/ros_gz_example_description:${AMENT_PREFIX_PATH} CMAKE_PREFIX_PATH=/home/loong/AGV_sim/src/install/ros_gz_example_gazebo:/home/loong/AGV_sim/src/install/ros_gz_example_description:/home/loong/AGV_sim/install/ros_gz_example_bringup:/home/loong/AGV_sim/install/ros_gz_example_gazebo:/home/loong/AGV_sim/install/ros_gz_example_description:/home/loong/AGV_sim/install/ros_gz_example_application:/opt/ros/humble GZ_SIM_PLUGIN_PATH=/home/loong/AGV_sim/src/install/ros_gz_example_gazebo/lib/ros_gz_example_gazebo GZ_SIM_RESOURCE_PATH=/home/loong/AGV_sim/src/install/ros_gz_example_gazebo/share/ros_gz_example_gazebo/worlds:/home/loong/AGV_sim/src/install/ros_gz_example_description/share/ros_gz_example_description/models:${GZ_SIM_RESOURCE_PATH} /usr/bin/cmake --install /home/loong/AGV_sim/src/build/ros_gz_example_bringup
[0.427s] Level 1:colcon.colcon_core.environment:create_environment_scripts_only(ros_gz_example_bringup)
[0.427s] Level 1:colcon.colcon_core.environment:checking '/home/loong/AGV_sim/src/install/ros_gz_example_bringup' for CMake module files
[0.428s] DEBUG:colcon.colcon_core.event_handler.log_command:Invoked command in '/home/loong/AGV_sim/src/build/ros_gz_example_bringup' returned '0': AMENT_PREFIX_PATH=/home/loong/AGV_sim/src/install/ros_gz_example_gazebo:/home/loong/AGV_sim/src/install/ros_gz_example_description:${AMENT_PREFIX_PATH} CMAKE_PREFIX_PATH=/home/loong/AGV_sim/src/install/ros_gz_example_gazebo:/home/loong/AGV_sim/src/install/ros_gz_example_description:/home/loong/AGV_sim/install/ros_gz_example_bringup:/home/loong/AGV_sim/install/ros_gz_example_gazebo:/home/loong/AGV_sim/install/ros_gz_example_description:/home/loong/AGV_sim/install/ros_gz_example_application:/opt/ros/humble GZ_SIM_PLUGIN_PATH=/home/loong/AGV_sim/src/install/ros_gz_example_gazebo/lib/ros_gz_example_gazebo GZ_SIM_RESOURCE_PATH=/home/loong/AGV_sim/src/install/ros_gz_example_gazebo/share/ros_gz_example_gazebo/worlds:/home/loong/AGV_sim/src/install/ros_gz_example_description/share/ros_gz_example_description/models:${GZ_SIM_RESOURCE_PATH} /usr/bin/cmake --install /home/loong/AGV_sim/src/build/ros_gz_example_bringup
[0.429s] Level 1:colcon.colcon_core.environment:checking '/home/loong/AGV_sim/src/install/ros_gz_example_bringup' for CMake config files
[0.429s] Level 1:colcon.colcon_core.shell:create_environment_hook('ros_gz_example_bringup', 'cmake_prefix_path')
[0.430s] INFO:colcon.colcon_core.shell:Creating environment hook '/home/loong/AGV_sim/src/install/ros_gz_example_bringup/share/ros_gz_example_bringup/hook/cmake_prefix_path.ps1'
[0.430s] INFO:colcon.colcon_core.shell:Creating environment descriptor '/home/loong/AGV_sim/src/install/ros_gz_example_bringup/share/ros_gz_example_bringup/hook/cmake_prefix_path.dsv'
[0.431s] INFO:colcon.colcon_core.shell:Creating environment hook '/home/loong/AGV_sim/src/install/ros_gz_example_bringup/share/ros_gz_example_bringup/hook/cmake_prefix_path.sh'
[0.431s] Level 1:colcon.colcon_core.environment:checking '/home/loong/AGV_sim/src/install/ros_gz_example_bringup/bin'
[0.432s] Level 1:colcon.colcon_core.environment:checking '/home/loong/AGV_sim/src/install/ros_gz_example_bringup/lib/pkgconfig/ros_gz_example_bringup.pc'
[0.432s] Level 1:colcon.colcon_core.environment:checking '/home/loong/AGV_sim/src/install/ros_gz_example_bringup/lib/python3.10/site-packages'
[0.432s] Level 1:colcon.colcon_core.environment:checking '/home/loong/AGV_sim/src/install/ros_gz_example_bringup/bin'
[0.433s] INFO:colcon.colcon_core.shell:Creating package script '/home/loong/AGV_sim/src/install/ros_gz_example_bringup/share/ros_gz_example_bringup/package.ps1'
[0.433s] INFO:colcon.colcon_core.shell:Creating package descriptor '/home/loong/AGV_sim/src/install/ros_gz_example_bringup/share/ros_gz_example_bringup/package.dsv'
[0.434s] INFO:colcon.colcon_core.shell:Creating package script '/home/loong/AGV_sim/src/install/ros_gz_example_bringup/share/ros_gz_example_bringup/package.sh'
[0.434s] INFO:colcon.colcon_core.shell:Creating package script '/home/loong/AGV_sim/src/install/ros_gz_example_bringup/share/ros_gz_example_bringup/package.bash'
[0.434s] INFO:colcon.colcon_core.shell:Creating package script '/home/loong/AGV_sim/src/install/ros_gz_example_bringup/share/ros_gz_example_bringup/package.zsh'
[0.435s] Level 1:colcon.colcon_core.environment:create_file_with_runtime_dependencies(/home/loong/AGV_sim/src/install/ros_gz_example_bringup/share/colcon-core/packages/ros_gz_example_bringup)
[0.435s] Level 1:colcon.colcon_core.environment:create_environment_scripts_only(ros_gz_example_bringup)
[0.436s] Level 1:colcon.colcon_core.environment:checking '/home/loong/AGV_sim/src/install/ros_gz_example_bringup' for CMake module files
[0.436s] Level 1:colcon.colcon_core.environment:checking '/home/loong/AGV_sim/src/install/ros_gz_example_bringup' for CMake config files
[0.436s] Level 1:colcon.colcon_core.shell:create_environment_hook('ros_gz_example_bringup', 'cmake_prefix_path')
[0.437s] INFO:colcon.colcon_core.shell:Creating environment hook '/home/loong/AGV_sim/src/install/ros_gz_example_bringup/share/ros_gz_example_bringup/hook/cmake_prefix_path.ps1'
[0.437s] INFO:colcon.colcon_core.shell:Creating environment descriptor '/home/loong/AGV_sim/src/install/ros_gz_example_bringup/share/ros_gz_example_bringup/hook/cmake_prefix_path.dsv'
[0.437s] INFO:colcon.colcon_core.shell:Creating environment hook '/home/loong/AGV_sim/src/install/ros_gz_example_bringup/share/ros_gz_example_bringup/hook/cmake_prefix_path.sh'
[0.438s] Level 1:colcon.colcon_core.environment:checking '/home/loong/AGV_sim/src/install/ros_gz_example_bringup/bin'
[0.438s] Level 1:colcon.colcon_core.environment:checking '/home/loong/AGV_sim/src/install/ros_gz_example_bringup/lib/pkgconfig/ros_gz_example_bringup.pc'
[0.438s] Level 1:colcon.colcon_core.environment:checking '/home/loong/AGV_sim/src/install/ros_gz_example_bringup/lib/python3.10/site-packages'
[0.439s] Level 1:colcon.colcon_core.environment:checking '/home/loong/AGV_sim/src/install/ros_gz_example_bringup/bin'
[0.439s] INFO:colcon.colcon_core.shell:Creating package script '/home/loong/AGV_sim/src/install/ros_gz_example_bringup/share/ros_gz_example_bringup/package.ps1'
[0.440s] INFO:colcon.colcon_core.shell:Creating package descriptor '/home/loong/AGV_sim/src/install/ros_gz_example_bringup/share/ros_gz_example_bringup/package.dsv'
[0.440s] INFO:colcon.colcon_core.shell:Creating package script '/home/loong/AGV_sim/src/install/ros_gz_example_bringup/share/ros_gz_example_bringup/package.sh'
[0.440s] INFO:colcon.colcon_core.shell:Creating package script '/home/loong/AGV_sim/src/install/ros_gz_example_bringup/share/ros_gz_example_bringup/package.bash'
[0.441s] INFO:colcon.colcon_core.shell:Creating package script '/home/loong/AGV_sim/src/install/ros_gz_example_bringup/share/ros_gz_example_bringup/package.zsh'
[0.441s] Level 1:colcon.colcon_core.environment:create_file_with_runtime_dependencies(/home/loong/AGV_sim/src/install/ros_gz_example_bringup/share/colcon-core/packages/ros_gz_example_bringup)
[0.441s] DEBUG:colcon.colcon_parallel_executor.executor.parallel:closing loop
[0.442s] DEBUG:colcon.colcon_parallel_executor.executor.parallel:loop closed
[0.442s] DEBUG:colcon.colcon_parallel_executor.executor.parallel:run_until_complete finished with '0'
[0.442s] DEBUG:colcon.colcon_core.event_reactor:joining thread
[0.450s] INFO:colcon.colcon_core.plugin_system:Skipping extension 'colcon_notification.desktop_notification.terminal_notifier': Not used on non-Darwin systems
[0.450s] INFO:colcon.colcon_core.plugin_system:Skipping extension 'colcon_notification.desktop_notification.win32': Not used on non-Windows systems
[0.450s] INFO:colcon.colcon_notification.desktop_notification:Sending desktop notification using 'notify2'
[0.466s] DEBUG:colcon.colcon_core.event_reactor:joined thread
[0.466s] INFO:colcon.colcon_core.shell:Creating prefix script '/home/loong/AGV_sim/src/install/local_setup.ps1'
[0.468s] INFO:colcon.colcon_core.shell:Creating prefix util module '/home/loong/AGV_sim/src/install/_local_setup_util_ps1.py'
[0.470s] INFO:colcon.colcon_core.shell:Creating prefix chain script '/home/loong/AGV_sim/src/install/setup.ps1'
[0.471s] INFO:colcon.colcon_core.shell:Creating prefix script '/home/loong/AGV_sim/src/install/local_setup.sh'
[0.472s] INFO:colcon.colcon_core.shell:Creating prefix util module '/home/loong/AGV_sim/src/install/_local_setup_util_sh.py'
[0.473s] INFO:colcon.colcon_core.shell:Creating prefix chain script '/home/loong/AGV_sim/src/install/setup.sh'
[0.474s] INFO:colcon.colcon_core.shell:Creating prefix script '/home/loong/AGV_sim/src/install/local_setup.bash'
[0.475s] INFO:colcon.colcon_core.shell:Creating prefix chain script '/home/loong/AGV_sim/src/install/setup.bash'
[0.476s] INFO:colcon.colcon_core.shell:Creating prefix script '/home/loong/AGV_sim/src/install/local_setup.zsh'
[0.476s] INFO:colcon.colcon_core.shell:Creating prefix chain script '/home/loong/AGV_sim/src/install/setup.zsh'
