[0.007s] Invoking command in '/home/loong/AGV_sim/src/build/ros_gz_example_bringup': AMENT_PREFIX_PATH=/home/loong/AGV_sim/src/install/ros_gz_example_gazebo:/home/loong/AGV_sim/src/install/ros_gz_example_description:${AMENT_PREFIX_PATH} CMAKE_PREFIX_PATH=/home/loong/AGV_sim/src/install/ros_gz_example_gazebo:/home/loong/AGV_sim/src/install/ros_gz_example_description:/home/loong/AGV_sim/install/ros_gz_example_bringup:/home/loong/AGV_sim/install/ros_gz_example_gazebo:/home/loong/AGV_sim/install/ros_gz_example_description:/home/loong/AGV_sim/install/ros_gz_example_application:/opt/ros/humble GZ_SIM_PLUGIN_PATH=/home/loong/AGV_sim/src/install/ros_gz_example_gazebo/lib/ros_gz_example_gazebo GZ_SIM_RESOURCE_PATH=/home/loong/AGV_sim/src/install/ros_gz_example_gazebo/share/ros_gz_example_gazebo/worlds:/home/loong/AGV_sim/src/install/ros_gz_example_description/share/ros_gz_example_description/models:${GZ_SIM_RESOURCE_PATH} /usr/bin/cmake --build /home/loong/AGV_sim/src/build/ros_gz_example_bringup -- -j32 -l32
[0.037s] Invoked command in '/home/loong/AGV_sim/src/build/ros_gz_example_bringup' returned '0': AMENT_PREFIX_PATH=/home/loong/AGV_sim/src/install/ros_gz_example_gazebo:/home/loong/AGV_sim/src/install/ros_gz_example_description:${AMENT_PREFIX_PATH} CMAKE_PREFIX_PATH=/home/loong/AGV_sim/src/install/ros_gz_example_gazebo:/home/loong/AGV_sim/src/install/ros_gz_example_description:/home/loong/AGV_sim/install/ros_gz_example_bringup:/home/loong/AGV_sim/install/ros_gz_example_gazebo:/home/loong/AGV_sim/install/ros_gz_example_description:/home/loong/AGV_sim/install/ros_gz_example_application:/opt/ros/humble GZ_SIM_PLUGIN_PATH=/home/loong/AGV_sim/src/install/ros_gz_example_gazebo/lib/ros_gz_example_gazebo GZ_SIM_RESOURCE_PATH=/home/loong/AGV_sim/src/install/ros_gz_example_gazebo/share/ros_gz_example_gazebo/worlds:/home/loong/AGV_sim/src/install/ros_gz_example_description/share/ros_gz_example_description/models:${GZ_SIM_RESOURCE_PATH} /usr/bin/cmake --build /home/loong/AGV_sim/src/build/ros_gz_example_bringup -- -j32 -l32
[0.049s] Invoking command in '/home/loong/AGV_sim/src/build/ros_gz_example_bringup': AMENT_PREFIX_PATH=/home/loong/AGV_sim/src/install/ros_gz_example_gazebo:/home/loong/AGV_sim/src/install/ros_gz_example_description:${AMENT_PREFIX_PATH} CMAKE_PREFIX_PATH=/home/loong/AGV_sim/src/install/ros_gz_example_gazebo:/home/loong/AGV_sim/src/install/ros_gz_example_description:/home/loong/AGV_sim/install/ros_gz_example_bringup:/home/loong/AGV_sim/install/ros_gz_example_gazebo:/home/loong/AGV_sim/install/ros_gz_example_description:/home/loong/AGV_sim/install/ros_gz_example_application:/opt/ros/humble GZ_SIM_PLUGIN_PATH=/home/loong/AGV_sim/src/install/ros_gz_example_gazebo/lib/ros_gz_example_gazebo GZ_SIM_RESOURCE_PATH=/home/loong/AGV_sim/src/install/ros_gz_example_gazebo/share/ros_gz_example_gazebo/worlds:/home/loong/AGV_sim/src/install/ros_gz_example_description/share/ros_gz_example_description/models:${GZ_SIM_RESOURCE_PATH} /usr/bin/cmake --install /home/loong/AGV_sim/src/build/ros_gz_example_bringup
[0.058s] -- Install configuration: ""
[0.058s] -- Execute custom install script
[0.059s] -- Up-to-date symlink: /home/loong/AGV_sim/src/install/ros_gz_example_bringup/share/ros_gz_example_bringup/launch/__pycache__/harbour_diff_drive.launch.cpython-310.pyc
[0.059s] -- Up-to-date symlink: /home/loong/AGV_sim/src/install/ros_gz_example_bringup/share/ros_gz_example_bringup/launch/diff_drive.launch.py
[0.059s] -- Up-to-date symlink: /home/loong/AGV_sim/src/install/ros_gz_example_bringup/share/ros_gz_example_bringup/launch/harbour_diff_drive.launch.py
[0.059s] -- Up-to-date symlink: /home/loong/AGV_sim/src/install/ros_gz_example_bringup/share/ros_gz_example_bringup/launch/rrbot_setup.launch.py
[0.059s] -- Up-to-date symlink: /home/loong/AGV_sim/src/install/ros_gz_example_bringup/share/ros_gz_example_bringup/config/agv_ackermann.rviz
[0.059s] -- Up-to-date symlink: /home/loong/AGV_sim/src/install/ros_gz_example_bringup/share/ros_gz_example_bringup/config/diff_drive.rviz
[0.059s] -- Up-to-date symlink: /home/loong/AGV_sim/src/install/ros_gz_example_bringup/share/ros_gz_example_bringup/config/ros_gz_agv_ackermann_bridge.yaml
[0.059s] -- Up-to-date symlink: /home/loong/AGV_sim/src/install/ros_gz_example_bringup/share/ros_gz_example_bringup/config/ros_gz_example_bridge.yaml
[0.059s] -- Up-to-date symlink: /home/loong/AGV_sim/src/install/ros_gz_example_bringup/share/ros_gz_example_bringup/config/rrbot.rviz
[0.060s] -- Up-to-date symlink: /home/loong/AGV_sim/src/install/ros_gz_example_bringup/share/ament_index/resource_index/package_run_dependencies/ros_gz_example_bringup
[0.060s] -- Up-to-date symlink: /home/loong/AGV_sim/src/install/ros_gz_example_bringup/share/ament_index/resource_index/parent_prefix_path/ros_gz_example_bringup
[0.060s] -- Up-to-date symlink: /home/loong/AGV_sim/src/install/ros_gz_example_bringup/share/ros_gz_example_bringup/environment/ament_prefix_path.sh
[0.060s] -- Up-to-date symlink: /home/loong/AGV_sim/src/install/ros_gz_example_bringup/share/ros_gz_example_bringup/environment/ament_prefix_path.dsv
[0.060s] -- Up-to-date symlink: /home/loong/AGV_sim/src/install/ros_gz_example_bringup/share/ros_gz_example_bringup/environment/path.sh
[0.060s] -- Up-to-date symlink: /home/loong/AGV_sim/src/install/ros_gz_example_bringup/share/ros_gz_example_bringup/environment/path.dsv
[0.060s] -- Up-to-date symlink: /home/loong/AGV_sim/src/install/ros_gz_example_bringup/share/ros_gz_example_bringup/local_setup.bash
[0.060s] -- Up-to-date symlink: /home/loong/AGV_sim/src/install/ros_gz_example_bringup/share/ros_gz_example_bringup/local_setup.sh
[0.060s] -- Up-to-date symlink: /home/loong/AGV_sim/src/install/ros_gz_example_bringup/share/ros_gz_example_bringup/local_setup.zsh
[0.060s] -- Up-to-date symlink: /home/loong/AGV_sim/src/install/ros_gz_example_bringup/share/ros_gz_example_bringup/local_setup.dsv
[0.060s] -- Symlinking: /home/loong/AGV_sim/src/install/ros_gz_example_bringup/share/ros_gz_example_bringup/package.dsv
[0.069s] -- Up-to-date symlink: /home/loong/AGV_sim/src/install/ros_gz_example_bringup/share/ament_index/resource_index/packages/ros_gz_example_bringup
[0.069s] -- Up-to-date symlink: /home/loong/AGV_sim/src/install/ros_gz_example_bringup/share/ros_gz_example_bringup/cmake/ros_gz_example_bringupConfig.cmake
[0.069s] -- Up-to-date symlink: /home/loong/AGV_sim/src/install/ros_gz_example_bringup/share/ros_gz_example_bringup/cmake/ros_gz_example_bringupConfig-version.cmake
[0.069s] -- Up-to-date symlink: /home/loong/AGV_sim/src/install/ros_gz_example_bringup/share/ros_gz_example_bringup/package.xml
[0.071s] Invoked command in '/home/loong/AGV_sim/src/build/ros_gz_example_bringup' returned '0': AMENT_PREFIX_PATH=/home/loong/AGV_sim/src/install/ros_gz_example_gazebo:/home/loong/AGV_sim/src/install/ros_gz_example_description:${AMENT_PREFIX_PATH} CMAKE_PREFIX_PATH=/home/loong/AGV_sim/src/install/ros_gz_example_gazebo:/home/loong/AGV_sim/src/install/ros_gz_example_description:/home/loong/AGV_sim/install/ros_gz_example_bringup:/home/loong/AGV_sim/install/ros_gz_example_gazebo:/home/loong/AGV_sim/install/ros_gz_example_description:/home/loong/AGV_sim/install/ros_gz_example_application:/opt/ros/humble GZ_SIM_PLUGIN_PATH=/home/loong/AGV_sim/src/install/ros_gz_example_gazebo/lib/ros_gz_example_gazebo GZ_SIM_RESOURCE_PATH=/home/loong/AGV_sim/src/install/ros_gz_example_gazebo/share/ros_gz_example_gazebo/worlds:/home/loong/AGV_sim/src/install/ros_gz_example_description/share/ros_gz_example_description/models:${GZ_SIM_RESOURCE_PATH} /usr/bin/cmake --install /home/loong/AGV_sim/src/build/ros_gz_example_bringup
