[0.068s] DEBUG:colcon:Command line arguments: ['/usr/bin/colcon', 'build', '--symlink-install']
[0.068s] DEBUG:colcon:Parsed command line arguments: Namespace(log_base=None, log_level=None, verb_name='build', build_base='build', install_base='install', merge_install=False, symlink_install=True, test_result_base=None, continue_on_error=False, executor='parallel', parallel_workers=32, event_handlers=None, ignore_user_meta=False, metas=['./colcon.meta'], base_paths=['.'], packages_ignore=None, packages_ignore_regex=None, paths=None, packages_up_to=None, packages_up_to_regex=None, packages_above=None, packages_above_and_dependencies=None, packages_above_depth=None, packages_select_by_dep=None, packages_skip_by_dep=None, packages_skip_up_to=None, packages_select_build_failed=False, packages_skip_build_finished=False, packages_select_test_failures=False, packages_skip_test_passed=False, packages_select=None, packages_skip=None, packages_select_regex=None, packages_skip_regex=None, packages_start=None, packages_end=None, allow_overriding=[], cmake_args=None, cmake_target=None, cmake_target_skip_unavailable=False, cmake_clean_cache=False, cmake_clean_first=False, cmake_force_configure=False, ament_cmake_args=None, catkin_cmake_args=None, catkin_skip_building_tests=False, mixin_files=None, mixin=None, verb_parser=<colcon_mixin.mixin.mixin_argument.MixinArgumentDecorator object at 0x7622f813e050>, verb_extension=<colcon_core.verb.build.BuildVerb object at 0x7622f813d9c0>, main=<bound method BuildVerb.main of <colcon_core.verb.build.BuildVerb object at 0x7622f813d9c0>>, mixin_verb=('build',))
[0.178s] Level 1:colcon.colcon_core.package_discovery:discover_packages(colcon_meta) check parameters
[0.178s] Level 1:colcon.colcon_core.package_discovery:discover_packages(recursive) check parameters
[0.178s] Level 1:colcon.colcon_core.package_discovery:discover_packages(ignore) check parameters
[0.178s] Level 1:colcon.colcon_core.package_discovery:discover_packages(path) check parameters
[0.178s] Level 1:colcon.colcon_core.package_discovery:discover_packages(colcon_meta) discover
[0.178s] Level 1:colcon.colcon_core.package_discovery:discover_packages(recursive) discover
[0.178s] INFO:colcon.colcon_core.package_discovery:Crawling recursively for packages in '/home/loong/AGV_sim/src'
[0.178s] Level 1:colcon.colcon_core.package_identification:_identify(.) by extensions ['ignore', 'ignore_ament_install']
[0.178s] Level 1:colcon.colcon_core.package_identification:_identify(.) by extension 'ignore'
[0.178s] Level 1:colcon.colcon_core.package_identification:_identify(.) by extension 'ignore_ament_install'
[0.178s] Level 1:colcon.colcon_core.package_identification:_identify(.) by extensions ['colcon_pkg']
[0.178s] Level 1:colcon.colcon_core.package_identification:_identify(.) by extension 'colcon_pkg'
[0.178s] Level 1:colcon.colcon_core.package_identification:_identify(.) by extensions ['colcon_meta']
[0.178s] Level 1:colcon.colcon_core.package_identification:_identify(.) by extension 'colcon_meta'
[0.178s] Level 1:colcon.colcon_core.package_identification:_identify(.) by extensions ['ros']
[0.178s] Level 1:colcon.colcon_core.package_identification:_identify(.) by extension 'ros'
[0.185s] Level 1:colcon.colcon_core.package_identification:_identify(.) by extensions ['cmake', 'python']
[0.185s] Level 1:colcon.colcon_core.package_identification:_identify(.) by extension 'cmake'
[0.185s] Level 1:colcon.colcon_core.package_identification:_identify(.) by extension 'python'
[0.185s] Level 1:colcon.colcon_core.package_identification:_identify(.) by extensions ['python_setup_py']
[0.185s] Level 1:colcon.colcon_core.package_identification:_identify(.) by extension 'python_setup_py'
[0.185s] Level 1:colcon.colcon_core.package_identification:_identify(Gazebo_Harbour_Models) by extensions ['ignore', 'ignore_ament_install']
[0.185s] Level 1:colcon.colcon_core.package_identification:_identify(Gazebo_Harbour_Models) by extension 'ignore'
[0.185s] Level 1:colcon.colcon_core.package_identification:_identify(Gazebo_Harbour_Models) by extension 'ignore_ament_install'
[0.185s] Level 1:colcon.colcon_core.package_identification:_identify(Gazebo_Harbour_Models) by extensions ['colcon_pkg']
[0.185s] Level 1:colcon.colcon_core.package_identification:_identify(Gazebo_Harbour_Models) by extension 'colcon_pkg'
[0.185s] Level 1:colcon.colcon_core.package_identification:_identify(Gazebo_Harbour_Models) by extensions ['colcon_meta']
[0.185s] Level 1:colcon.colcon_core.package_identification:_identify(Gazebo_Harbour_Models) by extension 'colcon_meta'
[0.185s] Level 1:colcon.colcon_core.package_identification:_identify(Gazebo_Harbour_Models) by extensions ['ros']
[0.185s] Level 1:colcon.colcon_core.package_identification:_identify(Gazebo_Harbour_Models) by extension 'ros'
[0.185s] Level 1:colcon.colcon_core.package_identification:_identify(Gazebo_Harbour_Models) by extensions ['cmake', 'python']
[0.185s] Level 1:colcon.colcon_core.package_identification:_identify(Gazebo_Harbour_Models) by extension 'cmake'
[0.185s] Level 1:colcon.colcon_core.package_identification:_identify(Gazebo_Harbour_Models) by extension 'python'
[0.185s] Level 1:colcon.colcon_core.package_identification:_identify(Gazebo_Harbour_Models) by extensions ['python_setup_py']
[0.185s] Level 1:colcon.colcon_core.package_identification:_identify(Gazebo_Harbour_Models) by extension 'python_setup_py'
[0.185s] Level 1:colcon.colcon_core.package_identification:_identify(Gazebo_Harbour_Models/container-multi-multi-stack) by extensions ['ignore', 'ignore_ament_install']
[0.185s] Level 1:colcon.colcon_core.package_identification:_identify(Gazebo_Harbour_Models/container-multi-multi-stack) by extension 'ignore'
[0.185s] Level 1:colcon.colcon_core.package_identification:_identify(Gazebo_Harbour_Models/container-multi-multi-stack) by extension 'ignore_ament_install'
[0.185s] Level 1:colcon.colcon_core.package_identification:_identify(Gazebo_Harbour_Models/container-multi-multi-stack) by extensions ['colcon_pkg']
[0.185s] Level 1:colcon.colcon_core.package_identification:_identify(Gazebo_Harbour_Models/container-multi-multi-stack) by extension 'colcon_pkg'
[0.185s] Level 1:colcon.colcon_core.package_identification:_identify(Gazebo_Harbour_Models/container-multi-multi-stack) by extensions ['colcon_meta']
[0.185s] Level 1:colcon.colcon_core.package_identification:_identify(Gazebo_Harbour_Models/container-multi-multi-stack) by extension 'colcon_meta'
[0.185s] Level 1:colcon.colcon_core.package_identification:_identify(Gazebo_Harbour_Models/container-multi-multi-stack) by extensions ['ros']
[0.185s] Level 1:colcon.colcon_core.package_identification:_identify(Gazebo_Harbour_Models/container-multi-multi-stack) by extension 'ros'
[0.185s] Level 1:colcon.colcon_core.package_identification:_identify(Gazebo_Harbour_Models/container-multi-multi-stack) by extensions ['cmake', 'python']
[0.185s] Level 1:colcon.colcon_core.package_identification:_identify(Gazebo_Harbour_Models/container-multi-multi-stack) by extension 'cmake'
[0.185s] Level 1:colcon.colcon_core.package_identification:_identify(Gazebo_Harbour_Models/container-multi-multi-stack) by extension 'python'
[0.185s] Level 1:colcon.colcon_core.package_identification:_identify(Gazebo_Harbour_Models/container-multi-multi-stack) by extensions ['python_setup_py']
[0.185s] Level 1:colcon.colcon_core.package_identification:_identify(Gazebo_Harbour_Models/container-multi-multi-stack) by extension 'python_setup_py'
[0.185s] Level 1:colcon.colcon_core.package_identification:_identify(Gazebo_Harbour_Models/container-multi-multi-stack/containerstack2) by extensions ['ignore', 'ignore_ament_install']
[0.185s] Level 1:colcon.colcon_core.package_identification:_identify(Gazebo_Harbour_Models/container-multi-multi-stack/containerstack2) by extension 'ignore'
[0.185s] Level 1:colcon.colcon_core.package_identification:_identify(Gazebo_Harbour_Models/container-multi-multi-stack/containerstack2) by extension 'ignore_ament_install'
[0.185s] Level 1:colcon.colcon_core.package_identification:_identify(Gazebo_Harbour_Models/container-multi-multi-stack/containerstack2) by extensions ['colcon_pkg']
[0.185s] Level 1:colcon.colcon_core.package_identification:_identify(Gazebo_Harbour_Models/container-multi-multi-stack/containerstack2) by extension 'colcon_pkg'
[0.185s] Level 1:colcon.colcon_core.package_identification:_identify(Gazebo_Harbour_Models/container-multi-multi-stack/containerstack2) by extensions ['colcon_meta']
[0.185s] Level 1:colcon.colcon_core.package_identification:_identify(Gazebo_Harbour_Models/container-multi-multi-stack/containerstack2) by extension 'colcon_meta'
[0.185s] Level 1:colcon.colcon_core.package_identification:_identify(Gazebo_Harbour_Models/container-multi-multi-stack/containerstack2) by extensions ['ros']
[0.185s] Level 1:colcon.colcon_core.package_identification:_identify(Gazebo_Harbour_Models/container-multi-multi-stack/containerstack2) by extension 'ros'
[0.185s] Level 1:colcon.colcon_core.package_identification:_identify(Gazebo_Harbour_Models/container-multi-multi-stack/containerstack2) by extensions ['cmake', 'python']
[0.185s] Level 1:colcon.colcon_core.package_identification:_identify(Gazebo_Harbour_Models/container-multi-multi-stack/containerstack2) by extension 'cmake'
[0.186s] Level 1:colcon.colcon_core.package_identification:_identify(Gazebo_Harbour_Models/container-multi-multi-stack/containerstack2) by extension 'python'
[0.186s] Level 1:colcon.colcon_core.package_identification:_identify(Gazebo_Harbour_Models/container-multi-multi-stack/containerstack2) by extensions ['python_setup_py']
[0.186s] Level 1:colcon.colcon_core.package_identification:_identify(Gazebo_Harbour_Models/container-multi-multi-stack/containerstack2) by extension 'python_setup_py'
[0.186s] Level 1:colcon.colcon_core.package_identification:_identify(Gazebo_Harbour_Models/gazebo_models) by extensions ['ignore', 'ignore_ament_install']
[0.186s] Level 1:colcon.colcon_core.package_identification:_identify(Gazebo_Harbour_Models/gazebo_models) by extension 'ignore'
[0.186s] Level 1:colcon.colcon_core.package_identification:_identify(Gazebo_Harbour_Models/gazebo_models) by extension 'ignore_ament_install'
[0.186s] Level 1:colcon.colcon_core.package_identification:_identify(Gazebo_Harbour_Models/gazebo_models) by extensions ['colcon_pkg']
[0.186s] Level 1:colcon.colcon_core.package_identification:_identify(Gazebo_Harbour_Models/gazebo_models) by extension 'colcon_pkg'
[0.186s] Level 1:colcon.colcon_core.package_identification:_identify(Gazebo_Harbour_Models/gazebo_models) by extensions ['colcon_meta']
[0.186s] Level 1:colcon.colcon_core.package_identification:_identify(Gazebo_Harbour_Models/gazebo_models) by extension 'colcon_meta'
[0.186s] Level 1:colcon.colcon_core.package_identification:_identify(Gazebo_Harbour_Models/gazebo_models) by extensions ['ros']
[0.186s] Level 1:colcon.colcon_core.package_identification:_identify(Gazebo_Harbour_Models/gazebo_models) by extension 'ros'
[0.186s] Level 1:colcon.colcon_core.package_identification:_identify(Gazebo_Harbour_Models/gazebo_models) by extensions ['cmake', 'python']
[0.186s] Level 1:colcon.colcon_core.package_identification:_identify(Gazebo_Harbour_Models/gazebo_models) by extension 'cmake'
[0.191s] Level 1:colcon.colcon_core.package_identification:_identify(Gazebo_Harbour_Models/gazebo_models) by extension 'python'
[0.191s] DEBUG:colcon.colcon_core.package_identification:Package 'Gazebo_Harbour_Models/gazebo_models' with type 'cmake' and name 'gazebo_models'
[0.191s] Level 1:colcon.colcon_core.package_identification:_identify(Gazebo_Harbour_Models/idle_at2) by extensions ['ignore', 'ignore_ament_install']
[0.191s] Level 1:colcon.colcon_core.package_identification:_identify(Gazebo_Harbour_Models/idle_at2) by extension 'ignore'
[0.191s] Level 1:colcon.colcon_core.package_identification:_identify(Gazebo_Harbour_Models/idle_at2) by extension 'ignore_ament_install'
[0.191s] Level 1:colcon.colcon_core.package_identification:_identify(Gazebo_Harbour_Models/idle_at2) by extensions ['colcon_pkg']
[0.191s] Level 1:colcon.colcon_core.package_identification:_identify(Gazebo_Harbour_Models/idle_at2) by extension 'colcon_pkg'
[0.191s] Level 1:colcon.colcon_core.package_identification:_identify(Gazebo_Harbour_Models/idle_at2) by extensions ['colcon_meta']
[0.191s] Level 1:colcon.colcon_core.package_identification:_identify(Gazebo_Harbour_Models/idle_at2) by extension 'colcon_meta'
[0.191s] Level 1:colcon.colcon_core.package_identification:_identify(Gazebo_Harbour_Models/idle_at2) by extensions ['ros']
[0.191s] Level 1:colcon.colcon_core.package_identification:_identify(Gazebo_Harbour_Models/idle_at2) by extension 'ros'
[0.191s] Level 1:colcon.colcon_core.package_identification:_identify(Gazebo_Harbour_Models/idle_at2) by extensions ['cmake', 'python']
[0.191s] Level 1:colcon.colcon_core.package_identification:_identify(Gazebo_Harbour_Models/idle_at2) by extension 'cmake'
[0.191s] Level 1:colcon.colcon_core.package_identification:_identify(Gazebo_Harbour_Models/idle_at2) by extension 'python'
[0.191s] Level 1:colcon.colcon_core.package_identification:_identify(Gazebo_Harbour_Models/idle_at2) by extensions ['python_setup_py']
[0.191s] Level 1:colcon.colcon_core.package_identification:_identify(Gazebo_Harbour_Models/idle_at2) by extension 'python_setup_py'
[0.192s] Level 1:colcon.colcon_core.package_identification:_identify(Gazebo_Harbour_Models/idle_at2/Caminhao-Edit) by extensions ['ignore', 'ignore_ament_install']
[0.192s] Level 1:colcon.colcon_core.package_identification:_identify(Gazebo_Harbour_Models/idle_at2/Caminhao-Edit) by extension 'ignore'
[0.192s] Level 1:colcon.colcon_core.package_identification:_identify(Gazebo_Harbour_Models/idle_at2/Caminhao-Edit) by extension 'ignore_ament_install'
[0.192s] Level 1:colcon.colcon_core.package_identification:_identify(Gazebo_Harbour_Models/idle_at2/Caminhao-Edit) by extensions ['colcon_pkg']
[0.192s] Level 1:colcon.colcon_core.package_identification:_identify(Gazebo_Harbour_Models/idle_at2/Caminhao-Edit) by extension 'colcon_pkg'
[0.192s] Level 1:colcon.colcon_core.package_identification:_identify(Gazebo_Harbour_Models/idle_at2/Caminhao-Edit) by extensions ['colcon_meta']
[0.192s] Level 1:colcon.colcon_core.package_identification:_identify(Gazebo_Harbour_Models/idle_at2/Caminhao-Edit) by extension 'colcon_meta'
[0.192s] Level 1:colcon.colcon_core.package_identification:_identify(Gazebo_Harbour_Models/idle_at2/Caminhao-Edit) by extensions ['ros']
[0.192s] Level 1:colcon.colcon_core.package_identification:_identify(Gazebo_Harbour_Models/idle_at2/Caminhao-Edit) by extension 'ros'
[0.192s] Level 1:colcon.colcon_core.package_identification:_identify(Gazebo_Harbour_Models/idle_at2/Caminhao-Edit) by extensions ['cmake', 'python']
[0.192s] Level 1:colcon.colcon_core.package_identification:_identify(Gazebo_Harbour_Models/idle_at2/Caminhao-Edit) by extension 'cmake'
[0.192s] Level 1:colcon.colcon_core.package_identification:_identify(Gazebo_Harbour_Models/idle_at2/Caminhao-Edit) by extension 'python'
[0.192s] Level 1:colcon.colcon_core.package_identification:_identify(Gazebo_Harbour_Models/idle_at2/Caminhao-Edit) by extensions ['python_setup_py']
[0.192s] Level 1:colcon.colcon_core.package_identification:_identify(Gazebo_Harbour_Models/idle_at2/Caminhao-Edit) by extension 'python_setup_py'
[0.192s] Level 1:colcon.colcon_core.package_identification:_identify(Gazebo_Harbour_Models/volvofh16) by extensions ['ignore', 'ignore_ament_install']
[0.192s] Level 1:colcon.colcon_core.package_identification:_identify(Gazebo_Harbour_Models/volvofh16) by extension 'ignore'
[0.192s] Level 1:colcon.colcon_core.package_identification:_identify(Gazebo_Harbour_Models/volvofh16) by extension 'ignore_ament_install'
[0.192s] Level 1:colcon.colcon_core.package_identification:_identify(Gazebo_Harbour_Models/volvofh16) by extensions ['colcon_pkg']
[0.192s] Level 1:colcon.colcon_core.package_identification:_identify(Gazebo_Harbour_Models/volvofh16) by extension 'colcon_pkg'
[0.192s] Level 1:colcon.colcon_core.package_identification:_identify(Gazebo_Harbour_Models/volvofh16) by extensions ['colcon_meta']
[0.192s] Level 1:colcon.colcon_core.package_identification:_identify(Gazebo_Harbour_Models/volvofh16) by extension 'colcon_meta'
[0.192s] Level 1:colcon.colcon_core.package_identification:_identify(Gazebo_Harbour_Models/volvofh16) by extensions ['ros']
[0.192s] Level 1:colcon.colcon_core.package_identification:_identify(Gazebo_Harbour_Models/volvofh16) by extension 'ros'
[0.192s] Level 1:colcon.colcon_core.package_identification:_identify(Gazebo_Harbour_Models/volvofh16) by extensions ['cmake', 'python']
[0.192s] Level 1:colcon.colcon_core.package_identification:_identify(Gazebo_Harbour_Models/volvofh16) by extension 'cmake'
[0.192s] Level 1:colcon.colcon_core.package_identification:_identify(Gazebo_Harbour_Models/volvofh16) by extension 'python'
[0.192s] Level 1:colcon.colcon_core.package_identification:_identify(Gazebo_Harbour_Models/volvofh16) by extensions ['python_setup_py']
[0.192s] Level 1:colcon.colcon_core.package_identification:_identify(Gazebo_Harbour_Models/volvofh16) by extension 'python_setup_py'
[0.192s] Level 1:colcon.colcon_core.package_identification:_identify(Gazebo_Harbour_Models/worlds) by extensions ['ignore', 'ignore_ament_install']
[0.192s] Level 1:colcon.colcon_core.package_identification:_identify(Gazebo_Harbour_Models/worlds) by extension 'ignore'
[0.192s] Level 1:colcon.colcon_core.package_identification:_identify(Gazebo_Harbour_Models/worlds) by extension 'ignore_ament_install'
[0.192s] Level 1:colcon.colcon_core.package_identification:_identify(Gazebo_Harbour_Models/worlds) by extensions ['colcon_pkg']
[0.192s] Level 1:colcon.colcon_core.package_identification:_identify(Gazebo_Harbour_Models/worlds) by extension 'colcon_pkg'
[0.192s] Level 1:colcon.colcon_core.package_identification:_identify(Gazebo_Harbour_Models/worlds) by extensions ['colcon_meta']
[0.192s] Level 1:colcon.colcon_core.package_identification:_identify(Gazebo_Harbour_Models/worlds) by extension 'colcon_meta'
[0.192s] Level 1:colcon.colcon_core.package_identification:_identify(Gazebo_Harbour_Models/worlds) by extensions ['ros']
[0.192s] Level 1:colcon.colcon_core.package_identification:_identify(Gazebo_Harbour_Models/worlds) by extension 'ros'
[0.192s] Level 1:colcon.colcon_core.package_identification:_identify(Gazebo_Harbour_Models/worlds) by extensions ['cmake', 'python']
[0.192s] Level 1:colcon.colcon_core.package_identification:_identify(Gazebo_Harbour_Models/worlds) by extension 'cmake'
[0.192s] Level 1:colcon.colcon_core.package_identification:_identify(Gazebo_Harbour_Models/worlds) by extension 'python'
[0.192s] Level 1:colcon.colcon_core.package_identification:_identify(Gazebo_Harbour_Models/worlds) by extensions ['python_setup_py']
[0.192s] Level 1:colcon.colcon_core.package_identification:_identify(Gazebo_Harbour_Models/worlds) by extension 'python_setup_py'
[0.192s] Level 1:colcon.colcon_core.package_identification:_identify(build) by extensions ['ignore', 'ignore_ament_install']
[0.192s] Level 1:colcon.colcon_core.package_identification:_identify(build) by extension 'ignore'
[0.192s] Level 1:colcon.colcon_core.package_identification:_identify(build) ignored
[0.192s] Level 1:colcon.colcon_core.package_identification:_identify(docs) by extensions ['ignore', 'ignore_ament_install']
[0.192s] Level 1:colcon.colcon_core.package_identification:_identify(docs) by extension 'ignore'
[0.193s] Level 1:colcon.colcon_core.package_identification:_identify(docs) by extension 'ignore_ament_install'
[0.193s] Level 1:colcon.colcon_core.package_identification:_identify(docs) by extensions ['colcon_pkg']
[0.193s] Level 1:colcon.colcon_core.package_identification:_identify(docs) by extension 'colcon_pkg'
[0.193s] Level 1:colcon.colcon_core.package_identification:_identify(docs) by extensions ['colcon_meta']
[0.193s] Level 1:colcon.colcon_core.package_identification:_identify(docs) by extension 'colcon_meta'
[0.193s] Level 1:colcon.colcon_core.package_identification:_identify(docs) by extensions ['ros']
[0.193s] Level 1:colcon.colcon_core.package_identification:_identify(docs) by extension 'ros'
[0.193s] Level 1:colcon.colcon_core.package_identification:_identify(docs) by extensions ['cmake', 'python']
[0.193s] Level 1:colcon.colcon_core.package_identification:_identify(docs) by extension 'cmake'
[0.193s] Level 1:colcon.colcon_core.package_identification:_identify(docs) by extension 'python'
[0.193s] Level 1:colcon.colcon_core.package_identification:_identify(docs) by extensions ['python_setup_py']
[0.193s] Level 1:colcon.colcon_core.package_identification:_identify(docs) by extension 'python_setup_py'
[0.193s] Level 1:colcon.colcon_core.package_identification:_identify(harbour_assets_description) by extensions ['ignore', 'ignore_ament_install']
[0.193s] Level 1:colcon.colcon_core.package_identification:_identify(harbour_assets_description) by extension 'ignore'
[0.193s] Level 1:colcon.colcon_core.package_identification:_identify(harbour_assets_description) by extension 'ignore_ament_install'
[0.193s] Level 1:colcon.colcon_core.package_identification:_identify(harbour_assets_description) by extensions ['colcon_pkg']
[0.193s] Level 1:colcon.colcon_core.package_identification:_identify(harbour_assets_description) by extension 'colcon_pkg'
[0.193s] Level 1:colcon.colcon_core.package_identification:_identify(harbour_assets_description) by extensions ['colcon_meta']
[0.193s] Level 1:colcon.colcon_core.package_identification:_identify(harbour_assets_description) by extension 'colcon_meta'
[0.193s] Level 1:colcon.colcon_core.package_identification:_identify(harbour_assets_description) by extensions ['ros']
[0.193s] Level 1:colcon.colcon_core.package_identification:_identify(harbour_assets_description) by extension 'ros'
[0.194s] DEBUG:colcon.colcon_core.package_identification:Package 'harbour_assets_description' with type 'ros.ament_cmake' and name 'harbour_assets_description'
[0.194s] Level 1:colcon.colcon_core.package_identification:_identify(install) by extensions ['ignore', 'ignore_ament_install']
[0.194s] Level 1:colcon.colcon_core.package_identification:_identify(install) by extension 'ignore'
[0.195s] Level 1:colcon.colcon_core.package_identification:_identify(install) ignored
[0.195s] Level 1:colcon.colcon_core.package_identification:_identify(log) by extensions ['ignore', 'ignore_ament_install']
[0.195s] Level 1:colcon.colcon_core.package_identification:_identify(log) by extension 'ignore'
[0.195s] Level 1:colcon.colcon_core.package_identification:_identify(log) ignored
[0.195s] Level 1:colcon.colcon_core.package_identification:_identify(ros_gz_project_template) by extensions ['ignore', 'ignore_ament_install']
[0.195s] Level 1:colcon.colcon_core.package_identification:_identify(ros_gz_project_template) by extension 'ignore'
[0.195s] Level 1:colcon.colcon_core.package_identification:_identify(ros_gz_project_template) by extension 'ignore_ament_install'
[0.195s] Level 1:colcon.colcon_core.package_identification:_identify(ros_gz_project_template) by extensions ['colcon_pkg']
[0.195s] Level 1:colcon.colcon_core.package_identification:_identify(ros_gz_project_template) by extension 'colcon_pkg'
[0.195s] Level 1:colcon.colcon_core.package_identification:_identify(ros_gz_project_template) by extensions ['colcon_meta']
[0.195s] Level 1:colcon.colcon_core.package_identification:_identify(ros_gz_project_template) by extension 'colcon_meta'
[0.195s] Level 1:colcon.colcon_core.package_identification:_identify(ros_gz_project_template) by extensions ['ros']
[0.195s] Level 1:colcon.colcon_core.package_identification:_identify(ros_gz_project_template) by extension 'ros'
[0.195s] Level 1:colcon.colcon_core.package_identification:_identify(ros_gz_project_template) by extensions ['cmake', 'python']
[0.195s] Level 1:colcon.colcon_core.package_identification:_identify(ros_gz_project_template) by extension 'cmake'
[0.195s] Level 1:colcon.colcon_core.package_identification:_identify(ros_gz_project_template) by extension 'python'
[0.195s] Level 1:colcon.colcon_core.package_identification:_identify(ros_gz_project_template) by extensions ['python_setup_py']
[0.195s] Level 1:colcon.colcon_core.package_identification:_identify(ros_gz_project_template) by extension 'python_setup_py'
[0.195s] Level 1:colcon.colcon_core.package_identification:_identify(ros_gz_project_template/ros_gz_example_application) by extensions ['ignore', 'ignore_ament_install']
[0.195s] Level 1:colcon.colcon_core.package_identification:_identify(ros_gz_project_template/ros_gz_example_application) by extension 'ignore'
[0.195s] Level 1:colcon.colcon_core.package_identification:_identify(ros_gz_project_template/ros_gz_example_application) by extension 'ignore_ament_install'
[0.195s] Level 1:colcon.colcon_core.package_identification:_identify(ros_gz_project_template/ros_gz_example_application) by extensions ['colcon_pkg']
[0.195s] Level 1:colcon.colcon_core.package_identification:_identify(ros_gz_project_template/ros_gz_example_application) by extension 'colcon_pkg'
[0.195s] Level 1:colcon.colcon_core.package_identification:_identify(ros_gz_project_template/ros_gz_example_application) by extensions ['colcon_meta']
[0.195s] Level 1:colcon.colcon_core.package_identification:_identify(ros_gz_project_template/ros_gz_example_application) by extension 'colcon_meta'
[0.195s] Level 1:colcon.colcon_core.package_identification:_identify(ros_gz_project_template/ros_gz_example_application) by extensions ['ros']
[0.195s] Level 1:colcon.colcon_core.package_identification:_identify(ros_gz_project_template/ros_gz_example_application) by extension 'ros'
[0.195s] DEBUG:colcon.colcon_core.package_identification:Package 'ros_gz_project_template/ros_gz_example_application' with type 'ros.ament_cmake' and name 'ros_gz_example_application'
[0.196s] Level 1:colcon.colcon_core.package_identification:_identify(ros_gz_project_template/ros_gz_example_bringup) by extensions ['ignore', 'ignore_ament_install']
[0.196s] Level 1:colcon.colcon_core.package_identification:_identify(ros_gz_project_template/ros_gz_example_bringup) by extension 'ignore'
[0.196s] Level 1:colcon.colcon_core.package_identification:_identify(ros_gz_project_template/ros_gz_example_bringup) by extension 'ignore_ament_install'
[0.196s] Level 1:colcon.colcon_core.package_identification:_identify(ros_gz_project_template/ros_gz_example_bringup) by extensions ['colcon_pkg']
[0.196s] Level 1:colcon.colcon_core.package_identification:_identify(ros_gz_project_template/ros_gz_example_bringup) by extension 'colcon_pkg'
[0.196s] Level 1:colcon.colcon_core.package_identification:_identify(ros_gz_project_template/ros_gz_example_bringup) by extensions ['colcon_meta']
[0.196s] Level 1:colcon.colcon_core.package_identification:_identify(ros_gz_project_template/ros_gz_example_bringup) by extension 'colcon_meta'
[0.196s] Level 1:colcon.colcon_core.package_identification:_identify(ros_gz_project_template/ros_gz_example_bringup) by extensions ['ros']
[0.196s] Level 1:colcon.colcon_core.package_identification:_identify(ros_gz_project_template/ros_gz_example_bringup) by extension 'ros'
[0.196s] DEBUG:colcon.colcon_core.package_identification:Package 'ros_gz_project_template/ros_gz_example_bringup' with type 'ros.ament_cmake' and name 'ros_gz_example_bringup'
[0.196s] Level 1:colcon.colcon_core.package_identification:_identify(ros_gz_project_template/ros_gz_example_description) by extensions ['ignore', 'ignore_ament_install']
[0.196s] Level 1:colcon.colcon_core.package_identification:_identify(ros_gz_project_template/ros_gz_example_description) by extension 'ignore'
[0.196s] Level 1:colcon.colcon_core.package_identification:_identify(ros_gz_project_template/ros_gz_example_description) by extension 'ignore_ament_install'
[0.196s] Level 1:colcon.colcon_core.package_identification:_identify(ros_gz_project_template/ros_gz_example_description) by extensions ['colcon_pkg']
[0.196s] Level 1:colcon.colcon_core.package_identification:_identify(ros_gz_project_template/ros_gz_example_description) by extension 'colcon_pkg'
[0.196s] Level 1:colcon.colcon_core.package_identification:_identify(ros_gz_project_template/ros_gz_example_description) by extensions ['colcon_meta']
[0.196s] Level 1:colcon.colcon_core.package_identification:_identify(ros_gz_project_template/ros_gz_example_description) by extension 'colcon_meta'
[0.196s] Level 1:colcon.colcon_core.package_identification:_identify(ros_gz_project_template/ros_gz_example_description) by extensions ['ros']
[0.196s] Level 1:colcon.colcon_core.package_identification:_identify(ros_gz_project_template/ros_gz_example_description) by extension 'ros'
[0.197s] DEBUG:colcon.colcon_core.package_identification:Package 'ros_gz_project_template/ros_gz_example_description' with type 'ros.ament_cmake' and name 'ros_gz_example_description'
[0.197s] Level 1:colcon.colcon_core.package_identification:_identify(ros_gz_project_template/ros_gz_example_gazebo) by extensions ['ignore', 'ignore_ament_install']
[0.197s] Level 1:colcon.colcon_core.package_identification:_identify(ros_gz_project_template/ros_gz_example_gazebo) by extension 'ignore'
[0.197s] Level 1:colcon.colcon_core.package_identification:_identify(ros_gz_project_template/ros_gz_example_gazebo) by extension 'ignore_ament_install'
[0.197s] Level 1:colcon.colcon_core.package_identification:_identify(ros_gz_project_template/ros_gz_example_gazebo) by extensions ['colcon_pkg']
[0.197s] Level 1:colcon.colcon_core.package_identification:_identify(ros_gz_project_template/ros_gz_example_gazebo) by extension 'colcon_pkg'
[0.197s] Level 1:colcon.colcon_core.package_identification:_identify(ros_gz_project_template/ros_gz_example_gazebo) by extensions ['colcon_meta']
[0.197s] Level 1:colcon.colcon_core.package_identification:_identify(ros_gz_project_template/ros_gz_example_gazebo) by extension 'colcon_meta'
[0.197s] Level 1:colcon.colcon_core.package_identification:_identify(ros_gz_project_template/ros_gz_example_gazebo) by extensions ['ros']
[0.197s] Level 1:colcon.colcon_core.package_identification:_identify(ros_gz_project_template/ros_gz_example_gazebo) by extension 'ros'
[0.197s] DEBUG:colcon.colcon_core.package_identification:Package 'ros_gz_project_template/ros_gz_example_gazebo' with type 'ros.ament_cmake' and name 'ros_gz_example_gazebo'
[0.197s] Level 1:colcon.colcon_core.package_identification:_identify(web_dashboard) by extensions ['ignore', 'ignore_ament_install']
[0.197s] Level 1:colcon.colcon_core.package_identification:_identify(web_dashboard) by extension 'ignore'
[0.197s] Level 1:colcon.colcon_core.package_identification:_identify(web_dashboard) by extension 'ignore_ament_install'
[0.197s] Level 1:colcon.colcon_core.package_identification:_identify(web_dashboard) by extensions ['colcon_pkg']
[0.197s] Level 1:colcon.colcon_core.package_identification:_identify(web_dashboard) by extension 'colcon_pkg'
[0.197s] Level 1:colcon.colcon_core.package_identification:_identify(web_dashboard) by extensions ['colcon_meta']
[0.197s] Level 1:colcon.colcon_core.package_identification:_identify(web_dashboard) by extension 'colcon_meta'
[0.197s] Level 1:colcon.colcon_core.package_identification:_identify(web_dashboard) by extensions ['ros']
[0.197s] Level 1:colcon.colcon_core.package_identification:_identify(web_dashboard) by extension 'ros'
[0.197s] Level 1:colcon.colcon_core.package_identification:_identify(web_dashboard) by extensions ['cmake', 'python']
[0.197s] Level 1:colcon.colcon_core.package_identification:_identify(web_dashboard) by extension 'cmake'
[0.197s] Level 1:colcon.colcon_core.package_identification:_identify(web_dashboard) by extension 'python'
[0.197s] Level 1:colcon.colcon_core.package_identification:_identify(web_dashboard) by extensions ['python_setup_py']
[0.198s] Level 1:colcon.colcon_core.package_identification:_identify(web_dashboard) by extension 'python_setup_py'
[0.198s] Level 1:colcon.colcon_core.package_identification:_identify(web_dashboard/static) by extensions ['ignore', 'ignore_ament_install']
[0.198s] Level 1:colcon.colcon_core.package_identification:_identify(web_dashboard/static) by extension 'ignore'
[0.198s] Level 1:colcon.colcon_core.package_identification:_identify(web_dashboard/static) by extension 'ignore_ament_install'
[0.198s] Level 1:colcon.colcon_core.package_identification:_identify(web_dashboard/static) by extensions ['colcon_pkg']
[0.198s] Level 1:colcon.colcon_core.package_identification:_identify(web_dashboard/static) by extension 'colcon_pkg'
[0.198s] Level 1:colcon.colcon_core.package_identification:_identify(web_dashboard/static) by extensions ['colcon_meta']
[0.198s] Level 1:colcon.colcon_core.package_identification:_identify(web_dashboard/static) by extension 'colcon_meta'
[0.198s] Level 1:colcon.colcon_core.package_identification:_identify(web_dashboard/static) by extensions ['ros']
[0.198s] Level 1:colcon.colcon_core.package_identification:_identify(web_dashboard/static) by extension 'ros'
[0.198s] Level 1:colcon.colcon_core.package_identification:_identify(web_dashboard/static) by extensions ['cmake', 'python']
[0.198s] Level 1:colcon.colcon_core.package_identification:_identify(web_dashboard/static) by extension 'cmake'
[0.198s] Level 1:colcon.colcon_core.package_identification:_identify(web_dashboard/static) by extension 'python'
[0.198s] Level 1:colcon.colcon_core.package_identification:_identify(web_dashboard/static) by extensions ['python_setup_py']
[0.198s] Level 1:colcon.colcon_core.package_identification:_identify(web_dashboard/static) by extension 'python_setup_py'
[0.198s] Level 1:colcon.colcon_core.package_identification:_identify(web_dashboard/static/css) by extensions ['ignore', 'ignore_ament_install']
[0.198s] Level 1:colcon.colcon_core.package_identification:_identify(web_dashboard/static/css) by extension 'ignore'
[0.198s] Level 1:colcon.colcon_core.package_identification:_identify(web_dashboard/static/css) by extension 'ignore_ament_install'
[0.198s] Level 1:colcon.colcon_core.package_identification:_identify(web_dashboard/static/css) by extensions ['colcon_pkg']
[0.198s] Level 1:colcon.colcon_core.package_identification:_identify(web_dashboard/static/css) by extension 'colcon_pkg'
[0.198s] Level 1:colcon.colcon_core.package_identification:_identify(web_dashboard/static/css) by extensions ['colcon_meta']
[0.198s] Level 1:colcon.colcon_core.package_identification:_identify(web_dashboard/static/css) by extension 'colcon_meta'
[0.198s] Level 1:colcon.colcon_core.package_identification:_identify(web_dashboard/static/css) by extensions ['ros']
[0.198s] Level 1:colcon.colcon_core.package_identification:_identify(web_dashboard/static/css) by extension 'ros'
[0.198s] Level 1:colcon.colcon_core.package_identification:_identify(web_dashboard/static/css) by extensions ['cmake', 'python']
[0.198s] Level 1:colcon.colcon_core.package_identification:_identify(web_dashboard/static/css) by extension 'cmake'
[0.198s] Level 1:colcon.colcon_core.package_identification:_identify(web_dashboard/static/css) by extension 'python'
[0.198s] Level 1:colcon.colcon_core.package_identification:_identify(web_dashboard/static/css) by extensions ['python_setup_py']
[0.198s] Level 1:colcon.colcon_core.package_identification:_identify(web_dashboard/static/css) by extension 'python_setup_py'
[0.198s] Level 1:colcon.colcon_core.package_identification:_identify(web_dashboard/static/css/images) by extensions ['ignore', 'ignore_ament_install']
[0.198s] Level 1:colcon.colcon_core.package_identification:_identify(web_dashboard/static/css/images) by extension 'ignore'
[0.198s] Level 1:colcon.colcon_core.package_identification:_identify(web_dashboard/static/css/images) by extension 'ignore_ament_install'
[0.198s] Level 1:colcon.colcon_core.package_identification:_identify(web_dashboard/static/css/images) by extensions ['colcon_pkg']
[0.198s] Level 1:colcon.colcon_core.package_identification:_identify(web_dashboard/static/css/images) by extension 'colcon_pkg'
[0.198s] Level 1:colcon.colcon_core.package_identification:_identify(web_dashboard/static/css/images) by extensions ['colcon_meta']
[0.198s] Level 1:colcon.colcon_core.package_identification:_identify(web_dashboard/static/css/images) by extension 'colcon_meta'
[0.198s] Level 1:colcon.colcon_core.package_identification:_identify(web_dashboard/static/css/images) by extensions ['ros']
[0.198s] Level 1:colcon.colcon_core.package_identification:_identify(web_dashboard/static/css/images) by extension 'ros'
[0.198s] Level 1:colcon.colcon_core.package_identification:_identify(web_dashboard/static/css/images) by extensions ['cmake', 'python']
[0.198s] Level 1:colcon.colcon_core.package_identification:_identify(web_dashboard/static/css/images) by extension 'cmake'
[0.198s] Level 1:colcon.colcon_core.package_identification:_identify(web_dashboard/static/css/images) by extension 'python'
[0.198s] Level 1:colcon.colcon_core.package_identification:_identify(web_dashboard/static/css/images) by extensions ['python_setup_py']
[0.198s] Level 1:colcon.colcon_core.package_identification:_identify(web_dashboard/static/css/images) by extension 'python_setup_py'
[0.198s] Level 1:colcon.colcon_core.package_identification:_identify(web_dashboard/static/js) by extensions ['ignore', 'ignore_ament_install']
[0.198s] Level 1:colcon.colcon_core.package_identification:_identify(web_dashboard/static/js) by extension 'ignore'
[0.198s] Level 1:colcon.colcon_core.package_identification:_identify(web_dashboard/static/js) by extension 'ignore_ament_install'
[0.198s] Level 1:colcon.colcon_core.package_identification:_identify(web_dashboard/static/js) by extensions ['colcon_pkg']
[0.198s] Level 1:colcon.colcon_core.package_identification:_identify(web_dashboard/static/js) by extension 'colcon_pkg'
[0.198s] Level 1:colcon.colcon_core.package_identification:_identify(web_dashboard/static/js) by extensions ['colcon_meta']
[0.198s] Level 1:colcon.colcon_core.package_identification:_identify(web_dashboard/static/js) by extension 'colcon_meta'
[0.198s] Level 1:colcon.colcon_core.package_identification:_identify(web_dashboard/static/js) by extensions ['ros']
[0.198s] Level 1:colcon.colcon_core.package_identification:_identify(web_dashboard/static/js) by extension 'ros'
[0.198s] Level 1:colcon.colcon_core.package_identification:_identify(web_dashboard/static/js) by extensions ['cmake', 'python']
[0.199s] Level 1:colcon.colcon_core.package_identification:_identify(web_dashboard/static/js) by extension 'cmake'
[0.199s] Level 1:colcon.colcon_core.package_identification:_identify(web_dashboard/static/js) by extension 'python'
[0.199s] Level 1:colcon.colcon_core.package_identification:_identify(web_dashboard/static/js) by extensions ['python_setup_py']
[0.199s] Level 1:colcon.colcon_core.package_identification:_identify(web_dashboard/static/js) by extension 'python_setup_py'
[0.199s] Level 1:colcon.colcon_core.package_identification:_identify(web_dashboard/static/tiles) by extensions ['ignore', 'ignore_ament_install']
[0.199s] Level 1:colcon.colcon_core.package_identification:_identify(web_dashboard/static/tiles) by extension 'ignore'
[0.199s] Level 1:colcon.colcon_core.package_identification:_identify(web_dashboard/static/tiles) by extension 'ignore_ament_install'
[0.199s] Level 1:colcon.colcon_core.package_identification:_identify(web_dashboard/static/tiles) by extensions ['colcon_pkg']
[0.199s] Level 1:colcon.colcon_core.package_identification:_identify(web_dashboard/static/tiles) by extension 'colcon_pkg'
[0.199s] Level 1:colcon.colcon_core.package_identification:_identify(web_dashboard/static/tiles) by extensions ['colcon_meta']
[0.199s] Level 1:colcon.colcon_core.package_identification:_identify(web_dashboard/static/tiles) by extension 'colcon_meta'
[0.199s] Level 1:colcon.colcon_core.package_identification:_identify(web_dashboard/static/tiles) by extensions ['ros']
[0.199s] Level 1:colcon.colcon_core.package_identification:_identify(web_dashboard/static/tiles) by extension 'ros'
[0.199s] Level 1:colcon.colcon_core.package_identification:_identify(web_dashboard/static/tiles) by extensions ['cmake', 'python']
[0.199s] Level 1:colcon.colcon_core.package_identification:_identify(web_dashboard/static/tiles) by extension 'cmake'
[0.199s] Level 1:colcon.colcon_core.package_identification:_identify(web_dashboard/static/tiles) by extension 'python'
[0.199s] Level 1:colcon.colcon_core.package_identification:_identify(web_dashboard/static/tiles) by extensions ['python_setup_py']
[0.199s] Level 1:colcon.colcon_core.package_identification:_identify(web_dashboard/static/tiles) by extension 'python_setup_py'
[0.199s] Level 1:colcon.colcon_core.package_identification:_identify(web_dashboard/templates) by extensions ['ignore', 'ignore_ament_install']
[0.199s] Level 1:colcon.colcon_core.package_identification:_identify(web_dashboard/templates) by extension 'ignore'
[0.199s] Level 1:colcon.colcon_core.package_identification:_identify(web_dashboard/templates) by extension 'ignore_ament_install'
[0.199s] Level 1:colcon.colcon_core.package_identification:_identify(web_dashboard/templates) by extensions ['colcon_pkg']
[0.199s] Level 1:colcon.colcon_core.package_identification:_identify(web_dashboard/templates) by extension 'colcon_pkg'
[0.199s] Level 1:colcon.colcon_core.package_identification:_identify(web_dashboard/templates) by extensions ['colcon_meta']
[0.199s] Level 1:colcon.colcon_core.package_identification:_identify(web_dashboard/templates) by extension 'colcon_meta'
[0.199s] Level 1:colcon.colcon_core.package_identification:_identify(web_dashboard/templates) by extensions ['ros']
[0.199s] Level 1:colcon.colcon_core.package_identification:_identify(web_dashboard/templates) by extension 'ros'
[0.199s] Level 1:colcon.colcon_core.package_identification:_identify(web_dashboard/templates) by extensions ['cmake', 'python']
[0.199s] Level 1:colcon.colcon_core.package_identification:_identify(web_dashboard/templates) by extension 'cmake'
[0.199s] Level 1:colcon.colcon_core.package_identification:_identify(web_dashboard/templates) by extension 'python'
[0.199s] Level 1:colcon.colcon_core.package_identification:_identify(web_dashboard/templates) by extensions ['python_setup_py']
[0.199s] Level 1:colcon.colcon_core.package_identification:_identify(web_dashboard/templates) by extension 'python_setup_py'
[0.199s] Level 1:colcon.colcon_core.package_discovery:discover_packages(recursive) using defaults
[0.199s] Level 1:colcon.colcon_core.package_discovery:discover_packages(ignore) discover
[0.199s] Level 1:colcon.colcon_core.package_discovery:discover_packages(ignore) using defaults
[0.199s] Level 1:colcon.colcon_core.package_discovery:discover_packages(path) discover
[0.199s] Level 1:colcon.colcon_core.package_discovery:discover_packages(path) using defaults
[0.215s] Level 1:colcon.colcon_core.package_discovery:discover_packages(prefix_path) check parameters
[0.215s] Level 1:colcon.colcon_core.package_discovery:discover_packages(prefix_path) discover
[0.217s] DEBUG:colcon.colcon_installed_package_information.package_discovery:Found 4 installed packages in /home/loong/AGV_sim/install
[0.217s] DEBUG:colcon.colcon_installed_package_information.package_discovery:Found 381 installed packages in /opt/ros/humble
[0.218s] Level 1:colcon.colcon_core.package_discovery:discover_packages(prefix_path) using defaults
[0.241s] Level 5:colcon.colcon_core.verb:set package 'gazebo_models' build argument 'cmake_args' from command line to 'None'
[0.242s] Level 5:colcon.colcon_core.verb:set package 'gazebo_models' build argument 'cmake_target' from command line to 'None'
[0.242s] Level 5:colcon.colcon_core.verb:set package 'gazebo_models' build argument 'cmake_target_skip_unavailable' from command line to 'False'
[0.242s] Level 5:colcon.colcon_core.verb:set package 'gazebo_models' build argument 'cmake_clean_cache' from command line to 'False'
[0.242s] Level 5:colcon.colcon_core.verb:set package 'gazebo_models' build argument 'cmake_clean_first' from command line to 'False'
[0.242s] Level 5:colcon.colcon_core.verb:set package 'gazebo_models' build argument 'cmake_force_configure' from command line to 'False'
[0.242s] Level 5:colcon.colcon_core.verb:set package 'gazebo_models' build argument 'ament_cmake_args' from command line to 'None'
[0.242s] Level 5:colcon.colcon_core.verb:set package 'gazebo_models' build argument 'catkin_cmake_args' from command line to 'None'
[0.242s] Level 5:colcon.colcon_core.verb:set package 'gazebo_models' build argument 'catkin_skip_building_tests' from command line to 'False'
[0.242s] DEBUG:colcon.colcon_core.verb:Building package 'gazebo_models' with the following arguments: {'ament_cmake_args': None, 'build_base': '/home/loong/AGV_sim/src/build/gazebo_models', 'catkin_cmake_args': None, 'catkin_skip_building_tests': False, 'cmake_args': None, 'cmake_clean_cache': False, 'cmake_clean_first': False, 'cmake_force_configure': False, 'cmake_target': None, 'cmake_target_skip_unavailable': False, 'install_base': '/home/loong/AGV_sim/src/install/gazebo_models', 'merge_install': False, 'path': '/home/loong/AGV_sim/src/Gazebo_Harbour_Models/gazebo_models', 'symlink_install': True, 'test_result_base': None}
[0.242s] Level 5:colcon.colcon_core.verb:set package 'harbour_assets_description' build argument 'cmake_args' from command line to 'None'
[0.242s] Level 5:colcon.colcon_core.verb:set package 'harbour_assets_description' build argument 'cmake_target' from command line to 'None'
[0.242s] Level 5:colcon.colcon_core.verb:set package 'harbour_assets_description' build argument 'cmake_target_skip_unavailable' from command line to 'False'
[0.242s] Level 5:colcon.colcon_core.verb:set package 'harbour_assets_description' build argument 'cmake_clean_cache' from command line to 'False'
[0.242s] Level 5:colcon.colcon_core.verb:set package 'harbour_assets_description' build argument 'cmake_clean_first' from command line to 'False'
[0.242s] Level 5:colcon.colcon_core.verb:set package 'harbour_assets_description' build argument 'cmake_force_configure' from command line to 'False'
[0.242s] Level 5:colcon.colcon_core.verb:set package 'harbour_assets_description' build argument 'ament_cmake_args' from command line to 'None'
[0.242s] Level 5:colcon.colcon_core.verb:set package 'harbour_assets_description' build argument 'catkin_cmake_args' from command line to 'None'
[0.242s] Level 5:colcon.colcon_core.verb:set package 'harbour_assets_description' build argument 'catkin_skip_building_tests' from command line to 'False'
[0.242s] DEBUG:colcon.colcon_core.verb:Building package 'harbour_assets_description' with the following arguments: {'ament_cmake_args': None, 'build_base': '/home/loong/AGV_sim/src/build/harbour_assets_description', 'catkin_cmake_args': None, 'catkin_skip_building_tests': False, 'cmake_args': None, 'cmake_clean_cache': False, 'cmake_clean_first': False, 'cmake_force_configure': False, 'cmake_target': None, 'cmake_target_skip_unavailable': False, 'install_base': '/home/loong/AGV_sim/src/install/harbour_assets_description', 'merge_install': False, 'path': '/home/loong/AGV_sim/src/harbour_assets_description', 'symlink_install': True, 'test_result_base': None}
[0.242s] Level 5:colcon.colcon_core.verb:set package 'ros_gz_example_application' build argument 'cmake_args' from command line to 'None'
[0.242s] Level 5:colcon.colcon_core.verb:set package 'ros_gz_example_application' build argument 'cmake_target' from command line to 'None'
[0.242s] Level 5:colcon.colcon_core.verb:set package 'ros_gz_example_application' build argument 'cmake_target_skip_unavailable' from command line to 'False'
[0.242s] Level 5:colcon.colcon_core.verb:set package 'ros_gz_example_application' build argument 'cmake_clean_cache' from command line to 'False'
[0.242s] Level 5:colcon.colcon_core.verb:set package 'ros_gz_example_application' build argument 'cmake_clean_first' from command line to 'False'
[0.242s] Level 5:colcon.colcon_core.verb:set package 'ros_gz_example_application' build argument 'cmake_force_configure' from command line to 'False'
[0.242s] Level 5:colcon.colcon_core.verb:set package 'ros_gz_example_application' build argument 'ament_cmake_args' from command line to 'None'
[0.242s] Level 5:colcon.colcon_core.verb:set package 'ros_gz_example_application' build argument 'catkin_cmake_args' from command line to 'None'
[0.242s] Level 5:colcon.colcon_core.verb:set package 'ros_gz_example_application' build argument 'catkin_skip_building_tests' from command line to 'False'
[0.242s] DEBUG:colcon.colcon_core.verb:Building package 'ros_gz_example_application' with the following arguments: {'ament_cmake_args': None, 'build_base': '/home/loong/AGV_sim/src/build/ros_gz_example_application', 'catkin_cmake_args': None, 'catkin_skip_building_tests': False, 'cmake_args': None, 'cmake_clean_cache': False, 'cmake_clean_first': False, 'cmake_force_configure': False, 'cmake_target': None, 'cmake_target_skip_unavailable': False, 'install_base': '/home/loong/AGV_sim/src/install/ros_gz_example_application', 'merge_install': False, 'path': '/home/loong/AGV_sim/src/ros_gz_project_template/ros_gz_example_application', 'symlink_install': True, 'test_result_base': None}
[0.242s] Level 5:colcon.colcon_core.verb:set package 'ros_gz_example_description' build argument 'cmake_args' from command line to 'None'
[0.242s] Level 5:colcon.colcon_core.verb:set package 'ros_gz_example_description' build argument 'cmake_target' from command line to 'None'
[0.242s] Level 5:colcon.colcon_core.verb:set package 'ros_gz_example_description' build argument 'cmake_target_skip_unavailable' from command line to 'False'
[0.242s] Level 5:colcon.colcon_core.verb:set package 'ros_gz_example_description' build argument 'cmake_clean_cache' from command line to 'False'
[0.242s] Level 5:colcon.colcon_core.verb:set package 'ros_gz_example_description' build argument 'cmake_clean_first' from command line to 'False'
[0.242s] Level 5:colcon.colcon_core.verb:set package 'ros_gz_example_description' build argument 'cmake_force_configure' from command line to 'False'
[0.242s] Level 5:colcon.colcon_core.verb:set package 'ros_gz_example_description' build argument 'ament_cmake_args' from command line to 'None'
[0.242s] Level 5:colcon.colcon_core.verb:set package 'ros_gz_example_description' build argument 'catkin_cmake_args' from command line to 'None'
[0.242s] Level 5:colcon.colcon_core.verb:set package 'ros_gz_example_description' build argument 'catkin_skip_building_tests' from command line to 'False'
[0.242s] DEBUG:colcon.colcon_core.verb:Building package 'ros_gz_example_description' with the following arguments: {'ament_cmake_args': None, 'build_base': '/home/loong/AGV_sim/src/build/ros_gz_example_description', 'catkin_cmake_args': None, 'catkin_skip_building_tests': False, 'cmake_args': None, 'cmake_clean_cache': False, 'cmake_clean_first': False, 'cmake_force_configure': False, 'cmake_target': None, 'cmake_target_skip_unavailable': False, 'install_base': '/home/loong/AGV_sim/src/install/ros_gz_example_description', 'merge_install': False, 'path': '/home/loong/AGV_sim/src/ros_gz_project_template/ros_gz_example_description', 'symlink_install': True, 'test_result_base': None}
[0.243s] Level 5:colcon.colcon_core.verb:set package 'ros_gz_example_gazebo' build argument 'cmake_args' from command line to 'None'
[0.243s] Level 5:colcon.colcon_core.verb:set package 'ros_gz_example_gazebo' build argument 'cmake_target' from command line to 'None'
[0.243s] Level 5:colcon.colcon_core.verb:set package 'ros_gz_example_gazebo' build argument 'cmake_target_skip_unavailable' from command line to 'False'
[0.243s] Level 5:colcon.colcon_core.verb:set package 'ros_gz_example_gazebo' build argument 'cmake_clean_cache' from command line to 'False'
[0.243s] Level 5:colcon.colcon_core.verb:set package 'ros_gz_example_gazebo' build argument 'cmake_clean_first' from command line to 'False'
[0.243s] Level 5:colcon.colcon_core.verb:set package 'ros_gz_example_gazebo' build argument 'cmake_force_configure' from command line to 'False'
[0.243s] Level 5:colcon.colcon_core.verb:set package 'ros_gz_example_gazebo' build argument 'ament_cmake_args' from command line to 'None'
[0.243s] Level 5:colcon.colcon_core.verb:set package 'ros_gz_example_gazebo' build argument 'catkin_cmake_args' from command line to 'None'
[0.243s] Level 5:colcon.colcon_core.verb:set package 'ros_gz_example_gazebo' build argument 'catkin_skip_building_tests' from command line to 'False'
[0.243s] DEBUG:colcon.colcon_core.verb:Building package 'ros_gz_example_gazebo' with the following arguments: {'ament_cmake_args': None, 'build_base': '/home/loong/AGV_sim/src/build/ros_gz_example_gazebo', 'catkin_cmake_args': None, 'catkin_skip_building_tests': False, 'cmake_args': None, 'cmake_clean_cache': False, 'cmake_clean_first': False, 'cmake_force_configure': False, 'cmake_target': None, 'cmake_target_skip_unavailable': False, 'install_base': '/home/loong/AGV_sim/src/install/ros_gz_example_gazebo', 'merge_install': False, 'path': '/home/loong/AGV_sim/src/ros_gz_project_template/ros_gz_example_gazebo', 'symlink_install': True, 'test_result_base': None}
[0.243s] Level 5:colcon.colcon_core.verb:set package 'ros_gz_example_bringup' build argument 'cmake_args' from command line to 'None'
[0.243s] Level 5:colcon.colcon_core.verb:set package 'ros_gz_example_bringup' build argument 'cmake_target' from command line to 'None'
[0.243s] Level 5:colcon.colcon_core.verb:set package 'ros_gz_example_bringup' build argument 'cmake_target_skip_unavailable' from command line to 'False'
[0.243s] Level 5:colcon.colcon_core.verb:set package 'ros_gz_example_bringup' build argument 'cmake_clean_cache' from command line to 'False'
[0.243s] Level 5:colcon.colcon_core.verb:set package 'ros_gz_example_bringup' build argument 'cmake_clean_first' from command line to 'False'
[0.243s] Level 5:colcon.colcon_core.verb:set package 'ros_gz_example_bringup' build argument 'cmake_force_configure' from command line to 'False'
[0.243s] Level 5:colcon.colcon_core.verb:set package 'ros_gz_example_bringup' build argument 'ament_cmake_args' from command line to 'None'
[0.243s] Level 5:colcon.colcon_core.verb:set package 'ros_gz_example_bringup' build argument 'catkin_cmake_args' from command line to 'None'
[0.243s] Level 5:colcon.colcon_core.verb:set package 'ros_gz_example_bringup' build argument 'catkin_skip_building_tests' from command line to 'False'
[0.243s] DEBUG:colcon.colcon_core.verb:Building package 'ros_gz_example_bringup' with the following arguments: {'ament_cmake_args': None, 'build_base': '/home/loong/AGV_sim/src/build/ros_gz_example_bringup', 'catkin_cmake_args': None, 'catkin_skip_building_tests': False, 'cmake_args': None, 'cmake_clean_cache': False, 'cmake_clean_first': False, 'cmake_force_configure': False, 'cmake_target': None, 'cmake_target_skip_unavailable': False, 'install_base': '/home/loong/AGV_sim/src/install/ros_gz_example_bringup', 'merge_install': False, 'path': '/home/loong/AGV_sim/src/ros_gz_project_template/ros_gz_example_bringup', 'symlink_install': True, 'test_result_base': None}
[0.243s] INFO:colcon.colcon_core.executor:Executing jobs using 'parallel' executor
[0.244s] DEBUG:colcon.colcon_parallel_executor.executor.parallel:run_until_complete
[0.244s] INFO:colcon.colcon_ros.task.ament_cmake.build:Building ROS package in '/home/loong/AGV_sim/src/ros_gz_project_template/ros_gz_example_description' with build type 'ament_cmake'
[0.244s] INFO:colcon.colcon_cmake.task.cmake.build:Building CMake package in '/home/loong/AGV_sim/src/ros_gz_project_template/ros_gz_example_description'
[0.245s] INFO:colcon.colcon_core.plugin_system:Skipping extension 'colcon_core.shell.bat': Not used on non-Windows systems
[0.245s] INFO:colcon.colcon_core.shell:Skip shell extension 'powershell' for command environment: Not usable outside of PowerShell
[0.245s] DEBUG:colcon.colcon_core.shell:Skip shell extension 'dsv' for command environment
[0.247s] INFO:colcon.colcon_cmake.task.cmake.build:Building CMake package in '/home/loong/AGV_sim/src/Gazebo_Harbour_Models/gazebo_models'
[0.247s] INFO:colcon.colcon_core.shell:Skip shell extension 'powershell' for command environment: Not usable outside of PowerShell
[0.247s] DEBUG:colcon.colcon_core.shell:Skip shell extension 'dsv' for command environment
[0.249s] INFO:colcon.colcon_ros.task.ament_cmake.build:Building ROS package in '/home/loong/AGV_sim/src/harbour_assets_description' with build type 'ament_cmake'
[0.249s] INFO:colcon.colcon_cmake.task.cmake.build:Building CMake package in '/home/loong/AGV_sim/src/harbour_assets_description'
[0.249s] INFO:colcon.colcon_core.shell:Skip shell extension 'powershell' for command environment: Not usable outside of PowerShell
[0.249s] DEBUG:colcon.colcon_core.shell:Skip shell extension 'dsv' for command environment
[0.251s] INFO:colcon.colcon_ros.task.ament_cmake.build:Building ROS package in '/home/loong/AGV_sim/src/ros_gz_project_template/ros_gz_example_application' with build type 'ament_cmake'
[0.251s] INFO:colcon.colcon_cmake.task.cmake.build:Building CMake package in '/home/loong/AGV_sim/src/ros_gz_project_template/ros_gz_example_application'
[0.251s] INFO:colcon.colcon_core.shell:Skip shell extension 'powershell' for command environment: Not usable outside of PowerShell
[0.251s] DEBUG:colcon.colcon_core.shell:Skip shell extension 'dsv' for command environment
[0.255s] DEBUG:colcon.colcon_core.event_handler.log_command:Invoking command in '/home/loong/AGV_sim/src/build/ros_gz_example_description': CMAKE_PREFIX_PATH=${CMAKE_PREFIX_PATH}:/opt/ros/humble /usr/bin/cmake /home/loong/AGV_sim/src/ros_gz_project_template/ros_gz_example_description -DAMENT_CMAKE_SYMLINK_INSTALL=1 -DCMAKE_INSTALL_PREFIX=/home/loong/AGV_sim/src/install/ros_gz_example_description
[0.255s] DEBUG:colcon.colcon_core.event_handler.log_command:Invoking command in '/home/loong/AGV_sim/src/build/gazebo_models': /usr/bin/cmake /home/loong/AGV_sim/src/Gazebo_Harbour_Models/gazebo_models -DCMAKE_INSTALL_PREFIX=/home/loong/AGV_sim/src/install/gazebo_models
[0.257s] DEBUG:colcon.colcon_core.event_handler.log_command:Invoking command in '/home/loong/AGV_sim/src/build/harbour_assets_description': CMAKE_PREFIX_PATH=${CMAKE_PREFIX_PATH}:/opt/ros/humble /usr/bin/cmake /home/loong/AGV_sim/src/harbour_assets_description -DAMENT_CMAKE_SYMLINK_INSTALL=1 -DCMAKE_INSTALL_PREFIX=/home/loong/AGV_sim/src/install/harbour_assets_description
[0.258s] DEBUG:colcon.colcon_core.event_handler.log_command:Invoking command in '/home/loong/AGV_sim/src/build/ros_gz_example_application': CMAKE_PREFIX_PATH=${CMAKE_PREFIX_PATH}:/opt/ros/humble /usr/bin/cmake /home/loong/AGV_sim/src/ros_gz_project_template/ros_gz_example_application -DAMENT_CMAKE_SYMLINK_INSTALL=1 -DCMAKE_INSTALL_PREFIX=/home/loong/AGV_sim/src/install/ros_gz_example_application
[0.507s] DEBUG:colcon.colcon_core.event_handler.log_command:Invoked command in '/home/loong/AGV_sim/src/build/gazebo_models' returned '0': /usr/bin/cmake /home/loong/AGV_sim/src/Gazebo_Harbour_Models/gazebo_models -DCMAKE_INSTALL_PREFIX=/home/loong/AGV_sim/src/install/gazebo_models
[0.507s] DEBUG:colcon.colcon_core.event_handler.log_command:Invoking command in '/home/loong/AGV_sim/src/build/gazebo_models': /usr/bin/cmake --build /home/loong/AGV_sim/src/build/gazebo_models -- -j32 -l32
[0.550s] DEBUG:colcon.colcon_core.event_handler.log_command:Invoked command in '/home/loong/AGV_sim/src/build/gazebo_models' returned '2': /usr/bin/cmake --build /home/loong/AGV_sim/src/build/gazebo_models -- -j32 -l32
[0.654s] DEBUG:colcon.colcon_parallel_executor.executor.parallel:closing loop
[0.654s] DEBUG:colcon.colcon_parallel_executor.executor.parallel:loop closed
[0.654s] DEBUG:colcon.colcon_parallel_executor.executor.parallel:run_until_complete finished with '2'
[0.654s] DEBUG:colcon.colcon_core.event_reactor:joining thread
[0.661s] INFO:colcon.colcon_core.plugin_system:Skipping extension 'colcon_notification.desktop_notification.terminal_notifier': Not used on non-Darwin systems
[0.661s] INFO:colcon.colcon_core.plugin_system:Skipping extension 'colcon_notification.desktop_notification.win32': Not used on non-Windows systems
[0.661s] INFO:colcon.colcon_notification.desktop_notification:Sending desktop notification using 'notify2'
[0.674s] DEBUG:colcon.colcon_core.event_reactor:joined thread
[0.675s] INFO:colcon.colcon_core.shell:Creating prefix script '/home/loong/AGV_sim/src/install/local_setup.ps1'
[0.675s] INFO:colcon.colcon_core.shell:Creating prefix util module '/home/loong/AGV_sim/src/install/_local_setup_util_ps1.py'
[0.676s] INFO:colcon.colcon_core.shell:Creating prefix chain script '/home/loong/AGV_sim/src/install/setup.ps1'
[0.677s] INFO:colcon.colcon_core.shell:Creating prefix script '/home/loong/AGV_sim/src/install/local_setup.sh'
[0.677s] INFO:colcon.colcon_core.shell:Creating prefix util module '/home/loong/AGV_sim/src/install/_local_setup_util_sh.py'
[0.678s] INFO:colcon.colcon_core.shell:Creating prefix chain script '/home/loong/AGV_sim/src/install/setup.sh'
[0.679s] INFO:colcon.colcon_core.shell:Creating prefix script '/home/loong/AGV_sim/src/install/local_setup.bash'
[0.679s] INFO:colcon.colcon_core.shell:Creating prefix chain script '/home/loong/AGV_sim/src/install/setup.bash'
[0.680s] INFO:colcon.colcon_core.shell:Creating prefix script '/home/loong/AGV_sim/src/install/local_setup.zsh'
[0.680s] INFO:colcon.colcon_core.shell:Creating prefix chain script '/home/loong/AGV_sim/src/install/setup.zsh'
