[0.017s] Invoking command in '/home/loong/AGV_sim/src/build/ros_gz_example_gazebo': AMENT_PREFIX_PATH=/home/loong/AGV_sim/src/install/ros_gz_example_description:${AMENT_PREFIX_PATH} CMAKE_PREFIX_PATH=/home/loong/AGV_sim/src/install/ros_gz_example_description:/home/loong/install/ros_gz_example_bringup:/home/loong/install/ros_gz_example_gazebo:/home/loong/install/ros_gz_example_description:/home/loong/install/ros_gz_example_application:/home/loong/install/harbour_assets_description:/home/loong/AGV_sim/install/ros_gz_example_bringup:/home/loong/AGV_sim/install/ros_gz_example_gazebo:/home/loong/AGV_sim/install/ros_gz_example_description:/home/loong/AGV_sim/install/ros_gz_example_application:/opt/ros/humble GZ_SIM_RESOURCE_PATH=/home/loong/AGV_sim/src/install/ros_gz_example_description/share/ros_gz_example_description/models:${GZ_SIM_RESOURCE_PATH} /usr/bin/cmake --build /home/loong/AGV_sim/src/build/ros_gz_example_gazebo -- -j32 -l32
[0.055s] [35m[1mConsolidate compiler generated dependencies of target BasicSystem[0m
[0.056s] [35m[1mConsolidate compiler generated dependencies of target FullSystem[0m
[0.065s] [ 50%] Built target FullSystem
[0.067s] [100%] Built target BasicSystem
[0.073s] Invoked command in '/home/loong/AGV_sim/src/build/ros_gz_example_gazebo' returned '0': AMENT_PREFIX_PATH=/home/loong/AGV_sim/src/install/ros_gz_example_description:${AMENT_PREFIX_PATH} CMAKE_PREFIX_PATH=/home/loong/AGV_sim/src/install/ros_gz_example_description:/home/loong/install/ros_gz_example_bringup:/home/loong/install/ros_gz_example_gazebo:/home/loong/install/ros_gz_example_description:/home/loong/install/ros_gz_example_application:/home/loong/install/harbour_assets_description:/home/loong/AGV_sim/install/ros_gz_example_bringup:/home/loong/AGV_sim/install/ros_gz_example_gazebo:/home/loong/AGV_sim/install/ros_gz_example_description:/home/loong/AGV_sim/install/ros_gz_example_application:/opt/ros/humble GZ_SIM_RESOURCE_PATH=/home/loong/AGV_sim/src/install/ros_gz_example_description/share/ros_gz_example_description/models:${GZ_SIM_RESOURCE_PATH} /usr/bin/cmake --build /home/loong/AGV_sim/src/build/ros_gz_example_gazebo -- -j32 -l32
[0.074s] Invoking command in '/home/loong/AGV_sim/src/build/ros_gz_example_gazebo': AMENT_PREFIX_PATH=/home/loong/AGV_sim/src/install/ros_gz_example_description:${AMENT_PREFIX_PATH} CMAKE_PREFIX_PATH=/home/loong/AGV_sim/src/install/ros_gz_example_description:/home/loong/install/ros_gz_example_bringup:/home/loong/install/ros_gz_example_gazebo:/home/loong/install/ros_gz_example_description:/home/loong/install/ros_gz_example_application:/home/loong/install/harbour_assets_description:/home/loong/AGV_sim/install/ros_gz_example_bringup:/home/loong/AGV_sim/install/ros_gz_example_gazebo:/home/loong/AGV_sim/install/ros_gz_example_description:/home/loong/AGV_sim/install/ros_gz_example_application:/opt/ros/humble GZ_SIM_RESOURCE_PATH=/home/loong/AGV_sim/src/install/ros_gz_example_description/share/ros_gz_example_description/models:${GZ_SIM_RESOURCE_PATH} /usr/bin/cmake --install /home/loong/AGV_sim/src/build/ros_gz_example_gazebo
[0.079s] -- Install configuration: ""
[0.079s] -- Execute custom install script
[0.079s] -- Up-to-date symlink: /home/loong/AGV_sim/src/install/ros_gz_example_gazebo/lib/ros_gz_example_gazebo/libBasicSystem.so
[0.079s] -- Up-to-date symlink: /home/loong/AGV_sim/src/install/ros_gz_example_gazebo/lib/ros_gz_example_gazebo/libFullSystem.so
[0.079s] -- Up-to-date symlink: /home/loong/AGV_sim/src/install/ros_gz_example_gazebo/share/ros_gz_example_gazebo/worlds/diff_drive.sdf
[0.079s] -- Up-to-date symlink: /home/loong/AGV_sim/src/install/ros_gz_example_gazebo/share/ros_gz_example_gazebo/worlds/harbour_diff_drive.sdf
[0.079s] -- Up-to-date symlink: /home/loong/AGV_sim/src/install/ros_gz_example_gazebo/share/ros_gz_example_gazebo/environment/ros_gz_example_gazebo.dsv
[0.079s] -- Up-to-date symlink: /home/loong/AGV_sim/src/install/ros_gz_example_gazebo/share/ros_gz_example_gazebo/environment/ros_gz_example_gazebo.sh
[0.080s] -- Up-to-date symlink: /home/loong/AGV_sim/src/install/ros_gz_example_gazebo/share/ament_index/resource_index/package_run_dependencies/ros_gz_example_gazebo
[0.080s] -- Up-to-date symlink: /home/loong/AGV_sim/src/install/ros_gz_example_gazebo/share/ament_index/resource_index/parent_prefix_path/ros_gz_example_gazebo
[0.080s] -- Up-to-date symlink: /home/loong/AGV_sim/src/install/ros_gz_example_gazebo/share/ros_gz_example_gazebo/environment/ament_prefix_path.sh
[0.080s] -- Up-to-date symlink: /home/loong/AGV_sim/src/install/ros_gz_example_gazebo/share/ros_gz_example_gazebo/environment/ament_prefix_path.dsv
[0.080s] -- Up-to-date symlink: /home/loong/AGV_sim/src/install/ros_gz_example_gazebo/share/ros_gz_example_gazebo/environment/path.sh
[0.080s] -- Up-to-date symlink: /home/loong/AGV_sim/src/install/ros_gz_example_gazebo/share/ros_gz_example_gazebo/environment/path.dsv
[0.080s] -- Up-to-date symlink: /home/loong/AGV_sim/src/install/ros_gz_example_gazebo/share/ros_gz_example_gazebo/local_setup.bash
[0.080s] -- Up-to-date symlink: /home/loong/AGV_sim/src/install/ros_gz_example_gazebo/share/ros_gz_example_gazebo/local_setup.sh
[0.080s] -- Up-to-date symlink: /home/loong/AGV_sim/src/install/ros_gz_example_gazebo/share/ros_gz_example_gazebo/local_setup.zsh
[0.081s] -- Up-to-date symlink: /home/loong/AGV_sim/src/install/ros_gz_example_gazebo/share/ros_gz_example_gazebo/local_setup.dsv
[0.081s] -- Symlinking: /home/loong/AGV_sim/src/install/ros_gz_example_gazebo/share/ros_gz_example_gazebo/package.dsv
[0.086s] -- Up-to-date symlink: /home/loong/AGV_sim/src/install/ros_gz_example_gazebo/share/ament_index/resource_index/packages/ros_gz_example_gazebo
[0.086s] -- Up-to-date symlink: /home/loong/AGV_sim/src/install/ros_gz_example_gazebo/share/ros_gz_example_gazebo/cmake/ros_gz_example_gazeboConfig.cmake
[0.086s] -- Up-to-date symlink: /home/loong/AGV_sim/src/install/ros_gz_example_gazebo/share/ros_gz_example_gazebo/cmake/ros_gz_example_gazeboConfig-version.cmake
[0.086s] -- Up-to-date symlink: /home/loong/AGV_sim/src/install/ros_gz_example_gazebo/share/ros_gz_example_gazebo/package.xml
[0.087s] Invoked command in '/home/loong/AGV_sim/src/build/ros_gz_example_gazebo' returned '0': AMENT_PREFIX_PATH=/home/loong/AGV_sim/src/install/ros_gz_example_description:${AMENT_PREFIX_PATH} CMAKE_PREFIX_PATH=/home/loong/AGV_sim/src/install/ros_gz_example_description:/home/loong/install/ros_gz_example_bringup:/home/loong/install/ros_gz_example_gazebo:/home/loong/install/ros_gz_example_description:/home/loong/install/ros_gz_example_application:/home/loong/install/harbour_assets_description:/home/loong/AGV_sim/install/ros_gz_example_bringup:/home/loong/AGV_sim/install/ros_gz_example_gazebo:/home/loong/AGV_sim/install/ros_gz_example_description:/home/loong/AGV_sim/install/ros_gz_example_application:/opt/ros/humble GZ_SIM_RESOURCE_PATH=/home/loong/AGV_sim/src/install/ros_gz_example_description/share/ros_gz_example_description/models:${GZ_SIM_RESOURCE_PATH} /usr/bin/cmake --install /home/loong/AGV_sim/src/build/ros_gz_example_gazebo
